[ 2016-09-05T20:55:35+08:00 ] ::1 /YunPan/index.php/Teacher/Login/check
INFO: [ app_begin ] --START--
INFO: Run Behavior\ReadHtmlCacheBehavior [ RunTime:0.000547s ]
INFO: [ app_begin ] --END-- [ RunTime:0.001006s ]
SQL: SHOW COLUMNS FROM `pan_user` [ RunTime:0.0056s ]
ERR: 1054:Unknown column 'level' in 'where clause'
 [ SQL语句 ] : SELECT * FROM `pan_user` WHERE ( username = 'teacher' AND password = 'e10adc3949ba59abbe56e057f20f883e' AND level = 2 ) LIMIT 1  
ERR: 1054:Unknown column 'level' in 'where clause'
 [ SQL语句 ] : SELECT * FROM `pan_user` WHERE ( username = 'teacher' AND password = 'e10adc3949ba59abbe56e057f20f883e' AND level = 2 ) LIMIT 1  

[ 2016-09-05T20:55:40+08:00 ] ::1 /YunPan/index.php/Teacher/Login/check
INFO: [ app_begin ] --START--
INFO: Run Behavior\ReadHtmlCacheBehavior [ RunTime:0.000881s ]
INFO: [ app_begin ] --END-- [ RunTime:0.001416s ]
SQL: SHOW COLUMNS FROM `pan_user` [ RunTime:0.0025s ]
ERR: 1054:Unknown column 'level' in 'where clause'
 [ SQL语句 ] : SELECT * FROM `pan_user` WHERE ( username = 'teacher' AND password = 'e10adc3949ba59abbe56e057f20f883e' AND level = 2 ) LIMIT 1  
ERR: 1054:Unknown column 'level' in 'where clause'
 [ SQL语句 ] : SELECT * FROM `pan_user` WHERE ( username = 'teacher' AND password = 'e10adc3949ba59abbe56e057f20f883e' AND level = 2 ) LIMIT 1  

[ 2016-09-05T20:57:20+08:00 ] ::1 /YunPan/index.php/Teacher/Login/check
INFO: [ app_begin ] --START--
INFO: Run Behavior\ReadHtmlCacheBehavior [ RunTime:0.000409s ]
INFO: [ app_begin ] --END-- [ RunTime:0.000812s ]
SQL: SHOW COLUMNS FROM `pan_user` [ RunTime:0.0024s ]
ERR: 1054:Unknown column 'level' in 'where clause'
 [ SQL语句 ] : SELECT * FROM `pan_user` WHERE ( username = 'admin' AND password = 'e10adc3949ba59abbe56e057f20f883e' AND level = 2 ) LIMIT 1  
ERR: 1054:Unknown column 'level' in 'where clause'
 [ SQL语句 ] : SELECT * FROM `pan_user` WHERE ( username = 'admin' AND password = 'e10adc3949ba59abbe56e057f20f883e' AND level = 2 ) LIMIT 1  

[ 2016-09-05T20:57:28+08:00 ] ::1 /YunPan/index.php/Teacher/Login/check
INFO: [ app_begin ] --START--
INFO: Run Behavior\ReadHtmlCacheBehavior [ RunTime:0.000671s ]
INFO: [ app_begin ] --END-- [ RunTime:0.001308s ]
SQL: SHOW COLUMNS FROM `pan_user` [ RunTime:0.0025s ]
ERR: 1054:Unknown column 'level' in 'where clause'
 [ SQL语句 ] : SELECT * FROM `pan_user` WHERE ( username = 'teacher' AND password = 'e10adc3949ba59abbe56e057f20f883e' AND level = 2 ) LIMIT 1  
ERR: 1054:Unknown column 'level' in 'where clause'
 [ SQL语句 ] : SELECT * FROM `pan_user` WHERE ( username = 'teacher' AND password = 'e10adc3949ba59abbe56e057f20f883e' AND level = 2 ) LIMIT 1  

[ 2016-09-05T20:58:03+08:00 ] ::1 /YunPan/index.php/Teacher/Login/check
INFO: [ app_begin ] --START--
INFO: Run Behavior\ReadHtmlCacheBehavior [ RunTime:0.000773s ]
INFO: [ app_begin ] --END-- [ RunTime:0.001305s ]
SQL: SHOW COLUMNS FROM `pan_user` [ RunTime:0.0034s ]
ERR: 1054:Unknown column 'level' in 'where clause'
 [ SQL语句 ] : SELECT * FROM `pan_user` WHERE ( username = 'admin' AND password = 'e10adc3949ba59abbe56e057f20f883e' AND level = 2 ) LIMIT 1  
ERR: 1054:Unknown column 'level' in 'where clause'
 [ SQL语句 ] : SELECT * FROM `pan_user` WHERE ( username = 'admin' AND password = 'e10adc3949ba59abbe56e057f20f883e' AND level = 2 ) LIMIT 1  

[ 2016-09-05T20:58:05+08:00 ] ::1 /YunPan/index.php/Teacher/Login/check
INFO: [ app_begin ] --START--
INFO: Run Behavior\ReadHtmlCacheBehavior [ RunTime:0.000500s ]
INFO: [ app_begin ] --END-- [ RunTime:0.000819s ]
SQL: SHOW COLUMNS FROM `pan_user` [ RunTime:0.0223s ]
ERR: 1054:Unknown column 'level' in 'where clause'
 [ SQL语句 ] : SELECT * FROM `pan_user` WHERE ( username = 'admin' AND password = 'e10adc3949ba59abbe56e057f20f883e' AND level = 2 ) LIMIT 1  
ERR: 1054:Unknown column 'level' in 'where clause'
 [ SQL语句 ] : SELECT * FROM `pan_user` WHERE ( username = 'admin' AND password = 'e10adc3949ba59abbe56e057f20f883e' AND level = 2 ) LIMIT 1  

[ 2016-09-05T20:58:13+08:00 ] ::1 /YunPan/index.php/Teacher/Login/check
INFO: [ app_begin ] --START--
INFO: Run Behavior\ReadHtmlCacheBehavior [ RunTime:0.000402s ]
INFO: [ app_begin ] --END-- [ RunTime:0.000746s ]
SQL: SHOW COLUMNS FROM `pan_user` [ RunTime:0.0024s ]
ERR: 1054:Unknown column 'level' in 'where clause'
 [ SQL语句 ] : SELECT * FROM `pan_user` WHERE ( username = 'admin' AND password = 'e10adc3949ba59abbe56e057f20f883e' AND level = 2 ) LIMIT 1  
ERR: 1054:Unknown column 'level' in 'where clause'
 [ SQL语句 ] : SELECT * FROM `pan_user` WHERE ( username = 'admin' AND password = 'e10adc3949ba59abbe56e057f20f883e' AND level = 2 ) LIMIT 1  

[ 2016-09-05T20:58:14+08:00 ] ::1 /YunPan/index.php/Teacher/Login/check
INFO: [ app_begin ] --START--
INFO: Run Behavior\ReadHtmlCacheBehavior [ RunTime:0.000434s ]
INFO: [ app_begin ] --END-- [ RunTime:0.000779s ]
SQL: SHOW COLUMNS FROM `pan_user` [ RunTime:0.0009s ]
ERR: 1054:Unknown column 'level' in 'where clause'
 [ SQL语句 ] : SELECT * FROM `pan_user` WHERE ( username = 'admin' AND password = 'e10adc3949ba59abbe56e057f20f883e' AND level = 2 ) LIMIT 1  
ERR: 1054:Unknown column 'level' in 'where clause'
 [ SQL语句 ] : SELECT * FROM `pan_user` WHERE ( username = 'admin' AND password = 'e10adc3949ba59abbe56e057f20f883e' AND level = 2 ) LIMIT 1  

[ 2016-09-05T20:58:15+08:00 ] ::1 /YunPan/index.php/Teacher/Login/check
INFO: [ app_begin ] --START--
INFO: Run Behavior\ReadHtmlCacheBehavior [ RunTime:0.000453s ]
INFO: [ app_begin ] --END-- [ RunTime:0.000772s ]
SQL: SHOW COLUMNS FROM `pan_user` [ RunTime:0.0028s ]
ERR: 1054:Unknown column 'level' in 'where clause'
 [ SQL语句 ] : SELECT * FROM `pan_user` WHERE ( username = 'admin' AND password = 'e10adc3949ba59abbe56e057f20f883e' AND level = 2 ) LIMIT 1  
ERR: 1054:Unknown column 'level' in 'where clause'
 [ SQL语句 ] : SELECT * FROM `pan_user` WHERE ( username = 'admin' AND password = 'e10adc3949ba59abbe56e057f20f883e' AND level = 2 ) LIMIT 1  

[ 2016-09-05T20:58:15+08:00 ] ::1 /YunPan/index.php/Teacher/Login/check
INFO: [ app_begin ] --START--
INFO: Run Behavior\ReadHtmlCacheBehavior [ RunTime:0.000434s ]
INFO: [ app_begin ] --END-- [ RunTime:0.000747s ]
SQL: SHOW COLUMNS FROM `pan_user` [ RunTime:0.0017s ]
ERR: 1054:Unknown column 'level' in 'where clause'
 [ SQL语句 ] : SELECT * FROM `pan_user` WHERE ( username = 'admin' AND password = 'e10adc3949ba59abbe56e057f20f883e' AND level = 2 ) LIMIT 1  
ERR: 1054:Unknown column 'level' in 'where clause'
 [ SQL语句 ] : SELECT * FROM `pan_user` WHERE ( username = 'admin' AND password = 'e10adc3949ba59abbe56e057f20f883e' AND level = 2 ) LIMIT 1  

[ 2016-09-05T20:58:15+08:00 ] ::1 /YunPan/index.php/Teacher/Login/check
INFO: [ app_begin ] --START--
INFO: Run Behavior\ReadHtmlCacheBehavior [ RunTime:0.000703s ]
INFO: [ app_begin ] --END-- [ RunTime:0.001065s ]
SQL: SHOW COLUMNS FROM `pan_user` [ RunTime:0.0008s ]
ERR: 1054:Unknown column 'level' in 'where clause'
 [ SQL语句 ] : SELECT * FROM `pan_user` WHERE ( username = 'admin' AND password = 'e10adc3949ba59abbe56e057f20f883e' AND level = 2 ) LIMIT 1  
ERR: 1054:Unknown column 'level' in 'where clause'
 [ SQL语句 ] : SELECT * FROM `pan_user` WHERE ( username = 'admin' AND password = 'e10adc3949ba59abbe56e057f20f883e' AND level = 2 ) LIMIT 1  

[ 2016-09-05T20:58:15+08:00 ] ::1 /YunPan/index.php/Teacher/Login/check
INFO: [ app_begin ] --START--
INFO: Run Behavior\ReadHtmlCacheBehavior [ RunTime:0.000620s ]
INFO: [ app_begin ] --END-- [ RunTime:0.001094s ]
SQL: SHOW COLUMNS FROM `pan_user` [ RunTime:0.0027s ]
ERR: 1054:Unknown column 'level' in 'where clause'
 [ SQL语句 ] : SELECT * FROM `pan_user` WHERE ( username = 'admin' AND password = 'e10adc3949ba59abbe56e057f20f883e' AND level = 2 ) LIMIT 1  
ERR: 1054:Unknown column 'level' in 'where clause'
 [ SQL语句 ] : SELECT * FROM `pan_user` WHERE ( username = 'admin' AND password = 'e10adc3949ba59abbe56e057f20f883e' AND level = 2 ) LIMIT 1  

[ 2016-09-05T20:58:20+08:00 ] ::1 /YunPan/index.php/Teacher/Login/check
INFO: [ app_begin ] --START--
INFO: Run Behavior\ReadHtmlCacheBehavior [ RunTime:0.000408s ]
INFO: [ app_begin ] --END-- [ RunTime:0.000729s ]
SQL: SHOW COLUMNS FROM `pan_user` [ RunTime:0.0020s ]
ERR: 1054:Unknown column 'level' in 'where clause'
 [ SQL语句 ] : SELECT * FROM `pan_user` WHERE ( username = 'teacher' AND password = 'e10adc3949ba59abbe56e057f20f883e' AND level = 2 ) LIMIT 1  
ERR: 1054:Unknown column 'level' in 'where clause'
 [ SQL语句 ] : SELECT * FROM `pan_user` WHERE ( username = 'teacher' AND password = 'e10adc3949ba59abbe56e057f20f883e' AND level = 2 ) LIMIT 1  

[ 2016-09-05T20:58:46+08:00 ] ::1 /YunPan/index.php/Teacher/Login/check
INFO: [ app_begin ] --START--
INFO: Run Behavior\ReadHtmlCacheBehavior [ RunTime:0.000522s ]
INFO: [ app_begin ] --END-- [ RunTime:0.001145s ]
SQL: SHOW COLUMNS FROM `pan_user` [ RunTime:0.0042s ]
ERR: 1054:Unknown column 'level' in 'where clause'
 [ SQL语句 ] : SELECT * FROM `pan_user` WHERE ( username = 'admin' AND password = 'e10adc3949ba59abbe56e057f20f883e' AND level = '2' ) LIMIT 1  
ERR: 1054:Unknown column 'level' in 'where clause'
 [ SQL语句 ] : SELECT * FROM `pan_user` WHERE ( username = 'admin' AND password = 'e10adc3949ba59abbe56e057f20f883e' AND level = '2' ) LIMIT 1  

[ 2016-09-05T21:00:10+08:00 ] ::1 /YunPan/index.php/Teacher/Login/check
INFO: [ app_begin ] --START--
INFO: Run Behavior\ReadHtmlCacheBehavior [ RunTime:0.000986s ]
INFO: [ app_begin ] --END-- [ RunTime:0.001578s ]
SQL: SHOW COLUMNS FROM `pan_user` [ RunTime:0.0008s ]
ERR: 1054:Unknown column 'level' in 'where clause'
 [ SQL语句 ] : SELECT * FROM `pan_user` WHERE ( username = 'admin' AND password = 'e10adc3949ba59abbe56e057f20f883e' AND level = '2' ) LIMIT 1  
ERR: 1054:Unknown column 'level' in 'where clause'
 [ SQL语句 ] : SELECT * FROM `pan_user` WHERE ( username = 'admin' AND password = 'e10adc3949ba59abbe56e057f20f883e' AND level = '2' ) LIMIT 1  

[ 2016-09-05T21:01:30+08:00 ] ::1 /YunPan/index.php/Teacher/Login/check
ERR: 1054:Unknown column 'level' in 'where clause'
 [ SQL语句 ] : SELECT * FROM `pan_user` WHERE ( username = '' AND password = 'd41d8cd98f00b204e9800998ecf8427e' AND level = '2' ) LIMIT 1  

[ 2016-09-05T21:02:24+08:00 ] ::1 /YunPan/index.php/Teacher/Login/check
INFO: [ app_begin ] --START--
INFO: Run Behavior\ReadHtmlCacheBehavior [ RunTime:0.000718s ]
INFO: [ app_begin ] --END-- [ RunTime:0.001280s ]
SQL: SHOW COLUMNS FROM `pan_user` [ RunTime:0.0008s ]
SQL: SELECT * FROM `pan_user` WHERE ( username = 'teacher' AND password = 'e10adc3949ba59abbe56e057f20f883e' AND levels = '2' ) LIMIT 1   [ RunTime:0.0005s ]
INFO: [ app_end ] --START--
INFO: Run Behavior\ShowPageTraceBehavior [ RunTime:0.000948s ]
INFO: [ app_end ] --END-- [ RunTime:0.001004s ]

[ 2016-09-05T21:02:36+08:00 ] ::1 /YunPan/index.php/Teacher/Login/check
INFO: [ app_begin ] --START--
INFO: Run Behavior\ReadHtmlCacheBehavior [ RunTime:0.000686s ]
INFO: [ app_begin ] --END-- [ RunTime:0.001260s ]
SQL: SHOW COLUMNS FROM `pan_user` [ RunTime:0.0008s ]
SQL: SELECT * FROM `pan_user` WHERE ( username = 'teacher' AND password = 'e10adc3949ba59abbe56e057f20f883e' AND levels = '2' ) LIMIT 1   [ RunTime:0.0003s ]
INFO: [ app_end ] --START--
INFO: Run Behavior\ShowPageTraceBehavior [ RunTime:0.000565s ]
INFO: [ app_end ] --END-- [ RunTime:0.000614s ]

[ 2016-09-05T21:03:33+08:00 ] ::1 /YunPan/index.php/Teacher/Login/check
INFO: [ app_begin ] --START--
INFO: Run Behavior\ReadHtmlCacheBehavior [ RunTime:0.000803s ]
INFO: [ app_begin ] --END-- [ RunTime:0.001530s ]
SQL: SHOW COLUMNS FROM `pan_user` [ RunTime:0.0716s ]
SQL: SELECT * FROM `pan_user` WHERE ( username = 'teacher' AND password = 'e10adc3949ba59abbe56e057f20f883e' AND levels = '2' ) LIMIT 1   [ RunTime:0.0006s ]
INFO: [ app_end ] --START--
INFO: Run Behavior\ShowPageTraceBehavior [ RunTime:0.000594s ]
INFO: [ app_end ] --END-- [ RunTime:0.000634s ]

[ 2016-09-05T21:03:41+08:00 ] ::1 /YunPan/index.php/Teacher/Login/check
INFO: [ app_begin ] --START--
INFO: Run Behavior\ReadHtmlCacheBehavior [ RunTime:0.000404s ]
INFO: [ app_begin ] --END-- [ RunTime:0.000774s ]
SQL: SHOW COLUMNS FROM `pan_user` [ RunTime:0.0009s ]
SQL: SELECT * FROM `pan_user` WHERE ( username = 'teacher' AND password = 'e10adc3949ba59abbe56e057f20f883e' AND levels = '2' ) LIMIT 1   [ RunTime:0.0004s ]
INFO: [ app_end ] --START--
INFO: Run Behavior\ShowPageTraceBehavior [ RunTime:0.000593s ]
INFO: [ app_end ] --END-- [ RunTime:0.000633s ]

[ 2016-09-05T21:09:16+08:00 ] ::1 /YunPan/index.php/Teacher/Login/check
INFO: [ app_begin ] --START--
INFO: Run Behavior\ReadHtmlCacheBehavior [ RunTime:0.000760s ]
INFO: [ app_begin ] --END-- [ RunTime:0.001319s ]
SQL: SHOW COLUMNS FROM `pan_user` [ RunTime:0.0009s ]
SQL: SELECT * FROM `pan_user` WHERE ( username = 'teacher' AND password = 'e10adc3949ba59abbe56e057f20f883e' AND levels = '2' ) LIMIT 1   [ RunTime:0.0004s ]
INFO: [ app_end ] --START--
INFO: Run Behavior\ShowPageTraceBehavior [ RunTime:0.001018s ]
INFO: [ app_end ] --END-- [ RunTime:0.001077s ]

[ 2016-09-05T21:09:28+08:00 ] ::1 /YunPan/index.php/Teacher/Login/check
INFO: [ app_begin ] --START--
INFO: Run Behavior\ReadHtmlCacheBehavior [ RunTime:0.000592s ]
INFO: [ app_begin ] --END-- [ RunTime:0.001056s ]
SQL: SHOW COLUMNS FROM `pan_user` [ RunTime:0.0010s ]
SQL: SELECT * FROM `pan_user` WHERE ( username = 'admin' AND password = 'e10adc3949ba59abbe56e057f20f883e' AND levels = '2' ) LIMIT 1   [ RunTime:0.0005s ]
INFO: [ app_end ] --START--
INFO: Run Behavior\ShowPageTraceBehavior [ RunTime:0.000561s ]
INFO: [ app_end ] --END-- [ RunTime:0.000601s ]

[ 2016-09-05T21:09:32+08:00 ] ::1 /YunPan/index.php/Teacher/Login/check
INFO: [ app_begin ] --START--
INFO: Run Behavior\ReadHtmlCacheBehavior [ RunTime:0.000634s ]
INFO: [ app_begin ] --END-- [ RunTime:0.001077s ]
SQL: SHOW COLUMNS FROM `pan_user` [ RunTime:0.0009s ]
SQL: SELECT * FROM `pan_user` WHERE ( username = 'teacher' AND password = 'e10adc3949ba59abbe56e057f20f883e' AND levels = '2' ) LIMIT 1   [ RunTime:0.0006s ]
INFO: [ app_end ] --START--
INFO: Run Behavior\ShowPageTraceBehavior [ RunTime:0.000820s ]
INFO: [ app_end ] --END-- [ RunTime:0.000879s ]

[ 2016-09-05T21:21:13+08:00 ] ::1 /YunPan/index.php/Teacher/yun
INFO: [ app_begin ] --START--
INFO: Run Behavior\ReadHtmlCacheBehavior [ RunTime:0.000611s ]
INFO: [ app_begin ] --END-- [ RunTime:0.001015s ]
SQL: SHOW COLUMNS FROM `pan_file_folder` [ RunTime:0.0022s ]
SQL: SELECT * FROM `pan_file_folder` WHERE ( user_id = 2 AND parent_id = 0 )  [ RunTime:0.0005s ]
SQL: SHOW COLUMNS FROM `pan_file` [ RunTime:0.0028s ]
SQL: SELECT * FROM `pan_file` WHERE ( user_id = 2 AND folder_id = 0 )  [ RunTime:0.0176s ]
SQL: SELECT * FROM `pan_file_folder` WHERE ( user_id = 2 AND id = 0 ) LIMIT 1   [ RunTime:0.0154s ]
INFO: [ view_parse ] --START--
INFO: [ template_filter ] --START--
INFO: Run Behavior\ContentReplaceBehavior [ RunTime:0.000060s ]
INFO: [ template_filter ] --END-- [ RunTime:0.000145s ]
INFO: Run Behavior\ParseTemplateBehavior [ RunTime:0.029904s ]
INFO: [ view_parse ] --END-- [ RunTime:0.029970s ]
INFO: [ view_filter ] --START--
INFO: Run Behavior\WriteHtmlCacheBehavior [ RunTime:0.000386s ]
INFO: [ view_filter ] --END-- [ RunTime:0.000417s ]
INFO: [ app_end ] --START--
INFO: Run Behavior\ShowPageTraceBehavior [ RunTime:0.000623s ]
INFO: [ app_end ] --END-- [ RunTime:0.000662s ]

[ 2016-09-05T21:21:14+08:00 ] ::1 /YunPan/index.php/Teacher/yun
INFO: [ app_begin ] --START--
INFO: Run Behavior\ReadHtmlCacheBehavior [ RunTime:0.000584s ]
INFO: [ app_begin ] --END-- [ RunTime:0.001077s ]
SQL: SHOW COLUMNS FROM `pan_file_folder` [ RunTime:0.0790s ]
SQL: SELECT * FROM `pan_file_folder` WHERE ( user_id = 2 AND parent_id = 0 )  [ RunTime:0.0009s ]
SQL: SHOW COLUMNS FROM `pan_file` [ RunTime:0.0030s ]
SQL: SELECT * FROM `pan_file` WHERE ( user_id = 2 AND folder_id = 0 )  [ RunTime:0.0005s ]
SQL: SELECT * FROM `pan_file_folder` WHERE ( user_id = 2 AND id = 0 ) LIMIT 1   [ RunTime:0.0004s ]
INFO: [ view_parse ] --START--
INFO: [ template_filter ] --START--
INFO: Run Behavior\ContentReplaceBehavior [ RunTime:0.000033s ]
INFO: [ template_filter ] --END-- [ RunTime:0.000066s ]
INFO: Run Behavior\ParseTemplateBehavior [ RunTime:0.005724s ]
INFO: [ view_parse ] --END-- [ RunTime:0.005774s ]
INFO: [ view_filter ] --START--
INFO: Run Behavior\WriteHtmlCacheBehavior [ RunTime:0.000272s ]
INFO: [ view_filter ] --END-- [ RunTime:0.000313s ]
INFO: [ app_end ] --START--
INFO: Run Behavior\ShowPageTraceBehavior [ RunTime:0.000536s ]
INFO: [ app_end ] --END-- [ RunTime:0.000577s ]

[ 2016-09-05T21:21:14+08:00 ] ::1 /YunPan/index.php/Teacher/yun/video
INFO: [ app_begin ] --START--
INFO: Run Behavior\ReadHtmlCacheBehavior [ RunTime:0.000487s ]
INFO: [ app_begin ] --END-- [ RunTime:0.000818s ]
SQL: SHOW COLUMNS FROM `pan_file` [ RunTime:0.0018s ]
SQL: SELECT * FROM `pan_file` WHERE `mime` LIKE 'video/%' AND `user_id` = '2'  [ RunTime:0.0126s ]
INFO: [ view_parse ] --START--
INFO: [ template_filter ] --START--
INFO: Run Behavior\ContentReplaceBehavior [ RunTime:0.000067s ]
INFO: [ template_filter ] --END-- [ RunTime:0.000126s ]
NOTIC: [8] Undefined variable: folder D:\Workspace\YunPan\App\Runtime\Cache\Teacher\6ce6dbcab92bc795f6fce6cfb0ed8464.php 第 18 行.
INFO: Run Behavior\ParseTemplateBehavior [ RunTime:0.006463s ]
INFO: [ view_parse ] --END-- [ RunTime:0.006510s ]
INFO: [ view_filter ] --START--
INFO: Run Behavior\WriteHtmlCacheBehavior [ RunTime:0.000247s ]
INFO: [ view_filter ] --END-- [ RunTime:0.000274s ]
INFO: [ app_end ] --START--
INFO: Run Behavior\ShowPageTraceBehavior [ RunTime:0.000398s ]
INFO: [ app_end ] --END-- [ RunTime:0.000424s ]

[ 2016-09-05T21:21:14+08:00 ] ::1 /YunPan/index.php/Teacher/yun/music
INFO: [ app_begin ] --START--
INFO: Run Behavior\ReadHtmlCacheBehavior [ RunTime:0.000515s ]
INFO: [ app_begin ] --END-- [ RunTime:0.000941s ]
SQL: SHOW COLUMNS FROM `pan_file` [ RunTime:0.0008s ]
SQL: SELECT * FROM `pan_file` WHERE `mime` LIKE 'audio/%' AND `user_id` = '2'  [ RunTime:0.0005s ]
INFO: [ view_parse ] --START--
INFO: [ template_filter ] --START--
INFO: Run Behavior\ContentReplaceBehavior [ RunTime:0.000033s ]
INFO: [ template_filter ] --END-- [ RunTime:0.000067s ]
NOTIC: [8] Undefined variable: folder D:\Workspace\YunPan\App\Runtime\Cache\Teacher\6ce6dbcab92bc795f6fce6cfb0ed8464.php 第 18 行.
INFO: Run Behavior\ParseTemplateBehavior [ RunTime:0.005742s ]
INFO: [ view_parse ] --END-- [ RunTime:0.005807s ]
INFO: [ view_filter ] --START--
INFO: Run Behavior\WriteHtmlCacheBehavior [ RunTime:0.000393s ]
INFO: [ view_filter ] --END-- [ RunTime:0.000432s ]
INFO: [ app_end ] --START--
INFO: Run Behavior\ShowPageTraceBehavior [ RunTime:0.000482s ]
INFO: [ app_end ] --END-- [ RunTime:0.000512s ]

[ 2016-09-05T21:21:15+08:00 ] ::1 /YunPan/index.php/Teacher/yun
INFO: [ app_begin ] --START--
INFO: Run Behavior\ReadHtmlCacheBehavior [ RunTime:0.000396s ]
INFO: [ app_begin ] --END-- [ RunTime:0.000698s ]
SQL: SHOW COLUMNS FROM `pan_file_folder` [ RunTime:0.0025s ]
SQL: SELECT * FROM `pan_file_folder` WHERE ( user_id = 2 AND parent_id = 0 )  [ RunTime:0.0005s ]
SQL: SHOW COLUMNS FROM `pan_file` [ RunTime:0.0035s ]
SQL: SELECT * FROM `pan_file` WHERE ( user_id = 2 AND folder_id = 0 )  [ RunTime:0.0009s ]
SQL: SELECT * FROM `pan_file_folder` WHERE ( user_id = 2 AND id = 0 ) LIMIT 1   [ RunTime:0.0004s ]
INFO: [ view_parse ] --START--
INFO: [ template_filter ] --START--
INFO: Run Behavior\ContentReplaceBehavior [ RunTime:0.000034s ]
INFO: [ template_filter ] --END-- [ RunTime:0.000068s ]
INFO: Run Behavior\ParseTemplateBehavior [ RunTime:0.008582s ]
INFO: [ view_parse ] --END-- [ RunTime:0.008645s ]
INFO: [ view_filter ] --START--
INFO: Run Behavior\WriteHtmlCacheBehavior [ RunTime:0.000228s ]
INFO: [ view_filter ] --END-- [ RunTime:0.000253s ]
INFO: [ app_end ] --START--
INFO: Run Behavior\ShowPageTraceBehavior [ RunTime:0.000489s ]
INFO: [ app_end ] --END-- [ RunTime:0.000517s ]

[ 2016-09-05T21:21:15+08:00 ] ::1 /YunPan/index.php/Teacher/work
INFO: [ app_begin ] --START--
INFO: Run Behavior\ReadHtmlCacheBehavior [ RunTime:0.000872s ]
INFO: [ app_begin ] --END-- [ RunTime:0.001328s ]
INFO: [ view_parse ] --START--
INFO: [ template_filter ] --START--
INFO: Run Behavior\ContentReplaceBehavior [ RunTime:0.000025s ]
INFO: [ template_filter ] --END-- [ RunTime:0.000077s ]
INFO: Run Behavior\ParseTemplateBehavior [ RunTime:0.006435s ]
INFO: [ view_parse ] --END-- [ RunTime:0.006500s ]
INFO: [ view_filter ] --START--
INFO: Run Behavior\WriteHtmlCacheBehavior [ RunTime:0.000514s ]
INFO: [ view_filter ] --END-- [ RunTime:0.000554s ]
INFO: [ app_end ] --START--
INFO: Run Behavior\ShowPageTraceBehavior [ RunTime:0.000717s ]
INFO: [ app_end ] --END-- [ RunTime:0.000794s ]

[ 2016-09-05T21:21:15+08:00 ] ::1 /YunPan/index.php/Teacher/work
INFO: [ app_begin ] --START--
INFO: Run Behavior\ReadHtmlCacheBehavior [ RunTime:0.000440s ]
INFO: [ app_begin ] --END-- [ RunTime:0.000774s ]
INFO: [ view_parse ] --START--
INFO: Run Behavior\ParseTemplateBehavior [ RunTime:0.000276s ]
INFO: [ view_parse ] --END-- [ RunTime:0.000309s ]
INFO: [ view_filter ] --START--
INFO: Run Behavior\WriteHtmlCacheBehavior [ RunTime:0.000217s ]
INFO: [ view_filter ] --END-- [ RunTime:0.000238s ]
INFO: [ app_end ] --START--
INFO: Run Behavior\ShowPageTraceBehavior [ RunTime:0.000406s ]
INFO: [ app_end ] --END-- [ RunTime:0.000444s ]

[ 2016-09-05T21:21:16+08:00 ] ::1 /YunPan/index.php/Teacher/
INFO: [ app_begin ] --START--
INFO: Run Behavior\ReadHtmlCacheBehavior [ RunTime:0.000454s ]
INFO: [ app_begin ] --END-- [ RunTime:0.000832s ]
SQL: SHOW COLUMNS FROM `pan_func` [ RunTime:0.0025s ]
SQL: SELECT * FROM `pan_func` WHERE ( level = 0 OR level = 1 )  [ RunTime:0.0006s ]
INFO: [ view_parse ] --START--
INFO: [ template_filter ] --START--
INFO: Run Behavior\ContentReplaceBehavior [ RunTime:0.000186s ]
INFO: [ template_filter ] --END-- [ RunTime:0.000277s ]
INFO: Run Behavior\ParseTemplateBehavior [ RunTime:0.012063s ]
INFO: [ view_parse ] --END-- [ RunTime:0.012120s ]
INFO: [ view_filter ] --START--
INFO: Run Behavior\WriteHtmlCacheBehavior [ RunTime:0.000236s ]
INFO: [ view_filter ] --END-- [ RunTime:0.000264s ]
INFO: [ app_end ] --START--
INFO: Run Behavior\ShowPageTraceBehavior [ RunTime:0.000801s ]
INFO: [ app_end ] --END-- [ RunTime:0.000899s ]

[ 2016-09-05T21:21:17+08:00 ] ::1 /YunPan/index.php/Teacher/work
INFO: [ app_begin ] --START--
INFO: Run Behavior\ReadHtmlCacheBehavior [ RunTime:0.000532s ]
INFO: [ app_begin ] --END-- [ RunTime:0.000894s ]
INFO: [ view_parse ] --START--
INFO: Run Behavior\ParseTemplateBehavior [ RunTime:0.000302s ]
INFO: [ view_parse ] --END-- [ RunTime:0.000344s ]
INFO: [ view_filter ] --START--
INFO: Run Behavior\WriteHtmlCacheBehavior [ RunTime:0.000234s ]
INFO: [ view_filter ] --END-- [ RunTime:0.000264s ]
INFO: [ app_end ] --START--
INFO: Run Behavior\ShowPageTraceBehavior [ RunTime:0.000573s ]
INFO: [ app_end ] --END-- [ RunTime:0.000625s ]

[ 2016-09-05T21:21:18+08:00 ] ::1 /YunPan/index.php/Teacher/work
INFO: [ app_begin ] --START--
INFO: Run Behavior\ReadHtmlCacheBehavior [ RunTime:0.000862s ]
INFO: [ app_begin ] --END-- [ RunTime:0.001477s ]
INFO: [ view_parse ] --START--
INFO: Run Behavior\ParseTemplateBehavior [ RunTime:0.000612s ]
INFO: [ view_parse ] --END-- [ RunTime:0.000686s ]
INFO: [ view_filter ] --START--
INFO: Run Behavior\WriteHtmlCacheBehavior [ RunTime:0.000372s ]
INFO: [ view_filter ] --END-- [ RunTime:0.000409s ]
INFO: [ app_end ] --START--
INFO: Run Behavior\ShowPageTraceBehavior [ RunTime:0.000540s ]
INFO: [ app_end ] --END-- [ RunTime:0.000580s ]

[ 2016-09-05T21:21:18+08:00 ] ::1 /YunPan/index.php/Teacher/
INFO: [ app_begin ] --START--
INFO: Run Behavior\ReadHtmlCacheBehavior [ RunTime:0.000825s ]
INFO: [ app_begin ] --END-- [ RunTime:0.001417s ]
SQL: SHOW COLUMNS FROM `pan_func` [ RunTime:0.0008s ]
SQL: SELECT * FROM `pan_func` WHERE ( level = 0 OR level = 1 )  [ RunTime:0.0005s ]
INFO: [ view_parse ] --START--
INFO: [ template_filter ] --START--
INFO: Run Behavior\ContentReplaceBehavior [ RunTime:0.000139s ]
INFO: [ template_filter ] --END-- [ RunTime:0.000193s ]
INFO: Run Behavior\ParseTemplateBehavior [ RunTime:0.010428s ]
INFO: [ view_parse ] --END-- [ RunTime:0.010480s ]
INFO: [ view_filter ] --START--
INFO: Run Behavior\WriteHtmlCacheBehavior [ RunTime:0.000302s ]
INFO: [ view_filter ] --END-- [ RunTime:0.000329s ]
INFO: [ app_end ] --START--
INFO: Run Behavior\ShowPageTraceBehavior [ RunTime:0.000879s ]
INFO: [ app_end ] --END-- [ RunTime:0.001151s ]

[ 2016-09-05T21:21:19+08:00 ] ::1 /YunPan/index.php/Teacher/work
INFO: [ app_begin ] --START--
INFO: Run Behavior\ReadHtmlCacheBehavior [ RunTime:0.000665s ]
INFO: [ app_begin ] --END-- [ RunTime:0.001246s ]
INFO: [ view_parse ] --START--
INFO: Run Behavior\ParseTemplateBehavior [ RunTime:0.000455s ]
INFO: [ view_parse ] --END-- [ RunTime:0.000514s ]
INFO: [ view_filter ] --START--
INFO: Run Behavior\WriteHtmlCacheBehavior [ RunTime:0.000343s ]
INFO: [ view_filter ] --END-- [ RunTime:0.000383s ]
INFO: [ app_end ] --START--
INFO: Run Behavior\ShowPageTraceBehavior [ RunTime:0.000711s ]
INFO: [ app_end ] --END-- [ RunTime:0.000765s ]

[ 2016-09-05T21:21:20+08:00 ] ::1 /YunPan/index.php/Teacher/work
INFO: [ app_begin ] --START--
INFO: Run Behavior\ReadHtmlCacheBehavior [ RunTime:0.000427s ]
INFO: [ app_begin ] --END-- [ RunTime:0.000773s ]
INFO: [ view_parse ] --START--
INFO: Run Behavior\ParseTemplateBehavior [ RunTime:0.000294s ]
INFO: [ view_parse ] --END-- [ RunTime:0.000334s ]
INFO: [ view_filter ] --START--
INFO: Run Behavior\WriteHtmlCacheBehavior [ RunTime:0.000213s ]
INFO: [ view_filter ] --END-- [ RunTime:0.000243s ]
INFO: [ app_end ] --START--
INFO: Run Behavior\ShowPageTraceBehavior [ RunTime:0.000409s ]
INFO: [ app_end ] --END-- [ RunTime:0.000442s ]

[ 2016-09-05T21:21:20+08:00 ] ::1 /YunPan/index.php/Teacher/work
INFO: [ app_begin ] --START--
INFO: Run Behavior\ReadHtmlCacheBehavior [ RunTime:0.000427s ]
INFO: [ app_begin ] --END-- [ RunTime:0.000826s ]
INFO: [ view_parse ] --START--
INFO: Run Behavior\ParseTemplateBehavior [ RunTime:0.000402s ]
INFO: [ view_parse ] --END-- [ RunTime:0.000437s ]
INFO: [ view_filter ] --START--
INFO: Run Behavior\WriteHtmlCacheBehavior [ RunTime:0.000228s ]
INFO: [ view_filter ] --END-- [ RunTime:0.000259s ]
INFO: [ app_end ] --START--
INFO: Run Behavior\ShowPageTraceBehavior [ RunTime:0.000486s ]
INFO: [ app_end ] --END-- [ RunTime:0.000518s ]

[ 2016-09-05T21:21:21+08:00 ] ::1 /YunPan/index.php/Teacher/work
INFO: [ app_begin ] --START--
INFO: Run Behavior\ReadHtmlCacheBehavior [ RunTime:0.000871s ]
INFO: [ app_begin ] --END-- [ RunTime:0.001431s ]
INFO: [ view_parse ] --START--
INFO: Run Behavior\ParseTemplateBehavior [ RunTime:0.000587s ]
INFO: [ view_parse ] --END-- [ RunTime:0.000665s ]
INFO: [ view_filter ] --START--
INFO: Run Behavior\WriteHtmlCacheBehavior [ RunTime:0.000433s ]
INFO: [ view_filter ] --END-- [ RunTime:0.000485s ]
INFO: [ app_end ] --START--
INFO: Run Behavior\ShowPageTraceBehavior [ RunTime:0.000553s ]
INFO: [ app_end ] --END-- [ RunTime:0.000597s ]

[ 2016-09-05T21:21:21+08:00 ] ::1 /YunPan/index.php/Teacher/work
INFO: [ app_begin ] --START--
INFO: Run Behavior\ReadHtmlCacheBehavior [ RunTime:0.000407s ]
INFO: [ app_begin ] --END-- [ RunTime:0.000724s ]
INFO: [ view_parse ] --START--
INFO: Run Behavior\ParseTemplateBehavior [ RunTime:0.000266s ]
INFO: [ view_parse ] --END-- [ RunTime:0.000298s ]
INFO: [ view_filter ] --START--
INFO: Run Behavior\WriteHtmlCacheBehavior [ RunTime:0.000229s ]
INFO: [ view_filter ] --END-- [ RunTime:0.000260s ]
INFO: [ app_end ] --START--
INFO: Run Behavior\ShowPageTraceBehavior [ RunTime:0.000486s ]
INFO: [ app_end ] --END-- [ RunTime:0.000515s ]

[ 2016-09-05T21:21:22+08:00 ] ::1 /YunPan/index.php/Teacher/work
INFO: [ app_begin ] --START--
INFO: Run Behavior\ReadHtmlCacheBehavior [ RunTime:0.000454s ]
INFO: [ app_begin ] --END-- [ RunTime:0.000781s ]
INFO: [ view_parse ] --START--
INFO: Run Behavior\ParseTemplateBehavior [ RunTime:0.000386s ]
INFO: [ view_parse ] --END-- [ RunTime:0.000440s ]
INFO: [ view_filter ] --START--
INFO: Run Behavior\WriteHtmlCacheBehavior [ RunTime:0.000285s ]
INFO: [ view_filter ] --END-- [ RunTime:0.000315s ]
INFO: [ app_end ] --START--
INFO: Run Behavior\ShowPageTraceBehavior [ RunTime:0.000496s ]
INFO: [ app_end ] --END-- [ RunTime:0.000529s ]

[ 2016-09-05T21:21:23+08:00 ] ::1 /YunPan/index.php/Teacher/yun
INFO: [ app_begin ] --START--
INFO: Run Behavior\ReadHtmlCacheBehavior [ RunTime:0.000699s ]
INFO: [ app_begin ] --END-- [ RunTime:0.001122s ]
SQL: SHOW COLUMNS FROM `pan_file_folder` [ RunTime:0.0023s ]
SQL: SELECT * FROM `pan_file_folder` WHERE ( user_id = 2 AND parent_id = 0 )  [ RunTime:0.0006s ]
SQL: SHOW COLUMNS FROM `pan_file` [ RunTime:0.0033s ]
SQL: SELECT * FROM `pan_file` WHERE ( user_id = 2 AND folder_id = 0 )  [ RunTime:0.0006s ]
SQL: SELECT * FROM `pan_file_folder` WHERE ( user_id = 2 AND id = 0 ) LIMIT 1   [ RunTime:0.0004s ]
INFO: [ view_parse ] --START--
INFO: [ template_filter ] --START--
INFO: Run Behavior\ContentReplaceBehavior [ RunTime:0.000049s ]
INFO: [ template_filter ] --END-- [ RunTime:0.000106s ]
INFO: Run Behavior\ParseTemplateBehavior [ RunTime:0.008752s ]
INFO: [ view_parse ] --END-- [ RunTime:0.008823s ]
INFO: [ view_filter ] --START--
INFO: Run Behavior\WriteHtmlCacheBehavior [ RunTime:0.000327s ]
INFO: [ view_filter ] --END-- [ RunTime:0.000365s ]
INFO: [ app_end ] --START--
INFO: Run Behavior\ShowPageTraceBehavior [ RunTime:0.000689s ]
INFO: [ app_end ] --END-- [ RunTime:0.000739s ]

[ 2016-09-05T21:21:26+08:00 ] ::1 /YunPan/index.php/Teacher/yun
INFO: [ app_begin ] --START--
INFO: Run Behavior\ReadHtmlCacheBehavior [ RunTime:0.001091s ]
INFO: [ app_begin ] --END-- [ RunTime:0.001891s ]
SQL: SHOW COLUMNS FROM `pan_file_folder` [ RunTime:0.0035s ]
SQL: SELECT * FROM `pan_file_folder` WHERE ( user_id = 2 AND parent_id = 0 )  [ RunTime:0.0010s ]
SQL: SHOW COLUMNS FROM `pan_file` [ RunTime:0.0033s ]
SQL: SELECT * FROM `pan_file` WHERE ( user_id = 2 AND folder_id = 0 )  [ RunTime:0.0012s ]
SQL: SELECT * FROM `pan_file_folder` WHERE ( user_id = 2 AND id = 0 ) LIMIT 1   [ RunTime:0.0006s ]
INFO: [ view_parse ] --START--
INFO: [ template_filter ] --START--
INFO: Run Behavior\ContentReplaceBehavior [ RunTime:0.000033s ]
INFO: [ template_filter ] --END-- [ RunTime:0.000072s ]
INFO: Run Behavior\ParseTemplateBehavior [ RunTime:0.008415s ]
INFO: [ view_parse ] --END-- [ RunTime:0.008490s ]
INFO: [ view_filter ] --START--
INFO: Run Behavior\WriteHtmlCacheBehavior [ RunTime:0.000357s ]
INFO: [ view_filter ] --END-- [ RunTime:0.000390s ]
INFO: [ app_end ] --START--
INFO: Run Behavior\ShowPageTraceBehavior [ RunTime:0.001649s ]
INFO: [ app_end ] --END-- [ RunTime:0.001709s ]

[ 2016-09-05T21:21:37+08:00 ] ::1 /YunPan/index.php/Teacher/Upload/file
INFO: [ app_begin ] --START--
INFO: Run Behavior\ReadHtmlCacheBehavior [ RunTime:0.000442s ]
INFO: [ app_begin ] --END-- [ RunTime:0.000974s ]
NOTIC: [2] call_user_func() expects parameter 1 to be a valid callback, no array or string given D:\Workspace\YunPan\ThinkPHP\Library\Think\Upload.class.php 第 170 行.
SQL: SHOW COLUMNS FROM `pan_file_root` [ RunTime:0.0025s ]
SQL: SHOW COLUMNS FROM `pan_file` [ RunTime:0.0020s ]
SQL: INSERT INTO `pan_file_root` (`file_name`,`save_name`,`save_path`,`file_size`,`file_ext`,`file_mime`) VALUES ('DbSchema_windows_7_4_4.exe','57cd71611a23a.exe','2/','73922560','exe','application/x-msdownload') [ RunTime:0.1484s ]
SQL: INSERT INTO `pan_file` (`user_id`,`file_id`,`folder_id`,`file_name`,`file_size`,`mime`) VALUES ('2','159','0','DbSchema_windows_7_4_4.exe','73922560','application/x-msdownload') [ RunTime:0.0496s ]
INFO: [ app_end ] --START--
INFO: Run Behavior\ShowPageTraceBehavior [ RunTime:0.001061s ]
INFO: [ app_end ] --END-- [ RunTime:0.001106s ]

[ 2016-09-05T21:25:18+08:00 ] ::1 /YunPan/index.php/Teacher/yun
INFO: [ app_begin ] --START--
INFO: Run Behavior\ReadHtmlCacheBehavior [ RunTime:0.000684s ]
INFO: [ app_begin ] --END-- [ RunTime:0.001080s ]
SQL: SHOW COLUMNS FROM `pan_file_folder` [ RunTime:0.0025s ]
SQL: SELECT * FROM `pan_file_folder` WHERE ( user_id = 2 AND parent_id = 0 )  [ RunTime:0.0005s ]
SQL: SHOW COLUMNS FROM `pan_file` [ RunTime:0.0036s ]
SQL: SELECT * FROM `pan_file` WHERE ( user_id = 2 AND folder_id = 0 )  [ RunTime:0.0005s ]
SQL: SELECT * FROM `pan_file_folder` WHERE ( user_id = 2 AND id = 0 ) LIMIT 1   [ RunTime:0.0003s ]
INFO: [ view_parse ] --START--
INFO: [ template_filter ] --START--
INFO: Run Behavior\ContentReplaceBehavior [ RunTime:0.000049s ]
INFO: [ template_filter ] --END-- [ RunTime:0.000112s ]
INFO: Run Behavior\ParseTemplateBehavior [ RunTime:0.008900s ]
INFO: [ view_parse ] --END-- [ RunTime:0.008968s ]
INFO: [ view_filter ] --START--
INFO: Run Behavior\WriteHtmlCacheBehavior [ RunTime:0.000542s ]
INFO: [ view_filter ] --END-- [ RunTime:0.000591s ]
INFO: [ app_end ] --START--
INFO: Run Behavior\ShowPageTraceBehavior [ RunTime:0.001080s ]
INFO: [ app_end ] --END-- [ RunTime:0.001153s ]

[ 2016-09-05T21:25:45+08:00 ] ::1 /YunPan/index.php/Teacher/work
INFO: [ app_begin ] --START--
INFO: Run Behavior\ReadHtmlCacheBehavior [ RunTime:0.000436s ]
INFO: [ app_begin ] --END-- [ RunTime:0.000780s ]
INFO: [ view_parse ] --START--
INFO: Run Behavior\ParseTemplateBehavior [ RunTime:0.000835s ]
INFO: [ view_parse ] --END-- [ RunTime:0.000886s ]
INFO: [ view_filter ] --START--
INFO: Run Behavior\WriteHtmlCacheBehavior [ RunTime:0.000243s ]
INFO: [ view_filter ] --END-- [ RunTime:0.000276s ]
INFO: [ app_end ] --START--
INFO: Run Behavior\ShowPageTraceBehavior [ RunTime:0.000390s ]
INFO: [ app_end ] --END-- [ RunTime:0.000426s ]

[ 2016-09-05T21:27:38+08:00 ] ::1 /YunPan/index.php/Teacher/yun
INFO: [ app_begin ] --START--
INFO: Run Behavior\ReadHtmlCacheBehavior [ RunTime:0.000670s ]
INFO: [ app_begin ] --END-- [ RunTime:0.001245s ]
SQL: SHOW COLUMNS FROM `pan_file_folder` [ RunTime:0.0023s ]
SQL: SELECT * FROM `pan_file_folder` WHERE ( user_id = 2 AND parent_id = 0 )  [ RunTime:0.0004s ]
SQL: SHOW COLUMNS FROM `pan_file` [ RunTime:0.0017s ]
SQL: SELECT * FROM `pan_file` WHERE ( user_id = 2 AND folder_id = 0 )  [ RunTime:0.0005s ]
SQL: SELECT * FROM `pan_file_folder` WHERE ( user_id = 2 AND id = 0 ) LIMIT 1   [ RunTime:0.0003s ]
INFO: [ view_parse ] --START--
INFO: [ template_filter ] --START--
INFO: Run Behavior\ContentReplaceBehavior [ RunTime:0.000042s ]
INFO: [ template_filter ] --END-- [ RunTime:0.000092s ]
INFO: Run Behavior\ParseTemplateBehavior [ RunTime:0.006460s ]
INFO: [ view_parse ] --END-- [ RunTime:0.006510s ]
INFO: [ view_filter ] --START--
INFO: Run Behavior\WriteHtmlCacheBehavior [ RunTime:0.000347s ]
INFO: [ view_filter ] --END-- [ RunTime:0.000375s ]
INFO: [ app_end ] --START--
INFO: Run Behavior\ShowPageTraceBehavior [ RunTime:0.000652s ]
INFO: [ app_end ] --END-- [ RunTime:0.000692s ]

[ 2016-09-05T21:27:39+08:00 ] ::1 /YunPan/index.php/Teacher/work
INFO: [ app_begin ] --START--
INFO: Run Behavior\ReadHtmlCacheBehavior [ RunTime:0.000431s ]
INFO: [ app_begin ] --END-- [ RunTime:0.000849s ]
INFO: [ view_parse ] --START--
INFO: Run Behavior\ParseTemplateBehavior [ RunTime:0.000334s ]
INFO: [ view_parse ] --END-- [ RunTime:0.000368s ]
INFO: [ view_filter ] --START--
INFO: Run Behavior\WriteHtmlCacheBehavior [ RunTime:0.000188s ]
INFO: [ view_filter ] --END-- [ RunTime:0.000210s ]
INFO: [ app_end ] --START--
INFO: Run Behavior\ShowPageTraceBehavior [ RunTime:0.000432s ]
INFO: [ app_end ] --END-- [ RunTime:0.000456s ]

[ 2016-09-05T21:28:14+08:00 ] ::1 /YunPan/index.php/Teacher/work
INFO: [ app_begin ] --START--
INFO: Run Behavior\ReadHtmlCacheBehavior [ RunTime:0.000473s ]
INFO: [ app_begin ] --END-- [ RunTime:0.000928s ]
INFO: [ view_parse ] --START--
INFO: Run Behavior\ParseTemplateBehavior [ RunTime:0.001021s ]
INFO: [ view_parse ] --END-- [ RunTime:0.001141s ]
INFO: [ view_filter ] --START--
INFO: Run Behavior\WriteHtmlCacheBehavior [ RunTime:0.001439s ]
INFO: [ view_filter ] --END-- [ RunTime:0.001672s ]
INFO: [ app_end ] --START--
INFO: Run Behavior\ShowPageTraceBehavior [ RunTime:0.001135s ]
INFO: [ app_end ] --END-- [ RunTime:0.001415s ]

