[ 2016-09-03T09:56:14+08:00 ] ::1 /YunPan/index.php/Home/Login/check
INFO: [ app_begin ] --START--
INFO: Run Behavior\ReadHtmlCacheBehavior [ RunTime:0.000815s ]
INFO: [ app_begin ] --END-- [ RunTime:0.001219s ]
SQL: SHOW COLUMNS FROM `pan_user` [ RunTime:0.3921s ]
SQL: SELECT * FROM `pan_user` WHERE ( username = 'admin' AND password = 'e10adc3949ba59abbe56e057f20f883e' ) LIMIT 1   [ RunTime:0.0545s ]
INFO: [ app_end ] --START--
INFO: Run Behavior\ShowPageTraceBehavior [ RunTime:0.001822s ]
INFO: [ app_end ] --END-- [ RunTime:0.001882s ]

[ 2016-09-03T09:57:27+08:00 ] ::1 /YunPan/index.php/Home/Upload/file
INFO: [ app_begin ] --START--
INFO: Run Behavior\ReadHtmlCacheBehavior [ RunTime:0.000469s ]
INFO: [ app_begin ] --END-- [ RunTime:0.000804s ]
NOTIC: [2] call_user_func() expects parameter 1 to be a valid callback, no array or string given D:\Workspace\YunPan\ThinkPHP\Library\Think\Upload.class.php 第 170 行.
SQL: SHOW COLUMNS FROM `pan_file_root` [ RunTime:0.4932s ]
SQL: SHOW COLUMNS FROM `pan_file` [ RunTime:0.3996s ]
SQL: INSERT INTO `pan_file_root` (`file_name`,`save_name`,`save_path`,`file_size`,`file_ext`,`file_mime`) VALUES ('372.70-notebook-win10-64bit-international-whql.exe','57ca2dfbcfe07.exe','1/','368602736','exe','application/x-msdownload') [ RunTime:2.5616s ]
SQL: INSERT INTO `pan_file` (`user_id`,`file_id`,`folder_id`,`file_name`,`file_size`,`mime`) VALUES ('1','154','0','372.70-notebook-win10-64bit-international-whql.exe','368602736','application/x-msdownload') [ RunTime:0.0970s ]
INFO: [ app_end ] --START--
INFO: Run Behavior\ShowPageTraceBehavior [ RunTime:0.001293s ]
INFO: [ app_end ] --END-- [ RunTime:0.001328s ]

[ 2016-09-03T09:57:51+08:00 ] ::1 /YunPan/index.php/Home/Upload/file
INFO: [ app_begin ] --START--
INFO: Run Behavior\ReadHtmlCacheBehavior [ RunTime:0.000531s ]
INFO: [ app_begin ] --END-- [ RunTime:0.000881s ]
NOTIC: [2] call_user_func() expects parameter 1 to be a valid callback, no array or string given D:\Workspace\YunPan\ThinkPHP\Library\Think\Upload.class.php 第 170 行.
SQL: SHOW COLUMNS FROM `pan_file_root` [ RunTime:0.0025s ]
SQL: SHOW COLUMNS FROM `pan_file` [ RunTime:0.0020s ]
SQL: INSERT INTO `pan_file_root` (`file_name`,`save_name`,`save_path`,`file_size`,`file_ext`,`file_mime`) VALUES ('372.70-notebook-win10-64bit-international-whql.exe','57ca2e1c7fbc2.exe','1/','368602736','exe','application/x-msdownload') [ RunTime:0.1651s ]
SQL: INSERT INTO `pan_file` (`user_id`,`file_id`,`folder_id`,`file_name`,`file_size`,`mime`) VALUES ('1','155','0','372.70-notebook-win10-64bit-international-whql.exe','368602736','application/x-msdownload') [ RunTime:0.2100s ]
INFO: [ app_end ] --START--
INFO: Run Behavior\ShowPageTraceBehavior [ RunTime:0.000650s ]
INFO: [ app_end ] --END-- [ RunTime:0.000681s ]

[ 2016-09-03T09:59:05+08:00 ] ::1 /YunPan/index.php/Home/yun
INFO: [ app_begin ] --START--
INFO: Run Behavior\ReadHtmlCacheBehavior [ RunTime:0.000804s ]
INFO: [ app_begin ] --END-- [ RunTime:0.001276s ]
SQL: SHOW COLUMNS FROM `pan_file_folder` [ RunTime:0.0239s ]
SQL: SELECT * FROM `pan_file_folder` WHERE ( user_id = 1 AND parent_id = 0 )  [ RunTime:0.0136s ]
SQL: SHOW COLUMNS FROM `pan_file` [ RunTime:0.0017s ]
SQL: SELECT * FROM `pan_file` WHERE ( user_id = 1 AND folder_id = 0 )  [ RunTime:0.0009s ]
SQL: SELECT * FROM `pan_file_folder` WHERE ( user_id = 1 AND id = 0 ) LIMIT 1   [ RunTime:0.0157s ]
INFO: [ view_parse ] --START--
INFO: [ template_filter ] --START--
INFO: Run Behavior\ContentReplaceBehavior [ RunTime:0.000035s ]
INFO: [ template_filter ] --END-- [ RunTime:0.000067s ]
INFO: Run Behavior\ParseTemplateBehavior [ RunTime:0.042930s ]
INFO: [ view_parse ] --END-- [ RunTime:0.042979s ]
INFO: [ view_filter ] --START--
INFO: Run Behavior\WriteHtmlCacheBehavior [ RunTime:0.000419s ]
INFO: [ view_filter ] --END-- [ RunTime:0.000448s ]
INFO: [ app_end ] --START--
INFO: Run Behavior\ShowPageTraceBehavior [ RunTime:0.000968s ]
INFO: [ app_end ] --END-- [ RunTime:0.001049s ]

[ 2016-09-03T09:59:05+08:00 ] ::1 /YunPan/index.php/Home/yun
INFO: [ app_begin ] --START--
INFO: Run Behavior\ReadHtmlCacheBehavior [ RunTime:0.000544s ]
INFO: [ app_begin ] --END-- [ RunTime:0.000854s ]
SQL: SHOW COLUMNS FROM `pan_file_folder` [ RunTime:0.0018s ]
SQL: SELECT * FROM `pan_file_folder` WHERE ( user_id = 1 AND parent_id = 0 )  [ RunTime:0.0004s ]
SQL: SHOW COLUMNS FROM `pan_file` [ RunTime:0.0021s ]
SQL: SELECT * FROM `pan_file` WHERE ( user_id = 1 AND folder_id = 0 )  [ RunTime:0.0008s ]
SQL: SELECT * FROM `pan_file_folder` WHERE ( user_id = 1 AND id = 0 ) LIMIT 1   [ RunTime:0.0003s ]
INFO: [ view_parse ] --START--
INFO: [ template_filter ] --START--
INFO: Run Behavior\ContentReplaceBehavior [ RunTime:0.000079s ]
INFO: [ template_filter ] --END-- [ RunTime:0.000136s ]
INFO: Run Behavior\ParseTemplateBehavior [ RunTime:0.008581s ]
INFO: [ view_parse ] --END-- [ RunTime:0.008665s ]
INFO: [ view_filter ] --START--
INFO: Run Behavior\WriteHtmlCacheBehavior [ RunTime:0.000981s ]
INFO: [ view_filter ] --END-- [ RunTime:0.001039s ]
INFO: [ app_end ] --START--
INFO: Run Behavior\ShowPageTraceBehavior [ RunTime:0.000687s ]
INFO: [ app_end ] --END-- [ RunTime:0.000780s ]

[ 2016-09-03T09:59:29+08:00 ] ::1 /YunPan/index.php/Home/Yun/index/parent_id/1
INFO: [ app_begin ] --START--
INFO: Run Behavior\ReadHtmlCacheBehavior [ RunTime:0.000950s ]
INFO: [ app_begin ] --END-- [ RunTime:0.001586s ]
SQL: SHOW COLUMNS FROM `pan_file_folder` [ RunTime:0.0032s ]
SQL: SELECT * FROM `pan_file_folder` WHERE ( user_id = 1 AND parent_id = 1 )  [ RunTime:0.0005s ]
SQL: SHOW COLUMNS FROM `pan_file` [ RunTime:0.0030s ]
SQL: SELECT * FROM `pan_file` WHERE ( user_id = 1 AND folder_id = 1 )  [ RunTime:0.0008s ]
SQL: SELECT * FROM `pan_file_folder` WHERE ( user_id = 1 AND id = 1 ) LIMIT 1   [ RunTime:0.0005s ]
INFO: [ view_parse ] --START--
INFO: [ template_filter ] --START--
INFO: Run Behavior\ContentReplaceBehavior [ RunTime:0.000054s ]
INFO: [ template_filter ] --END-- [ RunTime:0.000112s ]
INFO: Run Behavior\ParseTemplateBehavior [ RunTime:0.010242s ]
INFO: [ view_parse ] --END-- [ RunTime:0.010313s ]
INFO: [ view_filter ] --START--
INFO: Run Behavior\WriteHtmlCacheBehavior [ RunTime:0.000845s ]
INFO: [ view_filter ] --END-- [ RunTime:0.000900s ]
INFO: [ app_end ] --START--
INFO: Run Behavior\ShowPageTraceBehavior [ RunTime:0.000766s ]
INFO: [ app_end ] --END-- [ RunTime:0.000822s ]

[ 2016-09-03T09:59:30+08:00 ] ::1 /YunPan/index.php/Home/Yun/index/parent_id/2
INFO: [ app_begin ] --START--
INFO: Run Behavior\ReadHtmlCacheBehavior [ RunTime:0.001123s ]
INFO: [ app_begin ] --END-- [ RunTime:0.001751s ]
SQL: SHOW COLUMNS FROM `pan_file_folder` [ RunTime:0.0017s ]
SQL: SELECT * FROM `pan_file_folder` WHERE ( user_id = 1 AND parent_id = 2 )  [ RunTime:0.0004s ]
SQL: SHOW COLUMNS FROM `pan_file` [ RunTime:0.0018s ]
SQL: SELECT * FROM `pan_file` WHERE ( user_id = 1 AND folder_id = 2 )  [ RunTime:0.0005s ]
SQL: SELECT * FROM `pan_file_folder` WHERE ( user_id = 1 AND id = 2 ) LIMIT 1   [ RunTime:0.0003s ]
INFO: [ view_parse ] --START--
INFO: [ template_filter ] --START--
INFO: Run Behavior\ContentReplaceBehavior [ RunTime:0.000032s ]
INFO: [ template_filter ] --END-- [ RunTime:0.000063s ]
INFO: Run Behavior\ParseTemplateBehavior [ RunTime:0.005778s ]
INFO: [ view_parse ] --END-- [ RunTime:0.005818s ]
INFO: [ view_filter ] --START--
INFO: Run Behavior\WriteHtmlCacheBehavior [ RunTime:0.000377s ]
INFO: [ view_filter ] --END-- [ RunTime:0.000403s ]
INFO: [ app_end ] --START--
INFO: Run Behavior\ShowPageTraceBehavior [ RunTime:0.000379s ]
INFO: [ app_end ] --END-- [ RunTime:0.000407s ]

[ 2016-09-03T09:59:31+08:00 ] ::1 /YunPan/index.php/Home/Yun/index/parent_id/3
INFO: [ app_begin ] --START--
INFO: Run Behavior\ReadHtmlCacheBehavior [ RunTime:0.000559s ]
INFO: [ app_begin ] --END-- [ RunTime:0.000918s ]
SQL: SHOW COLUMNS FROM `pan_file_folder` [ RunTime:0.0022s ]
SQL: SELECT * FROM `pan_file_folder` WHERE ( user_id = 1 AND parent_id = 3 )  [ RunTime:0.0004s ]
SQL: SHOW COLUMNS FROM `pan_file` [ RunTime:0.0015s ]
SQL: SELECT * FROM `pan_file` WHERE ( user_id = 1 AND folder_id = 3 )  [ RunTime:0.0004s ]
SQL: SELECT * FROM `pan_file_folder` WHERE ( user_id = 1 AND id = 3 ) LIMIT 1   [ RunTime:0.0003s ]
INFO: [ view_parse ] --START--
INFO: [ template_filter ] --START--
INFO: Run Behavior\ContentReplaceBehavior [ RunTime:0.000035s ]
INFO: [ template_filter ] --END-- [ RunTime:0.000070s ]
INFO: Run Behavior\ParseTemplateBehavior [ RunTime:0.007343s ]
INFO: [ view_parse ] --END-- [ RunTime:0.007386s ]
INFO: [ view_filter ] --START--
INFO: Run Behavior\WriteHtmlCacheBehavior [ RunTime:0.000360s ]
INFO: [ view_filter ] --END-- [ RunTime:0.000389s ]
INFO: [ app_end ] --START--
INFO: Run Behavior\ShowPageTraceBehavior [ RunTime:0.000433s ]
INFO: [ app_end ] --END-- [ RunTime:0.000466s ]

[ 2016-09-03T09:59:37+08:00 ] ::1 /YunPan/index.php/Home/yun
INFO: [ app_begin ] --START--
INFO: Run Behavior\ReadHtmlCacheBehavior [ RunTime:0.001046s ]
INFO: [ app_begin ] --END-- [ RunTime:0.001627s ]
SQL: SHOW COLUMNS FROM `pan_file_folder` [ RunTime:0.0015s ]
SQL: SELECT * FROM `pan_file_folder` WHERE ( user_id = 1 AND parent_id = 0 )  [ RunTime:0.0004s ]
SQL: SHOW COLUMNS FROM `pan_file` [ RunTime:0.0025s ]
SQL: SELECT * FROM `pan_file` WHERE ( user_id = 1 AND folder_id = 0 )  [ RunTime:0.0009s ]
SQL: SELECT * FROM `pan_file_folder` WHERE ( user_id = 1 AND id = 0 ) LIMIT 1   [ RunTime:0.0003s ]
INFO: [ view_parse ] --START--
INFO: [ template_filter ] --START--
INFO: Run Behavior\ContentReplaceBehavior [ RunTime:0.000034s ]
INFO: [ template_filter ] --END-- [ RunTime:0.000067s ]
INFO: Run Behavior\ParseTemplateBehavior [ RunTime:0.006807s ]
INFO: [ view_parse ] --END-- [ RunTime:0.006893s ]
INFO: [ view_filter ] --START--
INFO: Run Behavior\WriteHtmlCacheBehavior [ RunTime:0.000421s ]
INFO: [ view_filter ] --END-- [ RunTime:0.000453s ]
INFO: [ app_end ] --START--
INFO: Run Behavior\ShowPageTraceBehavior [ RunTime:0.000892s ]
INFO: [ app_end ] --END-- [ RunTime:0.000972s ]

[ 2016-09-03T10:04:05+08:00 ] ::1 /YunPan/index.php/Home/work
INFO: [ app_begin ] --START--
INFO: Run Behavior\ReadHtmlCacheBehavior [ RunTime:0.000534s ]
INFO: [ app_begin ] --END-- [ RunTime:0.000897s ]
INFO: [ view_parse ] --START--
INFO: Run Behavior\ParseTemplateBehavior [ RunTime:0.066493s ]
INFO: [ view_parse ] --END-- [ RunTime:0.066610s ]
INFO: [ view_filter ] --START--
INFO: Run Behavior\WriteHtmlCacheBehavior [ RunTime:0.001094s ]
INFO: [ view_filter ] --END-- [ RunTime:0.001237s ]
INFO: [ app_end ] --START--
INFO: Run Behavior\ShowPageTraceBehavior [ RunTime:0.000665s ]
INFO: [ app_end ] --END-- [ RunTime:0.000723s ]

[ 2016-09-03T10:04:08+08:00 ] ::1 /YunPan/index.php/Home/yun
INFO: [ app_begin ] --START--
INFO: Run Behavior\ReadHtmlCacheBehavior [ RunTime:0.000846s ]
INFO: [ app_begin ] --END-- [ RunTime:0.001603s ]
SQL: SHOW COLUMNS FROM `pan_file_folder` [ RunTime:0.0029s ]
SQL: SELECT * FROM `pan_file_folder` WHERE ( user_id = 1 AND parent_id = 0 )  [ RunTime:0.0007s ]
SQL: SHOW COLUMNS FROM `pan_file` [ RunTime:0.0020s ]
SQL: SELECT * FROM `pan_file` WHERE ( user_id = 1 AND folder_id = 0 )  [ RunTime:0.0007s ]
SQL: SELECT * FROM `pan_file_folder` WHERE ( user_id = 1 AND id = 0 ) LIMIT 1   [ RunTime:0.0003s ]
INFO: [ view_parse ] --START--
INFO: [ template_filter ] --START--
INFO: Run Behavior\ContentReplaceBehavior [ RunTime:0.000034s ]
INFO: [ template_filter ] --END-- [ RunTime:0.000065s ]
INFO: Run Behavior\ParseTemplateBehavior [ RunTime:0.006253s ]
INFO: [ view_parse ] --END-- [ RunTime:0.006296s ]
INFO: [ view_filter ] --START--
INFO: Run Behavior\WriteHtmlCacheBehavior [ RunTime:0.000310s ]
INFO: [ view_filter ] --END-- [ RunTime:0.000332s ]
INFO: [ app_end ] --START--
INFO: Run Behavior\ShowPageTraceBehavior [ RunTime:0.000622s ]
INFO: [ app_end ] --END-- [ RunTime:0.000733s ]

[ 2016-09-03T10:04:20+08:00 ] ::1 /YunPan/index.php/Home/work
INFO: [ app_begin ] --START--
INFO: Run Behavior\ReadHtmlCacheBehavior [ RunTime:0.000588s ]
INFO: [ app_begin ] --END-- [ RunTime:0.001388s ]
INFO: [ view_parse ] --START--
INFO: Run Behavior\ParseTemplateBehavior [ RunTime:0.000629s ]
INFO: [ view_parse ] --END-- [ RunTime:0.000677s ]
INFO: [ view_filter ] --START--
INFO: Run Behavior\WriteHtmlCacheBehavior [ RunTime:0.000364s ]
INFO: [ view_filter ] --END-- [ RunTime:0.000394s ]
INFO: [ app_end ] --START--
INFO: Run Behavior\ShowPageTraceBehavior [ RunTime:0.000931s ]
INFO: [ app_end ] --END-- [ RunTime:0.000979s ]

[ 2016-09-03T10:04:32+08:00 ] ::1 /YunPan/index.php/Home/yun
INFO: [ app_begin ] --START--
INFO: Run Behavior\ReadHtmlCacheBehavior [ RunTime:0.000618s ]
INFO: [ app_begin ] --END-- [ RunTime:0.000965s ]
SQL: SHOW COLUMNS FROM `pan_file_folder` [ RunTime:0.0026s ]
SQL: SELECT * FROM `pan_file_folder` WHERE ( user_id = 1 AND parent_id = 0 )  [ RunTime:0.0004s ]
SQL: SHOW COLUMNS FROM `pan_file` [ RunTime:0.0016s ]
SQL: SELECT * FROM `pan_file` WHERE ( user_id = 1 AND folder_id = 0 )  [ RunTime:0.0006s ]
SQL: SELECT * FROM `pan_file_folder` WHERE ( user_id = 1 AND id = 0 ) LIMIT 1   [ RunTime:0.0003s ]
INFO: [ view_parse ] --START--
INFO: [ template_filter ] --START--
INFO: Run Behavior\ContentReplaceBehavior [ RunTime:0.000032s ]
INFO: [ template_filter ] --END-- [ RunTime:0.000064s ]
INFO: Run Behavior\ParseTemplateBehavior [ RunTime:0.006110s ]
INFO: [ view_parse ] --END-- [ RunTime:0.006153s ]
INFO: [ view_filter ] --START--
INFO: Run Behavior\WriteHtmlCacheBehavior [ RunTime:0.000381s ]
INFO: [ view_filter ] --END-- [ RunTime:0.000413s ]
INFO: [ app_end ] --START--
INFO: Run Behavior\ShowPageTraceBehavior [ RunTime:0.000676s ]
INFO: [ app_end ] --END-- [ RunTime:0.000821s ]

[ 2016-09-03T10:04:34+08:00 ] ::1 /YunPan/index.php/Home/work
INFO: [ app_begin ] --START--
INFO: Run Behavior\ReadHtmlCacheBehavior [ RunTime:0.001052s ]
INFO: [ app_begin ] --END-- [ RunTime:0.001761s ]
INFO: [ view_parse ] --START--
INFO: Run Behavior\ParseTemplateBehavior [ RunTime:0.000508s ]
INFO: [ view_parse ] --END-- [ RunTime:0.000551s ]
INFO: [ view_filter ] --START--
INFO: Run Behavior\WriteHtmlCacheBehavior [ RunTime:0.000335s ]
INFO: [ view_filter ] --END-- [ RunTime:0.000361s ]
INFO: [ app_end ] --START--
INFO: Run Behavior\ShowPageTraceBehavior [ RunTime:0.000414s ]
INFO: [ app_end ] --END-- [ RunTime:0.000443s ]

[ 2016-09-03T10:04:58+08:00 ] ::1 /YunPan/index.php/Home/yun
INFO: [ app_begin ] --START--
INFO: Run Behavior\ReadHtmlCacheBehavior [ RunTime:0.000614s ]
INFO: [ app_begin ] --END-- [ RunTime:0.001030s ]
SQL: SHOW COLUMNS FROM `pan_file_folder` [ RunTime:0.0017s ]
SQL: SELECT * FROM `pan_file_folder` WHERE ( user_id = 1 AND parent_id = 0 )  [ RunTime:0.0004s ]
SQL: SHOW COLUMNS FROM `pan_file` [ RunTime:0.0014s ]
SQL: SELECT * FROM `pan_file` WHERE ( user_id = 1 AND folder_id = 0 )  [ RunTime:0.0007s ]
SQL: SELECT * FROM `pan_file_folder` WHERE ( user_id = 1 AND id = 0 ) LIMIT 1   [ RunTime:0.0003s ]
INFO: [ view_parse ] --START--
INFO: [ template_filter ] --START--
INFO: Run Behavior\ContentReplaceBehavior [ RunTime:0.000030s ]
INFO: [ template_filter ] --END-- [ RunTime:0.000062s ]
INFO: Run Behavior\ParseTemplateBehavior [ RunTime:0.007901s ]
INFO: [ view_parse ] --END-- [ RunTime:0.007980s ]
INFO: [ view_filter ] --START--
INFO: Run Behavior\WriteHtmlCacheBehavior [ RunTime:0.000314s ]
INFO: [ view_filter ] --END-- [ RunTime:0.000338s ]
INFO: [ app_end ] --START--
INFO: Run Behavior\ShowPageTraceBehavior [ RunTime:0.000737s ]
INFO: [ app_end ] --END-- [ RunTime:0.000990s ]

[ 2016-09-03T10:05:00+08:00 ] ::1 /YunPan/index.php/Home/work
INFO: [ app_begin ] --START--
INFO: Run Behavior\ReadHtmlCacheBehavior [ RunTime:0.000630s ]
INFO: [ app_begin ] --END-- [ RunTime:0.001013s ]
INFO: [ view_parse ] --START--
INFO: Run Behavior\ParseTemplateBehavior [ RunTime:0.000823s ]
INFO: [ view_parse ] --END-- [ RunTime:0.000895s ]
INFO: [ view_filter ] --START--
INFO: Run Behavior\WriteHtmlCacheBehavior [ RunTime:0.000596s ]
INFO: [ view_filter ] --END-- [ RunTime:0.000655s ]
INFO: [ app_end ] --START--
INFO: Run Behavior\ShowPageTraceBehavior [ RunTime:0.000667s ]
INFO: [ app_end ] --END-- [ RunTime:0.000716s ]

[ 2016-09-03T10:11:09+08:00 ] ::1 /YunPan/index.php/Home/work
INFO: [ app_begin ] --START--
INFO: Run Behavior\ReadHtmlCacheBehavior [ RunTime:0.000638s ]
INFO: [ app_begin ] --END-- [ RunTime:0.000991s ]
INFO: [ view_parse ] --START--
INFO: Run Behavior\ParseTemplateBehavior [ RunTime:0.001543s ]
INFO: [ view_parse ] --END-- [ RunTime:0.001639s ]
INFO: [ view_filter ] --START--
INFO: Run Behavior\WriteHtmlCacheBehavior [ RunTime:0.001041s ]
INFO: [ view_filter ] --END-- [ RunTime:0.001078s ]
INFO: [ app_end ] --START--
INFO: Run Behavior\ShowPageTraceBehavior [ RunTime:0.000785s ]
INFO: [ app_end ] --END-- [ RunTime:0.000826s ]

[ 2016-09-03T10:11:11+08:00 ] ::1 /YunPan/index.php/Home/
INFO: [ app_begin ] --START--
INFO: Run Behavior\ReadHtmlCacheBehavior [ RunTime:0.000561s ]
INFO: [ app_begin ] --END-- [ RunTime:0.000925s ]
SQL: SHOW COLUMNS FROM `pan_func` [ RunTime:0.0026s ]
SQL: SELECT * FROM `pan_func` WHERE ( level = 0 )  [ RunTime:0.0012s ]
INFO: [ view_parse ] --START--
INFO: [ template_filter ] --START--
INFO: Run Behavior\ContentReplaceBehavior [ RunTime:0.000148s ]
INFO: [ template_filter ] --END-- [ RunTime:0.000191s ]
INFO: Run Behavior\ParseTemplateBehavior [ RunTime:0.012430s ]
INFO: [ view_parse ] --END-- [ RunTime:0.012483s ]
INFO: [ view_filter ] --START--
INFO: Run Behavior\WriteHtmlCacheBehavior [ RunTime:0.000451s ]
INFO: [ view_filter ] --END-- [ RunTime:0.000486s ]
INFO: [ app_end ] --START--
INFO: Run Behavior\ShowPageTraceBehavior [ RunTime:0.000657s ]
INFO: [ app_end ] --END-- [ RunTime:0.000713s ]

[ 2016-09-03T10:11:12+08:00 ] ::1 /YunPan/index.php/Home/yun
INFO: [ app_begin ] --START--
INFO: Run Behavior\ReadHtmlCacheBehavior [ RunTime:0.000591s ]
INFO: [ app_begin ] --END-- [ RunTime:0.000965s ]
SQL: SHOW COLUMNS FROM `pan_file_folder` [ RunTime:0.0019s ]
SQL: SELECT * FROM `pan_file_folder` WHERE ( user_id = 1 AND parent_id = 0 )  [ RunTime:0.0004s ]
SQL: SHOW COLUMNS FROM `pan_file` [ RunTime:0.0021s ]
SQL: SELECT * FROM `pan_file` WHERE ( user_id = 1 AND folder_id = 0 )  [ RunTime:0.0008s ]
SQL: SELECT * FROM `pan_file_folder` WHERE ( user_id = 1 AND id = 0 ) LIMIT 1   [ RunTime:0.0018s ]
INFO: [ view_parse ] --START--
INFO: [ template_filter ] --START--
INFO: Run Behavior\ContentReplaceBehavior [ RunTime:0.000056s ]
INFO: [ template_filter ] --END-- [ RunTime:0.000129s ]
INFO: Run Behavior\ParseTemplateBehavior [ RunTime:0.008392s ]
INFO: [ view_parse ] --END-- [ RunTime:0.008459s ]
INFO: [ view_filter ] --START--
INFO: Run Behavior\WriteHtmlCacheBehavior [ RunTime:0.000370s ]
INFO: [ view_filter ] --END-- [ RunTime:0.000398s ]
INFO: [ app_end ] --START--
INFO: Run Behavior\ShowPageTraceBehavior [ RunTime:0.000481s ]
INFO: [ app_end ] --END-- [ RunTime:0.000523s ]

[ 2016-09-03T10:11:14+08:00 ] ::1 /YunPan/index.php/Home/yun
INFO: [ app_begin ] --START--
INFO: Run Behavior\ReadHtmlCacheBehavior [ RunTime:0.001040s ]
INFO: [ app_begin ] --END-- [ RunTime:0.001482s ]
SQL: SHOW COLUMNS FROM `pan_file_folder` [ RunTime:0.0019s ]
SQL: SELECT * FROM `pan_file_folder` WHERE ( user_id = 1 AND parent_id = 0 )  [ RunTime:0.0005s ]
SQL: SHOW COLUMNS FROM `pan_file` [ RunTime:0.0026s ]
SQL: SELECT * FROM `pan_file` WHERE ( user_id = 1 AND folder_id = 0 )  [ RunTime:0.0009s ]
SQL: SELECT * FROM `pan_file_folder` WHERE ( user_id = 1 AND id = 0 ) LIMIT 1   [ RunTime:0.0003s ]
INFO: [ view_parse ] --START--
INFO: [ template_filter ] --START--
INFO: Run Behavior\ContentReplaceBehavior [ RunTime:0.000034s ]
INFO: [ template_filter ] --END-- [ RunTime:0.000071s ]
INFO: Run Behavior\ParseTemplateBehavior [ RunTime:0.008509s ]
INFO: [ view_parse ] --END-- [ RunTime:0.008570s ]
INFO: [ view_filter ] --START--
INFO: Run Behavior\WriteHtmlCacheBehavior [ RunTime:0.000381s ]
INFO: [ view_filter ] --END-- [ RunTime:0.000412s ]
INFO: [ app_end ] --START--
INFO: Run Behavior\ShowPageTraceBehavior [ RunTime:0.000980s ]
INFO: [ app_end ] --END-- [ RunTime:0.001061s ]

[ 2016-09-03T10:11:16+08:00 ] ::1 /YunPan/index.php/Home/yun
INFO: [ app_begin ] --START--
INFO: Run Behavior\ReadHtmlCacheBehavior [ RunTime:0.000905s ]
INFO: [ app_begin ] --END-- [ RunTime:0.001434s ]
SQL: SHOW COLUMNS FROM `pan_file_folder` [ RunTime:0.0023s ]
SQL: SELECT * FROM `pan_file_folder` WHERE ( user_id = 1 AND parent_id = 0 )  [ RunTime:0.0004s ]
SQL: SHOW COLUMNS FROM `pan_file` [ RunTime:0.0018s ]
SQL: SELECT * FROM `pan_file` WHERE ( user_id = 1 AND folder_id = 0 )  [ RunTime:0.0008s ]
SQL: SELECT * FROM `pan_file_folder` WHERE ( user_id = 1 AND id = 0 ) LIMIT 1   [ RunTime:0.0004s ]
INFO: [ view_parse ] --START--
INFO: [ template_filter ] --START--
INFO: Run Behavior\ContentReplaceBehavior [ RunTime:0.000037s ]
INFO: [ template_filter ] --END-- [ RunTime:0.000075s ]
INFO: Run Behavior\ParseTemplateBehavior [ RunTime:0.006671s ]
INFO: [ view_parse ] --END-- [ RunTime:0.006728s ]
INFO: [ view_filter ] --START--
INFO: Run Behavior\WriteHtmlCacheBehavior [ RunTime:0.000449s ]
INFO: [ view_filter ] --END-- [ RunTime:0.000489s ]
INFO: [ app_end ] --START--
INFO: Run Behavior\ShowPageTraceBehavior [ RunTime:0.000816s ]
INFO: [ app_end ] --END-- [ RunTime:0.000897s ]

[ 2016-09-03T10:11:18+08:00 ] ::1 /YunPan/index.php/Home/yun
INFO: [ app_begin ] --START--
INFO: Run Behavior\ReadHtmlCacheBehavior [ RunTime:0.000878s ]
INFO: [ app_begin ] --END-- [ RunTime:0.001383s ]
SQL: SHOW COLUMNS FROM `pan_file_folder` [ RunTime:0.0019s ]
SQL: SELECT * FROM `pan_file_folder` WHERE ( user_id = 1 AND parent_id = 0 )  [ RunTime:0.0004s ]
SQL: SHOW COLUMNS FROM `pan_file` [ RunTime:0.0015s ]
SQL: SELECT * FROM `pan_file` WHERE ( user_id = 1 AND folder_id = 0 )  [ RunTime:0.0007s ]
SQL: SELECT * FROM `pan_file_folder` WHERE ( user_id = 1 AND id = 0 ) LIMIT 1   [ RunTime:0.0003s ]
INFO: [ view_parse ] --START--
INFO: [ template_filter ] --START--
INFO: Run Behavior\ContentReplaceBehavior [ RunTime:0.000079s ]
INFO: [ template_filter ] --END-- [ RunTime:0.000280s ]
INFO: Run Behavior\ParseTemplateBehavior [ RunTime:0.008115s ]
INFO: [ view_parse ] --END-- [ RunTime:0.008181s ]
INFO: [ view_filter ] --START--
INFO: Run Behavior\WriteHtmlCacheBehavior [ RunTime:0.000588s ]
INFO: [ view_filter ] --END-- [ RunTime:0.000627s ]
INFO: [ app_end ] --START--
INFO: Run Behavior\ShowPageTraceBehavior [ RunTime:0.000670s ]
INFO: [ app_end ] --END-- [ RunTime:0.000733s ]

[ 2016-09-03T10:11:20+08:00 ] ::1 /YunPan/index.php/Home/work
INFO: [ app_begin ] --START--
INFO: Run Behavior\ReadHtmlCacheBehavior [ RunTime:0.000595s ]
INFO: [ app_begin ] --END-- [ RunTime:0.001031s ]
INFO: [ view_parse ] --START--
INFO: Run Behavior\ParseTemplateBehavior [ RunTime:0.000709s ]
INFO: [ view_parse ] --END-- [ RunTime:0.000770s ]
INFO: [ view_filter ] --START--
INFO: Run Behavior\WriteHtmlCacheBehavior [ RunTime:0.000703s ]
INFO: [ view_filter ] --END-- [ RunTime:0.000750s ]
INFO: [ app_end ] --START--
INFO: Run Behavior\ShowPageTraceBehavior [ RunTime:0.000694s ]
INFO: [ app_end ] --END-- [ RunTime:0.000741s ]

[ 2016-09-03T10:11:27+08:00 ] ::1 /YunPan/index.php/Home/yun
INFO: [ app_begin ] --START--
INFO: Run Behavior\ReadHtmlCacheBehavior [ RunTime:0.000804s ]
INFO: [ app_begin ] --END-- [ RunTime:0.001538s ]
SQL: SHOW COLUMNS FROM `pan_file_folder` [ RunTime:0.0022s ]
SQL: SELECT * FROM `pan_file_folder` WHERE ( user_id = 1 AND parent_id = 0 )  [ RunTime:0.0006s ]
SQL: SHOW COLUMNS FROM `pan_file` [ RunTime:0.0011s ]
SQL: SELECT * FROM `pan_file` WHERE ( user_id = 1 AND folder_id = 0 )  [ RunTime:0.0028s ]
SQL: SELECT * FROM `pan_file_folder` WHERE ( user_id = 1 AND id = 0 ) LIMIT 1   [ RunTime:0.0006s ]
INFO: [ view_parse ] --START--
INFO: [ template_filter ] --START--
INFO: Run Behavior\ContentReplaceBehavior [ RunTime:0.000033s ]
INFO: [ template_filter ] --END-- [ RunTime:0.000067s ]
INFO: Run Behavior\ParseTemplateBehavior [ RunTime:0.008228s ]
INFO: [ view_parse ] --END-- [ RunTime:0.008276s ]
INFO: [ view_filter ] --START--
INFO: Run Behavior\WriteHtmlCacheBehavior [ RunTime:0.000393s ]
INFO: [ view_filter ] --END-- [ RunTime:0.000421s ]
INFO: [ app_end ] --START--
INFO: Run Behavior\ShowPageTraceBehavior [ RunTime:0.000706s ]
INFO: [ app_end ] --END-- [ RunTime:0.000764s ]

[ 2016-09-03T10:11:30+08:00 ] ::1 /YunPan/index.php/Home/yun
INFO: [ app_begin ] --START--
INFO: Run Behavior\ReadHtmlCacheBehavior [ RunTime:0.000606s ]
INFO: [ app_begin ] --END-- [ RunTime:0.001004s ]
SQL: SHOW COLUMNS FROM `pan_file_folder` [ RunTime:0.0007s ]
SQL: SELECT * FROM `pan_file_folder` WHERE ( user_id = 1 AND parent_id = 0 )  [ RunTime:0.0003s ]
SQL: SHOW COLUMNS FROM `pan_file` [ RunTime:0.0008s ]
SQL: SELECT * FROM `pan_file` WHERE ( user_id = 1 AND folder_id = 0 )  [ RunTime:0.0009s ]
SQL: SELECT * FROM `pan_file_folder` WHERE ( user_id = 1 AND id = 0 ) LIMIT 1   [ RunTime:0.0003s ]
INFO: [ view_parse ] --START--
INFO: [ template_filter ] --START--
INFO: Run Behavior\ContentReplaceBehavior [ RunTime:0.000038s ]
INFO: [ template_filter ] --END-- [ RunTime:0.000079s ]
INFO: Run Behavior\ParseTemplateBehavior [ RunTime:0.006341s ]
INFO: [ view_parse ] --END-- [ RunTime:0.006392s ]
INFO: [ view_filter ] --START--
INFO: Run Behavior\WriteHtmlCacheBehavior [ RunTime:0.000286s ]
INFO: [ view_filter ] --END-- [ RunTime:0.000318s ]
INFO: [ app_end ] --START--
INFO: Run Behavior\ShowPageTraceBehavior [ RunTime:0.000755s ]
INFO: [ app_end ] --END-- [ RunTime:0.000827s ]

[ 2016-09-03T10:12:14+08:00 ] ::1 /YunPan/index.php/Home/yun
INFO: [ app_begin ] --START--
INFO: Run Behavior\ReadHtmlCacheBehavior [ RunTime:0.001514s ]
INFO: [ app_begin ] --END-- [ RunTime:0.002110s ]
SQL: SHOW COLUMNS FROM `pan_file_folder` [ RunTime:0.0007s ]
SQL: SELECT * FROM `pan_file_folder` WHERE ( user_id = 1 AND parent_id = 0 )  [ RunTime:0.0004s ]
SQL: SHOW COLUMNS FROM `pan_file` [ RunTime:0.0006s ]
SQL: SELECT * FROM `pan_file` WHERE ( user_id = 1 AND folder_id = 0 )  [ RunTime:0.0007s ]
SQL: SELECT * FROM `pan_file_folder` WHERE ( user_id = 1 AND id = 0 ) LIMIT 1   [ RunTime:0.0003s ]
INFO: [ view_parse ] --START--
INFO: [ template_filter ] --START--
INFO: Run Behavior\ContentReplaceBehavior [ RunTime:0.000050s ]
INFO: [ template_filter ] --END-- [ RunTime:0.000110s ]
INFO: Run Behavior\ParseTemplateBehavior [ RunTime:0.008037s ]
INFO: [ view_parse ] --END-- [ RunTime:0.008111s ]
INFO: [ view_filter ] --START--
INFO: Run Behavior\WriteHtmlCacheBehavior [ RunTime:0.000442s ]
INFO: [ view_filter ] --END-- [ RunTime:0.000490s ]
INFO: [ app_end ] --START--
INFO: Run Behavior\ShowPageTraceBehavior [ RunTime:0.001103s ]
INFO: [ app_end ] --END-- [ RunTime:0.001185s ]

[ 2016-09-03T10:17:11+08:00 ] ::1 /YunPan/index.php/Home/yun
INFO: [ app_begin ] --START--
INFO: Run Behavior\ReadHtmlCacheBehavior [ RunTime:0.000497s ]
INFO: [ app_begin ] --END-- [ RunTime:0.000811s ]
SQL: SHOW COLUMNS FROM `pan_file_folder` [ RunTime:0.0010s ]
SQL: SELECT * FROM `pan_file_folder` WHERE ( user_id = 1 AND parent_id = 0 )  [ RunTime:0.0004s ]
SQL: SHOW COLUMNS FROM `pan_file` [ RunTime:0.0007s ]
SQL: SELECT * FROM `pan_file` WHERE ( user_id = 1 AND folder_id = 0 )  [ RunTime:0.0006s ]
SQL: SELECT * FROM `pan_file_folder` WHERE ( user_id = 1 AND id = 0 ) LIMIT 1   [ RunTime:0.0003s ]
INFO: [ view_parse ] --START--
INFO: [ template_filter ] --START--
INFO: Run Behavior\ContentReplaceBehavior [ RunTime:0.000046s ]
INFO: [ template_filter ] --END-- [ RunTime:0.000096s ]
INFO: Run Behavior\ParseTemplateBehavior [ RunTime:0.007576s ]
INFO: [ view_parse ] --END-- [ RunTime:0.007642s ]
INFO: [ view_filter ] --START--
INFO: Run Behavior\WriteHtmlCacheBehavior [ RunTime:0.000597s ]
INFO: [ view_filter ] --END-- [ RunTime:0.000639s ]
INFO: [ app_end ] --START--
INFO: Run Behavior\ShowPageTraceBehavior [ RunTime:0.001085s ]
INFO: [ app_end ] --END-- [ RunTime:0.001165s ]

[ 2016-09-03T10:17:12+08:00 ] ::1 /YunPan/index.php/Home/yun
INFO: [ app_begin ] --START--
INFO: Run Behavior\ReadHtmlCacheBehavior [ RunTime:0.000398s ]
INFO: [ app_begin ] --END-- [ RunTime:0.000723s ]
SQL: SHOW COLUMNS FROM `pan_file_folder` [ RunTime:0.0007s ]
SQL: SELECT * FROM `pan_file_folder` WHERE ( user_id = 1 AND parent_id = 0 )  [ RunTime:0.0007s ]
SQL: SHOW COLUMNS FROM `pan_file` [ RunTime:0.0008s ]
SQL: SELECT * FROM `pan_file` WHERE ( user_id = 1 AND folder_id = 0 )  [ RunTime:0.0010s ]
SQL: SELECT * FROM `pan_file_folder` WHERE ( user_id = 1 AND id = 0 ) LIMIT 1   [ RunTime:0.0003s ]
INFO: [ view_parse ] --START--
INFO: [ template_filter ] --START--
INFO: Run Behavior\ContentReplaceBehavior [ RunTime:0.000037s ]
INFO: [ template_filter ] --END-- [ RunTime:0.000074s ]
INFO: Run Behavior\ParseTemplateBehavior [ RunTime:0.005937s ]
INFO: [ view_parse ] --END-- [ RunTime:0.005993s ]
INFO: [ view_filter ] --START--
INFO: Run Behavior\WriteHtmlCacheBehavior [ RunTime:0.000345s ]
INFO: [ view_filter ] --END-- [ RunTime:0.000386s ]
INFO: [ app_end ] --START--
INFO: Run Behavior\ShowPageTraceBehavior [ RunTime:0.000520s ]
INFO: [ app_end ] --END-- [ RunTime:0.000564s ]

[ 2016-09-03T10:17:13+08:00 ] ::1 /YunPan/index.php/Home/yun
INFO: [ app_begin ] --START--
INFO: Run Behavior\ReadHtmlCacheBehavior [ RunTime:0.000389s ]
INFO: [ app_begin ] --END-- [ RunTime:0.000674s ]
SQL: SHOW COLUMNS FROM `pan_file_folder` [ RunTime:0.0010s ]
SQL: SELECT * FROM `pan_file_folder` WHERE ( user_id = 1 AND parent_id = 0 )  [ RunTime:0.0004s ]
SQL: SHOW COLUMNS FROM `pan_file` [ RunTime:0.0007s ]
SQL: SELECT * FROM `pan_file` WHERE ( user_id = 1 AND folder_id = 0 )  [ RunTime:0.0009s ]
SQL: SELECT * FROM `pan_file_folder` WHERE ( user_id = 1 AND id = 0 ) LIMIT 1   [ RunTime:0.0004s ]
INFO: [ view_parse ] --START--
INFO: [ template_filter ] --START--
INFO: Run Behavior\ContentReplaceBehavior [ RunTime:0.000031s ]
INFO: [ template_filter ] --END-- [ RunTime:0.000062s ]
INFO: Run Behavior\ParseTemplateBehavior [ RunTime:0.005397s ]
INFO: [ view_parse ] --END-- [ RunTime:0.005458s ]
INFO: [ view_filter ] --START--
INFO: Run Behavior\WriteHtmlCacheBehavior [ RunTime:0.000199s ]
INFO: [ view_filter ] --END-- [ RunTime:0.000219s ]
INFO: [ app_end ] --START--
INFO: Run Behavior\ShowPageTraceBehavior [ RunTime:0.000616s ]
INFO: [ app_end ] --END-- [ RunTime:0.000668s ]

[ 2016-09-03T10:17:14+08:00 ] ::1 /YunPan/index.php/Home/work
INFO: [ app_begin ] --START--
INFO: Run Behavior\ReadHtmlCacheBehavior [ RunTime:0.000449s ]
INFO: [ app_begin ] --END-- [ RunTime:0.000928s ]
INFO: [ view_parse ] --START--
INFO: Run Behavior\ParseTemplateBehavior [ RunTime:0.000257s ]
INFO: [ view_parse ] --END-- [ RunTime:0.000292s ]
INFO: [ view_filter ] --START--
INFO: Run Behavior\WriteHtmlCacheBehavior [ RunTime:0.000243s ]
INFO: [ view_filter ] --END-- [ RunTime:0.000271s ]
INFO: [ app_end ] --START--
INFO: Run Behavior\ShowPageTraceBehavior [ RunTime:0.000394s ]
INFO: [ app_end ] --END-- [ RunTime:0.000429s ]

[ 2016-09-03T10:17:15+08:00 ] ::1 /YunPan/index.php/Home/yun
INFO: [ app_begin ] --START--
INFO: Run Behavior\ReadHtmlCacheBehavior [ RunTime:0.000778s ]
INFO: [ app_begin ] --END-- [ RunTime:0.001305s ]
SQL: SHOW COLUMNS FROM `pan_file_folder` [ RunTime:0.0008s ]
SQL: SELECT * FROM `pan_file_folder` WHERE ( user_id = 1 AND parent_id = 0 )  [ RunTime:0.0004s ]
SQL: SHOW COLUMNS FROM `pan_file` [ RunTime:0.0006s ]
SQL: SELECT * FROM `pan_file` WHERE ( user_id = 1 AND folder_id = 0 )  [ RunTime:0.0007s ]
SQL: SELECT * FROM `pan_file_folder` WHERE ( user_id = 1 AND id = 0 ) LIMIT 1   [ RunTime:0.0003s ]
INFO: [ view_parse ] --START--
INFO: [ template_filter ] --START--
INFO: Run Behavior\ContentReplaceBehavior [ RunTime:0.000034s ]
INFO: [ template_filter ] --END-- [ RunTime:0.000067s ]
INFO: Run Behavior\ParseTemplateBehavior [ RunTime:0.005873s ]
INFO: [ view_parse ] --END-- [ RunTime:0.005937s ]
INFO: [ view_filter ] --START--
INFO: Run Behavior\WriteHtmlCacheBehavior [ RunTime:0.000422s ]
INFO: [ view_filter ] --END-- [ RunTime:0.000473s ]
INFO: [ app_end ] --START--
INFO: Run Behavior\ShowPageTraceBehavior [ RunTime:0.001496s ]
INFO: [ app_end ] --END-- [ RunTime:0.001595s ]

[ 2016-09-03T10:18:19+08:00 ] ::1 /YunPan/index.php/Home/yun
INFO: [ app_begin ] --START--
INFO: Run Behavior\ReadHtmlCacheBehavior [ RunTime:0.000414s ]
INFO: [ app_begin ] --END-- [ RunTime:0.000748s ]
SQL: SHOW COLUMNS FROM `pan_file_folder` [ RunTime:0.0011s ]
SQL: SELECT * FROM `pan_file_folder` WHERE ( user_id = 1 AND parent_id = 0 )  [ RunTime:0.0005s ]
SQL: SHOW COLUMNS FROM `pan_file` [ RunTime:0.0007s ]
SQL: SELECT * FROM `pan_file` WHERE ( user_id = 1 AND folder_id = 0 )  [ RunTime:0.0008s ]
SQL: SELECT * FROM `pan_file_folder` WHERE ( user_id = 1 AND id = 0 ) LIMIT 1   [ RunTime:0.0006s ]
INFO: [ view_parse ] --START--
INFO: [ template_filter ] --START--
INFO: Run Behavior\ContentReplaceBehavior [ RunTime:0.000035s ]
INFO: [ template_filter ] --END-- [ RunTime:0.000067s ]
INFO: Run Behavior\ParseTemplateBehavior [ RunTime:0.005869s ]
INFO: [ view_parse ] --END-- [ RunTime:0.005930s ]
INFO: [ view_filter ] --START--
INFO: Run Behavior\WriteHtmlCacheBehavior [ RunTime:0.000249s ]
INFO: [ view_filter ] --END-- [ RunTime:0.000273s ]
INFO: [ app_end ] --START--
INFO: Run Behavior\ShowPageTraceBehavior [ RunTime:0.000518s ]
INFO: [ app_end ] --END-- [ RunTime:0.000569s ]

[ 2016-09-03T10:18:21+08:00 ] ::1 /YunPan/index.php/Home/yun
INFO: [ app_begin ] --START--
INFO: Run Behavior\ReadHtmlCacheBehavior [ RunTime:0.000699s ]
INFO: [ app_begin ] --END-- [ RunTime:0.001239s ]
SQL: SHOW COLUMNS FROM `pan_file_folder` [ RunTime:0.0006s ]
SQL: SELECT * FROM `pan_file_folder` WHERE ( user_id = 1 AND parent_id = 0 )  [ RunTime:0.0004s ]
SQL: SHOW COLUMNS FROM `pan_file` [ RunTime:0.0006s ]
SQL: SELECT * FROM `pan_file` WHERE ( user_id = 1 AND folder_id = 0 )  [ RunTime:0.0006s ]
SQL: SELECT * FROM `pan_file_folder` WHERE ( user_id = 1 AND id = 0 ) LIMIT 1   [ RunTime:0.0003s ]
INFO: [ view_parse ] --START--
INFO: [ template_filter ] --START--
INFO: Run Behavior\ContentReplaceBehavior [ RunTime:0.000031s ]
INFO: [ template_filter ] --END-- [ RunTime:0.000061s ]
INFO: Run Behavior\ParseTemplateBehavior [ RunTime:0.004875s ]
INFO: [ view_parse ] --END-- [ RunTime:0.004923s ]
INFO: [ view_filter ] --START--
INFO: Run Behavior\WriteHtmlCacheBehavior [ RunTime:0.000237s ]
INFO: [ view_filter ] --END-- [ RunTime:0.000259s ]
INFO: [ app_end ] --START--
INFO: Run Behavior\ShowPageTraceBehavior [ RunTime:0.000590s ]
INFO: [ app_end ] --END-- [ RunTime:0.000631s ]

[ 2016-09-03T10:18:23+08:00 ] ::1 /YunPan/index.php/Home/yun
INFO: [ app_begin ] --START--
INFO: Run Behavior\ReadHtmlCacheBehavior [ RunTime:0.000598s ]
INFO: [ app_begin ] --END-- [ RunTime:0.001066s ]
SQL: SHOW COLUMNS FROM `pan_file_folder` [ RunTime:0.0092s ]
SQL: SELECT * FROM `pan_file_folder` WHERE ( user_id = 1 AND parent_id = 0 )  [ RunTime:0.0005s ]
SQL: SHOW COLUMNS FROM `pan_file` [ RunTime:0.0025s ]
SQL: SELECT * FROM `pan_file` WHERE ( user_id = 1 AND folder_id = 0 )  [ RunTime:0.0008s ]
SQL: SELECT * FROM `pan_file_folder` WHERE ( user_id = 1 AND id = 0 ) LIMIT 1   [ RunTime:0.0004s ]
INFO: [ view_parse ] --START--
INFO: [ template_filter ] --START--
INFO: Run Behavior\ContentReplaceBehavior [ RunTime:0.000084s ]
INFO: [ template_filter ] --END-- [ RunTime:0.000171s ]
INFO: Run Behavior\ParseTemplateBehavior [ RunTime:0.007162s ]
INFO: [ view_parse ] --END-- [ RunTime:0.007218s ]
INFO: [ view_filter ] --START--
INFO: Run Behavior\WriteHtmlCacheBehavior [ RunTime:0.000285s ]
INFO: [ view_filter ] --END-- [ RunTime:0.000319s ]
INFO: [ app_end ] --START--
INFO: Run Behavior\ShowPageTraceBehavior [ RunTime:0.000688s ]
INFO: [ app_end ] --END-- [ RunTime:0.000818s ]

[ 2016-09-03T10:18:26+08:00 ] ::1 /YunPan/index.php/Home/yun
INFO: [ app_begin ] --START--
INFO: Run Behavior\ReadHtmlCacheBehavior [ RunTime:0.000529s ]
INFO: [ app_begin ] --END-- [ RunTime:0.000930s ]
SQL: SHOW COLUMNS FROM `pan_file_folder` [ RunTime:0.0006s ]
SQL: SELECT * FROM `pan_file_folder` WHERE ( user_id = 1 AND parent_id = 0 )  [ RunTime:0.0003s ]
SQL: SHOW COLUMNS FROM `pan_file` [ RunTime:0.0007s ]
SQL: SELECT * FROM `pan_file` WHERE ( user_id = 1 AND folder_id = 0 )  [ RunTime:0.0007s ]
SQL: SELECT * FROM `pan_file_folder` WHERE ( user_id = 1 AND id = 0 ) LIMIT 1   [ RunTime:0.0003s ]
INFO: [ view_parse ] --START--
INFO: [ template_filter ] --START--
INFO: Run Behavior\ContentReplaceBehavior [ RunTime:0.000030s ]
INFO: [ template_filter ] --END-- [ RunTime:0.000061s ]
INFO: Run Behavior\ParseTemplateBehavior [ RunTime:0.005768s ]
INFO: [ view_parse ] --END-- [ RunTime:0.005834s ]
INFO: [ view_filter ] --START--
INFO: Run Behavior\WriteHtmlCacheBehavior [ RunTime:0.000324s ]
INFO: [ view_filter ] --END-- [ RunTime:0.000353s ]
INFO: [ app_end ] --START--
INFO: Run Behavior\ShowPageTraceBehavior [ RunTime:0.000687s ]
INFO: [ app_end ] --END-- [ RunTime:0.000745s ]

[ 2016-09-03T10:18:27+08:00 ] ::1 /YunPan/index.php/Home/yun
INFO: [ app_begin ] --START--
INFO: Run Behavior\ReadHtmlCacheBehavior [ RunTime:0.000678s ]
INFO: [ app_begin ] --END-- [ RunTime:0.001135s ]
SQL: SHOW COLUMNS FROM `pan_file_folder` [ RunTime:0.0007s ]
SQL: SELECT * FROM `pan_file_folder` WHERE ( user_id = 1 AND parent_id = 0 )  [ RunTime:0.0027s ]
SQL: SHOW COLUMNS FROM `pan_file` [ RunTime:0.0007s ]
SQL: SELECT * FROM `pan_file` WHERE ( user_id = 1 AND folder_id = 0 )  [ RunTime:0.0009s ]
SQL: SELECT * FROM `pan_file_folder` WHERE ( user_id = 1 AND id = 0 ) LIMIT 1   [ RunTime:0.0006s ]
INFO: [ view_parse ] --START--
INFO: [ template_filter ] --START--
INFO: Run Behavior\ContentReplaceBehavior [ RunTime:0.000035s ]
INFO: [ template_filter ] --END-- [ RunTime:0.000068s ]
INFO: Run Behavior\ParseTemplateBehavior [ RunTime:0.005336s ]
INFO: [ view_parse ] --END-- [ RunTime:0.005385s ]
INFO: [ view_filter ] --START--
INFO: Run Behavior\WriteHtmlCacheBehavior [ RunTime:0.000308s ]
INFO: [ view_filter ] --END-- [ RunTime:0.000345s ]
INFO: [ app_end ] --START--
INFO: Run Behavior\ShowPageTraceBehavior [ RunTime:0.000534s ]
INFO: [ app_end ] --END-- [ RunTime:0.000578s ]

[ 2016-09-03T10:18:28+08:00 ] ::1 /YunPan/index.php/Home/yun
INFO: [ app_begin ] --START--
INFO: Run Behavior\ReadHtmlCacheBehavior [ RunTime:0.000484s ]
INFO: [ app_begin ] --END-- [ RunTime:0.000795s ]
SQL: SHOW COLUMNS FROM `pan_file_folder` [ RunTime:0.0012s ]
SQL: SELECT * FROM `pan_file_folder` WHERE ( user_id = 1 AND parent_id = 0 )  [ RunTime:0.0006s ]
SQL: SHOW COLUMNS FROM `pan_file` [ RunTime:0.0006s ]
SQL: SELECT * FROM `pan_file` WHERE ( user_id = 1 AND folder_id = 0 )  [ RunTime:0.0006s ]
SQL: SELECT * FROM `pan_file_folder` WHERE ( user_id = 1 AND id = 0 ) LIMIT 1   [ RunTime:0.0003s ]
INFO: [ view_parse ] --START--
INFO: [ template_filter ] --START--
INFO: Run Behavior\ContentReplaceBehavior [ RunTime:0.000044s ]
INFO: [ template_filter ] --END-- [ RunTime:0.000083s ]
INFO: Run Behavior\ParseTemplateBehavior [ RunTime:0.004966s ]
INFO: [ view_parse ] --END-- [ RunTime:0.005003s ]
INFO: [ view_filter ] --START--
INFO: Run Behavior\WriteHtmlCacheBehavior [ RunTime:0.000207s ]
INFO: [ view_filter ] --END-- [ RunTime:0.000230s ]
INFO: [ app_end ] --START--
INFO: Run Behavior\ShowPageTraceBehavior [ RunTime:0.000560s ]
INFO: [ app_end ] --END-- [ RunTime:0.000605s ]

[ 2016-09-03T10:18:28+08:00 ] ::1 /YunPan/index.php/Home/yun
INFO: [ app_begin ] --START--
INFO: Run Behavior\ReadHtmlCacheBehavior [ RunTime:0.000358s ]
INFO: [ app_begin ] --END-- [ RunTime:0.000629s ]
SQL: SHOW COLUMNS FROM `pan_file_folder` [ RunTime:0.0006s ]
SQL: SELECT * FROM `pan_file_folder` WHERE ( user_id = 1 AND parent_id = 0 )  [ RunTime:0.0003s ]
SQL: SHOW COLUMNS FROM `pan_file` [ RunTime:0.0006s ]
SQL: SELECT * FROM `pan_file` WHERE ( user_id = 1 AND folder_id = 0 )  [ RunTime:0.0007s ]
SQL: SELECT * FROM `pan_file_folder` WHERE ( user_id = 1 AND id = 0 ) LIMIT 1   [ RunTime:0.0003s ]
INFO: [ view_parse ] --START--
INFO: [ template_filter ] --START--
INFO: Run Behavior\ContentReplaceBehavior [ RunTime:0.000032s ]
INFO: [ template_filter ] --END-- [ RunTime:0.000065s ]
INFO: Run Behavior\ParseTemplateBehavior [ RunTime:0.006552s ]
INFO: [ view_parse ] --END-- [ RunTime:0.006623s ]
INFO: [ view_filter ] --START--
INFO: Run Behavior\WriteHtmlCacheBehavior [ RunTime:0.000593s ]
INFO: [ view_filter ] --END-- [ RunTime:0.000646s ]
INFO: [ app_end ] --START--
INFO: Run Behavior\ShowPageTraceBehavior [ RunTime:0.000686s ]
INFO: [ app_end ] --END-- [ RunTime:0.000756s ]

[ 2016-09-03T10:18:50+08:00 ] ::1 /YunPan/index.php/Home/yun
INFO: [ app_begin ] --START--
INFO: Run Behavior\ReadHtmlCacheBehavior [ RunTime:0.000342s ]
INFO: [ app_begin ] --END-- [ RunTime:0.000618s ]
SQL: SHOW COLUMNS FROM `pan_file_folder` [ RunTime:0.0021s ]
SQL: SELECT * FROM `pan_file_folder` WHERE ( user_id = 1 AND parent_id = 0 )  [ RunTime:0.0005s ]
SQL: SHOW COLUMNS FROM `pan_file` [ RunTime:0.0007s ]
SQL: SELECT * FROM `pan_file` WHERE ( user_id = 1 AND folder_id = 0 )  [ RunTime:0.0008s ]
SQL: SELECT * FROM `pan_file_folder` WHERE ( user_id = 1 AND id = 0 ) LIMIT 1   [ RunTime:0.0003s ]
INFO: [ view_parse ] --START--
INFO: [ template_filter ] --START--
INFO: Run Behavior\ContentReplaceBehavior [ RunTime:0.000039s ]
INFO: [ template_filter ] --END-- [ RunTime:0.000080s ]
INFO: Run Behavior\ParseTemplateBehavior [ RunTime:0.006274s ]
INFO: [ view_parse ] --END-- [ RunTime:0.006323s ]
INFO: [ view_filter ] --START--
INFO: Run Behavior\WriteHtmlCacheBehavior [ RunTime:0.000215s ]
INFO: [ view_filter ] --END-- [ RunTime:0.000240s ]
INFO: [ app_end ] --START--
INFO: Run Behavior\ShowPageTraceBehavior [ RunTime:0.000402s ]
INFO: [ app_end ] --END-- [ RunTime:0.000435s ]

[ 2016-09-03T10:18:51+08:00 ] ::1 /YunPan/index.php/Home/yun
INFO: [ app_begin ] --START--
INFO: Run Behavior\ReadHtmlCacheBehavior [ RunTime:0.000348s ]
INFO: [ app_begin ] --END-- [ RunTime:0.000627s ]
SQL: SHOW COLUMNS FROM `pan_file_folder` [ RunTime:0.0008s ]
SQL: SELECT * FROM `pan_file_folder` WHERE ( user_id = 1 AND parent_id = 0 )  [ RunTime:0.0014s ]
SQL: SHOW COLUMNS FROM `pan_file` [ RunTime:0.0011s ]
SQL: SELECT * FROM `pan_file` WHERE ( user_id = 1 AND folder_id = 0 )  [ RunTime:0.0011s ]
SQL: SELECT * FROM `pan_file_folder` WHERE ( user_id = 1 AND id = 0 ) LIMIT 1   [ RunTime:0.0004s ]
INFO: [ view_parse ] --START--
INFO: [ template_filter ] --START--
INFO: Run Behavior\ContentReplaceBehavior [ RunTime:0.000046s ]
INFO: [ template_filter ] --END-- [ RunTime:0.000102s ]
INFO: Run Behavior\ParseTemplateBehavior [ RunTime:0.007395s ]
INFO: [ view_parse ] --END-- [ RunTime:0.007579s ]
INFO: [ view_filter ] --START--
INFO: Run Behavior\WriteHtmlCacheBehavior [ RunTime:0.000440s ]
INFO: [ view_filter ] --END-- [ RunTime:0.000488s ]
INFO: [ app_end ] --START--
INFO: Run Behavior\ShowPageTraceBehavior [ RunTime:0.000781s ]
INFO: [ app_end ] --END-- [ RunTime:0.000868s ]

[ 2016-09-03T10:18:57+08:00 ] ::1 /YunPan/index.php/Home/yun
INFO: [ app_begin ] --START--
INFO: Run Behavior\ReadHtmlCacheBehavior [ RunTime:0.000372s ]
INFO: [ app_begin ] --END-- [ RunTime:0.000695s ]
SQL: SHOW COLUMNS FROM `pan_file_folder` [ RunTime:0.0007s ]
SQL: SELECT * FROM `pan_file_folder` WHERE ( user_id = 1 AND parent_id = 0 )  [ RunTime:0.0004s ]
SQL: SHOW COLUMNS FROM `pan_file` [ RunTime:0.0007s ]
SQL: SELECT * FROM `pan_file` WHERE ( user_id = 1 AND folder_id = 0 )  [ RunTime:0.0012s ]
SQL: SELECT * FROM `pan_file_folder` WHERE ( user_id = 1 AND id = 0 ) LIMIT 1   [ RunTime:0.0006s ]
INFO: [ view_parse ] --START--
INFO: [ template_filter ] --START--
INFO: Run Behavior\ContentReplaceBehavior [ RunTime:0.000032s ]
INFO: [ template_filter ] --END-- [ RunTime:0.000065s ]
INFO: Run Behavior\ParseTemplateBehavior [ RunTime:0.005528s ]
INFO: [ view_parse ] --END-- [ RunTime:0.005577s ]
INFO: [ view_filter ] --START--
INFO: Run Behavior\WriteHtmlCacheBehavior [ RunTime:0.000275s ]
INFO: [ view_filter ] --END-- [ RunTime:0.000314s ]
INFO: [ app_end ] --START--
INFO: Run Behavior\ShowPageTraceBehavior [ RunTime:0.000577s ]
INFO: [ app_end ] --END-- [ RunTime:0.000641s ]

[ 2016-09-03T10:18:58+08:00 ] ::1 /YunPan/index.php/Home/yun
INFO: [ app_begin ] --START--
INFO: Run Behavior\ReadHtmlCacheBehavior [ RunTime:0.000579s ]
INFO: [ app_begin ] --END-- [ RunTime:0.000995s ]
SQL: SHOW COLUMNS FROM `pan_file_folder` [ RunTime:0.0009s ]
SQL: SELECT * FROM `pan_file_folder` WHERE ( user_id = 1 AND parent_id = 0 )  [ RunTime:0.0003s ]
SQL: SHOW COLUMNS FROM `pan_file` [ RunTime:0.0006s ]
SQL: SELECT * FROM `pan_file` WHERE ( user_id = 1 AND folder_id = 0 )  [ RunTime:0.0007s ]
SQL: SELECT * FROM `pan_file_folder` WHERE ( user_id = 1 AND id = 0 ) LIMIT 1   [ RunTime:0.0003s ]
INFO: [ view_parse ] --START--
INFO: [ template_filter ] --START--
INFO: Run Behavior\ContentReplaceBehavior [ RunTime:0.000031s ]
INFO: [ template_filter ] --END-- [ RunTime:0.000058s ]
INFO: Run Behavior\ParseTemplateBehavior [ RunTime:0.004969s ]
INFO: [ view_parse ] --END-- [ RunTime:0.005016s ]
INFO: [ view_filter ] --START--
INFO: Run Behavior\WriteHtmlCacheBehavior [ RunTime:0.000285s ]
INFO: [ view_filter ] --END-- [ RunTime:0.000332s ]
INFO: [ app_end ] --START--
INFO: Run Behavior\ShowPageTraceBehavior [ RunTime:0.000698s ]
INFO: [ app_end ] --END-- [ RunTime:0.000760s ]

[ 2016-09-03T10:20:23+08:00 ] ::1 /YunPan/index.php/Home/Upload/file
INFO: [ app_begin ] --START--
INFO: Run Behavior\ReadHtmlCacheBehavior [ RunTime:0.000523s ]
INFO: [ app_begin ] --END-- [ RunTime:0.000878s ]
NOTIC: [2] call_user_func() expects parameter 1 to be a valid callback, no array or string given D:\Workspace\YunPan\ThinkPHP\Library\Think\Upload.class.php 第 170 行.
SQL: SHOW COLUMNS FROM `pan_file_root` [ RunTime:0.0019s ]
SQL: SHOW COLUMNS FROM `pan_file` [ RunTime:0.0006s ]
SQL: INSERT INTO `pan_file_root` (`file_name`,`save_name`,`save_path`,`file_size`,`file_ext`,`file_mime`) VALUES ('AdminLTE-2.3.6.zip','57ca3366df335.zip','1/','7327161','zip','application/x-zip-compressed') [ RunTime:0.0613s ]
SQL: INSERT INTO `pan_file` (`user_id`,`file_id`,`folder_id`,`file_name`,`file_size`,`mime`) VALUES ('1','156','0','AdminLTE-2.3.6.zip','7327161','application/x-zip-compressed') [ RunTime:0.0510s ]
INFO: [ app_end ] --START--
INFO: Run Behavior\ShowPageTraceBehavior [ RunTime:0.001432s ]
INFO: [ app_end ] --END-- [ RunTime:0.001468s ]

[ 2016-09-03T10:20:52+08:00 ] ::1 /YunPan/index.php/Home/Upload/file
INFO: [ app_begin ] --START--
INFO: Run Behavior\ReadHtmlCacheBehavior [ RunTime:0.000772s ]
INFO: [ app_begin ] --END-- [ RunTime:0.001113s ]
NOTIC: [2] call_user_func() expects parameter 1 to be a valid callback, no array or string given D:\Workspace\YunPan\ThinkPHP\Library\Think\Upload.class.php 第 170 行.
SQL: SHOW COLUMNS FROM `pan_file_root` [ RunTime:0.0018s ]
SQL: SHOW COLUMNS FROM `pan_file` [ RunTime:0.0010s ]
SQL: INSERT INTO `pan_file_root` (`file_name`,`save_name`,`save_path`,`file_size`,`file_ext`,`file_mime`) VALUES ('QQSpeed2.00_Beta34_Build035_20160817_dynamic_QQVIPDL_speeded_signed.exe','57ca338403a32.exe','1/','3360376','exe','application/x-msdownload') [ RunTime:0.0746s ]
SQL: INSERT INTO `pan_file` (`user_id`,`file_id`,`folder_id`,`file_name`,`file_size`,`mime`) VALUES ('1','157','0','QQSpeed2.00_Beta34_Build035_20160817_dynamic_QQVIPDL_speeded_signed.exe','3360376','application/x-msdownload') [ RunTime:0.0401s ]
INFO: [ app_end ] --START--
INFO: Run Behavior\ShowPageTraceBehavior [ RunTime:0.002244s ]
INFO: [ app_end ] --END-- [ RunTime:0.002292s ]

[ 2016-09-03T17:32:59+08:00 ] ::1 /YunPan/index.php/Home/Login/check
INFO: [ app_begin ] --START--
INFO: Run Behavior\ReadHtmlCacheBehavior [ RunTime:0.000405s ]
INFO: [ app_begin ] --END-- [ RunTime:0.000761s ]
SQL: SHOW COLUMNS FROM `pan_user` [ RunTime:0.4358s ]
SQL: SELECT * FROM `pan_user` WHERE ( username = 'admin' AND password = 'e10adc3949ba59abbe56e057f20f883e' ) LIMIT 1   [ RunTime:0.0755s ]
INFO: [ app_end ] --START--
INFO: Run Behavior\ShowPageTraceBehavior [ RunTime:0.000625s ]
INFO: [ app_end ] --END-- [ RunTime:0.000662s ]

[ 2016-09-03T17:38:37+08:00 ] ::1 /YunPan/index.php/Home/work
INFO: [ app_begin ] --START--
INFO: Run Behavior\ReadHtmlCacheBehavior [ RunTime:0.000529s ]
INFO: [ app_begin ] --END-- [ RunTime:0.000974s ]
INFO: [ view_parse ] --START--
INFO: Run Behavior\ParseTemplateBehavior [ RunTime:0.000562s ]
INFO: [ view_parse ] --END-- [ RunTime:0.000599s ]
INFO: [ view_filter ] --START--
INFO: Run Behavior\WriteHtmlCacheBehavior [ RunTime:0.000305s ]
INFO: [ view_filter ] --END-- [ RunTime:0.000327s ]
INFO: [ app_end ] --START--
INFO: Run Behavior\ShowPageTraceBehavior [ RunTime:0.000520s ]
INFO: [ app_end ] --END-- [ RunTime:0.000547s ]

[ 2016-09-03T17:38:39+08:00 ] ::1 /YunPan/index.php/Home/yun
INFO: [ app_begin ] --START--
INFO: Run Behavior\ReadHtmlCacheBehavior [ RunTime:0.000481s ]
INFO: [ app_begin ] --END-- [ RunTime:0.000903s ]
SQL: SHOW COLUMNS FROM `pan_file_folder` [ RunTime:0.1015s ]
SQL: SELECT * FROM `pan_file_folder` WHERE ( user_id = 1 AND parent_id = 0 )  [ RunTime:0.0005s ]
SQL: SHOW COLUMNS FROM `pan_file` [ RunTime:0.0300s ]
SQL: SELECT * FROM `pan_file` WHERE ( user_id = 1 AND folder_id = 0 )  [ RunTime:0.0008s ]
SQL: SELECT * FROM `pan_file_folder` WHERE ( user_id = 1 AND id = 0 ) LIMIT 1   [ RunTime:0.0003s ]
INFO: [ view_parse ] --START--
INFO: [ template_filter ] --START--
INFO: Run Behavior\ContentReplaceBehavior [ RunTime:0.000064s ]
INFO: [ template_filter ] --END-- [ RunTime:0.000099s ]
INFO: Run Behavior\ParseTemplateBehavior [ RunTime:0.016167s ]
INFO: [ view_parse ] --END-- [ RunTime:0.016237s ]
INFO: [ view_filter ] --START--
INFO: Run Behavior\WriteHtmlCacheBehavior [ RunTime:0.000254s ]
INFO: [ view_filter ] --END-- [ RunTime:0.000281s ]
INFO: [ app_end ] --START--
INFO: Run Behavior\ShowPageTraceBehavior [ RunTime:0.000453s ]
INFO: [ app_end ] --END-- [ RunTime:0.000495s ]

[ 2016-09-03T17:38:49+08:00 ] ::1 /YunPan/index.php/Home/Yun/index/parent_id/1
INFO: [ app_begin ] --START--
INFO: Run Behavior\ReadHtmlCacheBehavior [ RunTime:0.000427s ]
INFO: [ app_begin ] --END-- [ RunTime:0.000853s ]
SQL: SHOW COLUMNS FROM `pan_file_folder` [ RunTime:0.0029s ]
SQL: SELECT * FROM `pan_file_folder` WHERE ( user_id = 1 AND parent_id = 1 )  [ RunTime:0.0005s ]
SQL: SHOW COLUMNS FROM `pan_file` [ RunTime:0.0039s ]
SQL: SELECT * FROM `pan_file` WHERE ( user_id = 1 AND folder_id = 1 )  [ RunTime:0.0005s ]
SQL: SELECT * FROM `pan_file_folder` WHERE ( user_id = 1 AND id = 1 ) LIMIT 1   [ RunTime:0.0005s ]
INFO: [ view_parse ] --START--
INFO: [ template_filter ] --START--
INFO: Run Behavior\ContentReplaceBehavior [ RunTime:0.000049s ]
INFO: [ template_filter ] --END-- [ RunTime:0.000143s ]
INFO: Run Behavior\ParseTemplateBehavior [ RunTime:0.008658s ]
INFO: [ view_parse ] --END-- [ RunTime:0.008703s ]
INFO: [ view_filter ] --START--
INFO: Run Behavior\WriteHtmlCacheBehavior [ RunTime:0.000553s ]
INFO: [ view_filter ] --END-- [ RunTime:0.000626s ]
INFO: [ app_end ] --START--
INFO: Run Behavior\ShowPageTraceBehavior [ RunTime:0.000930s ]
INFO: [ app_end ] --END-- [ RunTime:0.001001s ]

[ 2016-09-03T17:38:57+08:00 ] ::1 /YunPan/index.php/Home/Login/check
INFO: [ app_begin ] --START--
INFO: Run Behavior\ReadHtmlCacheBehavior [ RunTime:0.000655s ]
INFO: [ app_begin ] --END-- [ RunTime:0.001477s ]
SQL: SHOW COLUMNS FROM `pan_user` [ RunTime:0.0026s ]
SQL: SELECT * FROM `pan_user` WHERE ( username = 'admin' AND password = 'e10adc3949ba59abbe56e057f20f883e' ) LIMIT 1   [ RunTime:0.0003s ]
INFO: [ app_end ] --START--
INFO: Run Behavior\ShowPageTraceBehavior [ RunTime:0.000536s ]
INFO: [ app_end ] --END-- [ RunTime:0.000571s ]

[ 2016-09-03T17:39:40+08:00 ] ::1 /YunPan/index.php/Home/Upload/file
INFO: [ app_begin ] --START--
INFO: Run Behavior\ReadHtmlCacheBehavior [ RunTime:0.000580s ]
INFO: [ app_begin ] --END-- [ RunTime:0.001065s ]
NOTIC: [2] call_user_func() expects parameter 1 to be a valid callback, no array or string given D:\Workspace\YunPan\ThinkPHP\Library\Think\Upload.class.php 第 170 行.
SQL: SHOW COLUMNS FROM `pan_file_root` [ RunTime:0.0365s ]
SQL: SHOW COLUMNS FROM `pan_file` [ RunTime:0.0017s ]
SQL: INSERT INTO `pan_file_root` (`file_name`,`save_name`,`save_path`,`file_size`,`file_ext`,`file_mime`) VALUES ('vagrant_1.8.5.msi','57ca9a5b56b26.msi','1/','173398386','msi','application/octet-stream') [ RunTime:0.3019s ]
SQL: INSERT INTO `pan_file` (`user_id`,`file_id`,`folder_id`,`file_name`,`file_size`,`mime`) VALUES ('1','158','0','vagrant_1.8.5.msi','173398386','application/octet-stream') [ RunTime:0.1700s ]
INFO: [ app_end ] --START--
INFO: Run Behavior\ShowPageTraceBehavior [ RunTime:0.001079s ]
INFO: [ app_end ] --END-- [ RunTime:0.001119s ]

