[ 2016-09-02T12:04:15+08:00 ] ::1 /YunPan/index.php/Home/Login/check
INFO: [ app_begin ] --START--
INFO: Run Behavior\ReadHtmlCacheBehavior [ RunTime:0.000937s ]
INFO: [ app_begin ] --END-- [ RunTime:0.001537s ]
SQL: SHOW COLUMNS FROM `pan_user` [ RunTime:0.0439s ]
SQL: SELECT * FROM `pan_user` WHERE ( username = 'admin' AND password = 'e10adc3949ba59abbe56e057f20f883e' ) LIMIT 1   [ RunTime:0.0007s ]
INFO: [ app_end ] --START--
INFO: Run Behavior\ShowPageTraceBehavior [ RunTime:0.000960s ]
INFO: [ app_end ] --END-- [ RunTime:0.001010s ]

[ 2016-09-02T12:05:38+08:00 ] ::1 /YunPan/index.php/Home/Upload/file
INFO: [ app_begin ] --START--
INFO: Run Behavior\ReadHtmlCacheBehavior [ RunTime:0.000526s ]
INFO: [ app_begin ] --END-- [ RunTime:0.001062s ]
NOTIC: [2] call_user_func() expects parameter 1 to be a valid callback, no array or string given D:\Workspace\YunPan\ThinkPHP\Library\Think\Upload.class.php 第 170 行.
SQL: SHOW COLUMNS FROM `pan_file_root` [ RunTime:0.0777s ]
SQL: SHOW COLUMNS FROM `pan_file` [ RunTime:0.0502s ]
SQL: INSERT INTO `pan_file_root` (`file_name`,`save_name`,`save_path`,`file_size`,`file_ext`,`file_mime`) VALUES ('372.70-notebook-win10-64bit-international-whql.exe','57c8fa919b652.exe','1/','368602736','exe','application/x-msdownload') [ RunTime:0.1515s ]
SQL: INSERT INTO `pan_file` (`user_id`,`file_id`,`folder_id`,`file_name`,`file_size`,`mime`) VALUES ('1','152','0','372.70-notebook-win10-64bit-international-whql.exe','368602736','application/x-msdownload') [ RunTime:0.2303s ]
INFO: [ app_end ] --START--
INFO: Run Behavior\ShowPageTraceBehavior [ RunTime:0.000736s ]
INFO: [ app_end ] --END-- [ RunTime:0.000764s ]

[ 2016-09-02T12:05:55+08:00 ] ::1 /YunPan/index.php/Home/yun
INFO: [ app_begin ] --START--
INFO: Run Behavior\ReadHtmlCacheBehavior [ RunTime:0.021778s ]
INFO: [ app_begin ] --END-- [ RunTime:0.050361s ]
SQL: SHOW COLUMNS FROM `pan_file_folder` [ RunTime:0.0746s ]
SQL: SELECT * FROM `pan_file_folder` WHERE ( user_id = 1 AND parent_id = 0 )  [ RunTime:0.0004s ]
SQL: SHOW COLUMNS FROM `pan_file` [ RunTime:0.0014s ]
SQL: SELECT * FROM `pan_file` WHERE ( user_id = 1 AND folder_id = 0 )  [ RunTime:0.0007s ]
SQL: SELECT * FROM `pan_file_folder` WHERE ( user_id = 1 AND id = 0 ) LIMIT 1   [ RunTime:0.0003s ]
INFO: [ view_parse ] --START--
INFO: [ template_filter ] --START--
INFO: Run Behavior\ContentReplaceBehavior [ RunTime:0.000035s ]
INFO: [ template_filter ] --END-- [ RunTime:0.000066s ]
INFO: Run Behavior\ParseTemplateBehavior [ RunTime:0.042914s ]
INFO: [ view_parse ] --END-- [ RunTime:0.042972s ]
INFO: [ view_filter ] --START--
INFO: Run Behavior\WriteHtmlCacheBehavior [ RunTime:0.000540s ]
INFO: [ view_filter ] --END-- [ RunTime:0.000574s ]
INFO: [ app_end ] --START--
INFO: Run Behavior\ShowPageTraceBehavior [ RunTime:0.000612s ]
INFO: [ app_end ] --END-- [ RunTime:0.000671s ]

[ 2016-09-02T12:05:56+08:00 ] ::1 /YunPan/index.php/Home/yun
INFO: [ app_begin ] --START--
INFO: Run Behavior\ReadHtmlCacheBehavior [ RunTime:0.001402s ]
INFO: [ app_begin ] --END-- [ RunTime:0.002111s ]
SQL: SHOW COLUMNS FROM `pan_file_folder` [ RunTime:0.0027s ]
SQL: SELECT * FROM `pan_file_folder` WHERE ( user_id = 1 AND parent_id = 0 )  [ RunTime:0.0006s ]
SQL: SHOW COLUMNS FROM `pan_file` [ RunTime:0.0047s ]
SQL: SELECT * FROM `pan_file` WHERE ( user_id = 1 AND folder_id = 0 )  [ RunTime:0.0013s ]
SQL: SELECT * FROM `pan_file_folder` WHERE ( user_id = 1 AND id = 0 ) LIMIT 1   [ RunTime:0.0005s ]
INFO: [ view_parse ] --START--
INFO: [ template_filter ] --START--
INFO: Run Behavior\ContentReplaceBehavior [ RunTime:0.000032s ]
INFO: [ template_filter ] --END-- [ RunTime:0.000066s ]
INFO: Run Behavior\ParseTemplateBehavior [ RunTime:0.010550s ]
INFO: [ view_parse ] --END-- [ RunTime:0.010691s ]
INFO: [ view_filter ] --START--
INFO: Run Behavior\WriteHtmlCacheBehavior [ RunTime:0.000357s ]
INFO: [ view_filter ] --END-- [ RunTime:0.000380s ]
INFO: [ app_end ] --START--
INFO: Run Behavior\ShowPageTraceBehavior [ RunTime:0.000553s ]
INFO: [ app_end ] --END-- [ RunTime:0.000628s ]

[ 2016-09-02T12:07:29+08:00 ] ::1 /YunPan/index.php/Home/Upload/file
INFO: [ app_begin ] --START--
INFO: Run Behavior\ReadHtmlCacheBehavior [ RunTime:0.000637s ]
INFO: [ app_begin ] --END-- [ RunTime:0.001016s ]
NOTIC: [2] call_user_func() expects parameter 1 to be a valid callback, no array or string given D:\Workspace\YunPan\ThinkPHP\Library\Think\Upload.class.php 第 170 行.
SQL: SHOW COLUMNS FROM `pan_file_root` [ RunTime:0.0018s ]
SQL: SHOW COLUMNS FROM `pan_file` [ RunTime:0.0014s ]
SQL: INSERT INTO `pan_file_root` (`file_name`,`save_name`,`save_path`,`file_size`,`file_ext`,`file_mime`) VALUES ('372.70-notebook-win10-64bit-international-whql.exe','57c8fb00cd4d4.exe','1/','368602736','exe','application/x-msdownload') [ RunTime:0.1073s ]
SQL: INSERT INTO `pan_file` (`user_id`,`file_id`,`folder_id`,`file_name`,`file_size`,`mime`) VALUES ('1','153','0','372.70-notebook-win10-64bit-international-whql.exe','368602736','application/x-msdownload') [ RunTime:0.0639s ]
INFO: [ app_end ] --START--
INFO: Run Behavior\ShowPageTraceBehavior [ RunTime:0.037142s ]
INFO: [ app_end ] --END-- [ RunTime:0.037184s ]

[ 2016-09-02T12:07:52+08:00 ] ::1 /YunPan/index.php/Home/yun
INFO: [ app_begin ] --START--
INFO: Run Behavior\ReadHtmlCacheBehavior [ RunTime:0.143752s ]
INFO: [ app_begin ] --END-- [ RunTime:0.183618s ]
SQL: SHOW COLUMNS FROM `pan_file_folder` [ RunTime:0.0014s ]
SQL: SELECT * FROM `pan_file_folder` WHERE ( user_id = 1 AND parent_id = 0 )  [ RunTime:0.0003s ]
SQL: SHOW COLUMNS FROM `pan_file` [ RunTime:0.0013s ]
SQL: SELECT * FROM `pan_file` WHERE ( user_id = 1 AND folder_id = 0 )  [ RunTime:0.0006s ]
SQL: SELECT * FROM `pan_file_folder` WHERE ( user_id = 1 AND id = 0 ) LIMIT 1   [ RunTime:0.0003s ]
INFO: [ view_parse ] --START--
INFO: [ template_filter ] --START--
INFO: Run Behavior\ContentReplaceBehavior [ RunTime:0.000032s ]
INFO: [ template_filter ] --END-- [ RunTime:0.000064s ]
INFO: Run Behavior\ParseTemplateBehavior [ RunTime:0.076947s ]
INFO: [ view_parse ] --END-- [ RunTime:0.076987s ]
INFO: [ view_filter ] --START--
INFO: Run Behavior\WriteHtmlCacheBehavior [ RunTime:0.020799s ]
INFO: [ view_filter ] --END-- [ RunTime:0.020847s ]
INFO: [ app_end ] --START--
INFO: Run Behavior\ShowPageTraceBehavior [ RunTime:0.008795s ]
INFO: [ app_end ] --END-- [ RunTime:0.008858s ]

[ 2016-09-02T12:07:52+08:00 ] ::1 /YunPan/index.php/Home/yun
INFO: [ app_begin ] --START--
INFO: Run Behavior\ReadHtmlCacheBehavior [ RunTime:0.000710s ]
INFO: [ app_begin ] --END-- [ RunTime:0.001107s ]
SQL: SHOW COLUMNS FROM `pan_file_folder` [ RunTime:0.0015s ]
SQL: SELECT * FROM `pan_file_folder` WHERE ( user_id = 1 AND parent_id = 0 )  [ RunTime:0.0003s ]
SQL: SHOW COLUMNS FROM `pan_file` [ RunTime:0.0015s ]
SQL: SELECT * FROM `pan_file` WHERE ( user_id = 1 AND folder_id = 0 )  [ RunTime:0.0006s ]
SQL: SELECT * FROM `pan_file_folder` WHERE ( user_id = 1 AND id = 0 ) LIMIT 1   [ RunTime:0.0002s ]
INFO: [ view_parse ] --START--
INFO: [ template_filter ] --START--
INFO: Run Behavior\ContentReplaceBehavior [ RunTime:0.000056s ]
INFO: [ template_filter ] --END-- [ RunTime:0.000125s ]
INFO: Run Behavior\ParseTemplateBehavior [ RunTime:0.010239s ]
INFO: [ view_parse ] --END-- [ RunTime:0.010315s ]
INFO: [ view_filter ] --START--
INFO: Run Behavior\WriteHtmlCacheBehavior [ RunTime:0.001043s ]
INFO: [ view_filter ] --END-- [ RunTime:0.001106s ]
INFO: [ app_end ] --START--
INFO: Run Behavior\ShowPageTraceBehavior [ RunTime:0.001507s ]
INFO: [ app_end ] --END-- [ RunTime:0.001591s ]

[ 2016-09-02T12:07:53+08:00 ] ::1 /YunPan/index.php/Home/work
INFO: [ app_begin ] --START--
INFO: Run Behavior\ReadHtmlCacheBehavior [ RunTime:0.000867s ]
INFO: [ app_begin ] --END-- [ RunTime:0.001658s ]
INFO: [ view_parse ] --START--
INFO: Run Behavior\ParseTemplateBehavior [ RunTime:0.000886s ]
INFO: [ view_parse ] --END-- [ RunTime:0.000922s ]
INFO: [ view_filter ] --START--
INFO: Run Behavior\WriteHtmlCacheBehavior [ RunTime:0.000620s ]
INFO: [ view_filter ] --END-- [ RunTime:0.000650s ]
INFO: [ app_end ] --START--
INFO: Run Behavior\ShowPageTraceBehavior [ RunTime:0.000654s ]
INFO: [ app_end ] --END-- [ RunTime:0.000683s ]

[ 2016-09-02T12:07:55+08:00 ] ::1 /YunPan/index.php/Home/yun
INFO: [ app_begin ] --START--
INFO: Run Behavior\ReadHtmlCacheBehavior [ RunTime:0.001183s ]
INFO: [ app_begin ] --END-- [ RunTime:0.001921s ]
SQL: SHOW COLUMNS FROM `pan_file_folder` [ RunTime:0.0025s ]
SQL: SELECT * FROM `pan_file_folder` WHERE ( user_id = 1 AND parent_id = 0 )  [ RunTime:0.0005s ]
SQL: SHOW COLUMNS FROM `pan_file` [ RunTime:0.0028s ]
SQL: SELECT * FROM `pan_file` WHERE ( user_id = 1 AND folder_id = 0 )  [ RunTime:0.0009s ]
SQL: SELECT * FROM `pan_file_folder` WHERE ( user_id = 1 AND id = 0 ) LIMIT 1   [ RunTime:0.0004s ]
INFO: [ view_parse ] --START--
INFO: [ template_filter ] --START--
INFO: Run Behavior\ContentReplaceBehavior [ RunTime:0.000054s ]
INFO: [ template_filter ] --END-- [ RunTime:0.000122s ]
INFO: Run Behavior\ParseTemplateBehavior [ RunTime:0.011322s ]
INFO: [ view_parse ] --END-- [ RunTime:0.011401s ]
INFO: [ view_filter ] --START--
INFO: Run Behavior\WriteHtmlCacheBehavior [ RunTime:0.001067s ]
INFO: [ view_filter ] --END-- [ RunTime:0.001123s ]
INFO: [ app_end ] --START--
INFO: Run Behavior\ShowPageTraceBehavior [ RunTime:0.001302s ]
INFO: [ app_end ] --END-- [ RunTime:0.001378s ]

[ 2016-09-02T12:07:56+08:00 ] ::1 /YunPan/index.php/Home/work
INFO: [ app_begin ] --START--
INFO: Run Behavior\ReadHtmlCacheBehavior [ RunTime:0.001611s ]
INFO: [ app_begin ] --END-- [ RunTime:0.002082s ]
INFO: [ view_parse ] --START--
INFO: Run Behavior\ParseTemplateBehavior [ RunTime:0.000560s ]
INFO: [ view_parse ] --END-- [ RunTime:0.000608s ]
INFO: [ view_filter ] --START--
INFO: Run Behavior\WriteHtmlCacheBehavior [ RunTime:0.000828s ]
INFO: [ view_filter ] --END-- [ RunTime:0.000882s ]
INFO: [ app_end ] --START--
INFO: Run Behavior\ShowPageTraceBehavior [ RunTime:0.000751s ]
INFO: [ app_end ] --END-- [ RunTime:0.000783s ]

[ 2016-09-02T12:07:57+08:00 ] ::1 /YunPan/index.php/Home/yun
INFO: [ app_begin ] --START--
INFO: Run Behavior\ReadHtmlCacheBehavior [ RunTime:0.000872s ]
INFO: [ app_begin ] --END-- [ RunTime:0.001340s ]
SQL: SHOW COLUMNS FROM `pan_file_folder` [ RunTime:0.0026s ]
SQL: SELECT * FROM `pan_file_folder` WHERE ( user_id = 1 AND parent_id = 0 )  [ RunTime:0.0003s ]
SQL: SHOW COLUMNS FROM `pan_file` [ RunTime:0.0022s ]
SQL: SELECT * FROM `pan_file` WHERE ( user_id = 1 AND folder_id = 0 )  [ RunTime:0.0008s ]
SQL: SELECT * FROM `pan_file_folder` WHERE ( user_id = 1 AND id = 0 ) LIMIT 1   [ RunTime:0.0003s ]
INFO: [ view_parse ] --START--
INFO: [ template_filter ] --START--
INFO: Run Behavior\ContentReplaceBehavior [ RunTime:0.000037s ]
INFO: [ template_filter ] --END-- [ RunTime:0.000075s ]
INFO: Run Behavior\ParseTemplateBehavior [ RunTime:0.009234s ]
INFO: [ view_parse ] --END-- [ RunTime:0.009317s ]
INFO: [ view_filter ] --START--
INFO: Run Behavior\WriteHtmlCacheBehavior [ RunTime:0.001064s ]
INFO: [ view_filter ] --END-- [ RunTime:0.001116s ]
INFO: [ app_end ] --START--
INFO: Run Behavior\ShowPageTraceBehavior [ RunTime:0.001290s ]
INFO: [ app_end ] --END-- [ RunTime:0.001349s ]

[ 2016-09-02T12:07:58+08:00 ] ::1 /YunPan/index.php/Home/work
INFO: [ app_begin ] --START--
INFO: Run Behavior\ReadHtmlCacheBehavior [ RunTime:0.000964s ]
INFO: [ app_begin ] --END-- [ RunTime:0.001434s ]
INFO: [ view_parse ] --START--
INFO: Run Behavior\ParseTemplateBehavior [ RunTime:0.000536s ]
INFO: [ view_parse ] --END-- [ RunTime:0.000609s ]
INFO: [ view_filter ] --START--
INFO: Run Behavior\WriteHtmlCacheBehavior [ RunTime:0.000457s ]
INFO: [ view_filter ] --END-- [ RunTime:0.000489s ]
INFO: [ app_end ] --START--
INFO: Run Behavior\ShowPageTraceBehavior [ RunTime:0.000680s ]
INFO: [ app_end ] --END-- [ RunTime:0.000707s ]

[ 2016-09-02T12:07:59+08:00 ] ::1 /YunPan/index.php/Home/yun
INFO: [ app_begin ] --START--
INFO: Run Behavior\ReadHtmlCacheBehavior [ RunTime:0.001179s ]
INFO: [ app_begin ] --END-- [ RunTime:0.001859s ]
SQL: SHOW COLUMNS FROM `pan_file_folder` [ RunTime:0.0024s ]
SQL: SELECT * FROM `pan_file_folder` WHERE ( user_id = 1 AND parent_id = 0 )  [ RunTime:0.0004s ]
SQL: SHOW COLUMNS FROM `pan_file` [ RunTime:0.0021s ]
SQL: SELECT * FROM `pan_file` WHERE ( user_id = 1 AND folder_id = 0 )  [ RunTime:0.0008s ]
SQL: SELECT * FROM `pan_file_folder` WHERE ( user_id = 1 AND id = 0 ) LIMIT 1   [ RunTime:0.0004s ]
INFO: [ view_parse ] --START--
INFO: [ template_filter ] --START--
INFO: Run Behavior\ContentReplaceBehavior [ RunTime:0.000056s ]
INFO: [ template_filter ] --END-- [ RunTime:0.000127s ]
INFO: Run Behavior\ParseTemplateBehavior [ RunTime:0.010231s ]
INFO: [ view_parse ] --END-- [ RunTime:0.010284s ]
INFO: [ view_filter ] --START--
INFO: Run Behavior\WriteHtmlCacheBehavior [ RunTime:0.000565s ]
INFO: [ view_filter ] --END-- [ RunTime:0.000594s ]
INFO: [ app_end ] --START--
INFO: Run Behavior\ShowPageTraceBehavior [ RunTime:0.001286s ]
INFO: [ app_end ] --END-- [ RunTime:0.001355s ]

[ 2016-09-02T12:08:35+08:00 ] ::1 /YunPan/index.php/Home/yun
INFO: [ app_begin ] --START--
INFO: Run Behavior\ReadHtmlCacheBehavior [ RunTime:0.000674s ]
INFO: [ app_begin ] --END-- [ RunTime:0.001791s ]
SQL: SHOW COLUMNS FROM `pan_file_folder` [ RunTime:0.0029s ]
SQL: SELECT * FROM `pan_file_folder` WHERE ( user_id = 1 AND parent_id = 0 )  [ RunTime:0.0004s ]
SQL: SHOW COLUMNS FROM `pan_file` [ RunTime:0.0018s ]
SQL: SELECT * FROM `pan_file` WHERE ( user_id = 1 AND folder_id = 0 )  [ RunTime:0.0011s ]
SQL: SELECT * FROM `pan_file_folder` WHERE ( user_id = 1 AND id = 0 ) LIMIT 1   [ RunTime:0.0004s ]
INFO: [ view_parse ] --START--
INFO: [ template_filter ] --START--
INFO: Run Behavior\ContentReplaceBehavior [ RunTime:0.000048s ]
INFO: [ template_filter ] --END-- [ RunTime:0.000102s ]
INFO: Run Behavior\ParseTemplateBehavior [ RunTime:0.008251s ]
INFO: [ view_parse ] --END-- [ RunTime:0.008311s ]
INFO: [ view_filter ] --START--
INFO: Run Behavior\WriteHtmlCacheBehavior [ RunTime:0.000560s ]
INFO: [ view_filter ] --END-- [ RunTime:0.000590s ]
INFO: [ app_end ] --START--
INFO: Run Behavior\ShowPageTraceBehavior [ RunTime:0.001323s ]
INFO: [ app_end ] --END-- [ RunTime:0.001403s ]

[ 2016-09-02T12:08:36+08:00 ] ::1 /YunPan/index.php/Home/yun
INFO: [ app_begin ] --START--
INFO: Run Behavior\ReadHtmlCacheBehavior [ RunTime:0.001068s ]
INFO: [ app_begin ] --END-- [ RunTime:0.001679s ]
SQL: SHOW COLUMNS FROM `pan_file_folder` [ RunTime:0.0021s ]
SQL: SELECT * FROM `pan_file_folder` WHERE ( user_id = 1 AND parent_id = 0 )  [ RunTime:0.0004s ]
SQL: SHOW COLUMNS FROM `pan_file` [ RunTime:0.0020s ]
SQL: SELECT * FROM `pan_file` WHERE ( user_id = 1 AND folder_id = 0 )  [ RunTime:0.0015s ]
SQL: SELECT * FROM `pan_file_folder` WHERE ( user_id = 1 AND id = 0 ) LIMIT 1   [ RunTime:0.0004s ]
INFO: [ view_parse ] --START--
INFO: [ template_filter ] --START--
INFO: Run Behavior\ContentReplaceBehavior [ RunTime:0.000031s ]
INFO: [ template_filter ] --END-- [ RunTime:0.000063s ]
INFO: Run Behavior\ParseTemplateBehavior [ RunTime:0.007197s ]
INFO: [ view_parse ] --END-- [ RunTime:0.007247s ]
INFO: [ view_filter ] --START--
INFO: Run Behavior\WriteHtmlCacheBehavior [ RunTime:0.000676s ]
INFO: [ view_filter ] --END-- [ RunTime:0.000722s ]
INFO: [ app_end ] --START--
INFO: Run Behavior\ShowPageTraceBehavior [ RunTime:0.001057s ]
INFO: [ app_end ] --END-- [ RunTime:0.001119s ]

[ 2016-09-02T12:08:37+08:00 ] ::1 /YunPan/index.php/Home/yun
INFO: [ app_begin ] --START--
INFO: Run Behavior\ReadHtmlCacheBehavior [ RunTime:0.000866s ]
INFO: [ app_begin ] --END-- [ RunTime:0.001448s ]
SQL: SHOW COLUMNS FROM `pan_file_folder` [ RunTime:0.0028s ]
SQL: SELECT * FROM `pan_file_folder` WHERE ( user_id = 1 AND parent_id = 0 )  [ RunTime:0.0005s ]
SQL: SHOW COLUMNS FROM `pan_file` [ RunTime:0.0024s ]
SQL: SELECT * FROM `pan_file` WHERE ( user_id = 1 AND folder_id = 0 )  [ RunTime:0.0010s ]
SQL: SELECT * FROM `pan_file_folder` WHERE ( user_id = 1 AND id = 0 ) LIMIT 1   [ RunTime:0.0005s ]
INFO: [ view_parse ] --START--
INFO: [ template_filter ] --START--
INFO: Run Behavior\ContentReplaceBehavior [ RunTime:0.000047s ]
INFO: [ template_filter ] --END-- [ RunTime:0.000111s ]
INFO: Run Behavior\ParseTemplateBehavior [ RunTime:0.012504s ]
INFO: [ view_parse ] --END-- [ RunTime:0.012577s ]
INFO: [ view_filter ] --START--
INFO: Run Behavior\WriteHtmlCacheBehavior [ RunTime:0.001007s ]
INFO: [ view_filter ] --END-- [ RunTime:0.001061s ]
INFO: [ app_end ] --START--
INFO: Run Behavior\ShowPageTraceBehavior [ RunTime:0.001317s ]
INFO: [ app_end ] --END-- [ RunTime:0.001388s ]

[ 2016-09-02T12:08:38+08:00 ] ::1 /YunPan/index.php/Home/yun
INFO: [ app_begin ] --START--
INFO: Run Behavior\ReadHtmlCacheBehavior [ RunTime:0.000920s ]
INFO: [ app_begin ] --END-- [ RunTime:0.001522s ]
SQL: SHOW COLUMNS FROM `pan_file_folder` [ RunTime:0.0028s ]
SQL: SELECT * FROM `pan_file_folder` WHERE ( user_id = 1 AND parent_id = 0 )  [ RunTime:0.0005s ]
SQL: SHOW COLUMNS FROM `pan_file` [ RunTime:0.0030s ]
SQL: SELECT * FROM `pan_file` WHERE ( user_id = 1 AND folder_id = 0 )  [ RunTime:0.0011s ]
SQL: SELECT * FROM `pan_file_folder` WHERE ( user_id = 1 AND id = 0 ) LIMIT 1   [ RunTime:0.0006s ]
INFO: [ view_parse ] --START--
INFO: [ template_filter ] --START--
INFO: Run Behavior\ContentReplaceBehavior [ RunTime:0.000033s ]
INFO: [ template_filter ] --END-- [ RunTime:0.000073s ]
INFO: Run Behavior\ParseTemplateBehavior [ RunTime:0.006806s ]
INFO: [ view_parse ] --END-- [ RunTime:0.006868s ]
INFO: [ view_filter ] --START--
INFO: Run Behavior\WriteHtmlCacheBehavior [ RunTime:0.001130s ]
INFO: [ view_filter ] --END-- [ RunTime:0.001174s ]
INFO: [ app_end ] --START--
INFO: Run Behavior\ShowPageTraceBehavior [ RunTime:0.001225s ]
INFO: [ app_end ] --END-- [ RunTime:0.001329s ]

[ 2016-09-02T12:10:49+08:00 ] ::1 /YunPan/index.php/Home/yun/picture
INFO: [ app_begin ] --START--
INFO: Run Behavior\ReadHtmlCacheBehavior [ RunTime:0.000985s ]
INFO: [ app_begin ] --END-- [ RunTime:0.001624s ]
SQL: SHOW COLUMNS FROM `pan_file` [ RunTime:0.0022s ]
SQL: SELECT * FROM `pan_file` WHERE `mime` LIKE 'image/%' AND `user_id` = '1'  [ RunTime:0.0007s ]
INFO: [ view_parse ] --START--
INFO: [ template_filter ] --START--
INFO: Run Behavior\ContentReplaceBehavior [ RunTime:0.000055s ]
INFO: [ template_filter ] --END-- [ RunTime:0.000119s ]
NOTIC: [8] Undefined variable: folder D:\Workspace\YunPan\App\Runtime\Cache\Home\bb745150f6f85e387b1ecbe121036224.php 第 18 行.
INFO: Run Behavior\ParseTemplateBehavior [ RunTime:0.020982s ]
INFO: [ view_parse ] --END-- [ RunTime:0.021035s ]
INFO: [ view_filter ] --START--
INFO: Run Behavior\WriteHtmlCacheBehavior [ RunTime:0.000714s ]
INFO: [ view_filter ] --END-- [ RunTime:0.000752s ]
INFO: [ app_end ] --START--
INFO: Run Behavior\ShowPageTraceBehavior [ RunTime:0.000658s ]
INFO: [ app_end ] --END-- [ RunTime:0.000694s ]

[ 2016-09-02T12:10:50+08:00 ] ::1 /YunPan/index.php/Home/yun
INFO: [ app_begin ] --START--
INFO: Run Behavior\ReadHtmlCacheBehavior [ RunTime:0.002154s ]
INFO: [ app_begin ] --END-- [ RunTime:0.002993s ]
SQL: SHOW COLUMNS FROM `pan_file_folder` [ RunTime:0.0028s ]
SQL: SELECT * FROM `pan_file_folder` WHERE ( user_id = 1 AND parent_id = 0 )  [ RunTime:0.0005s ]
SQL: SHOW COLUMNS FROM `pan_file` [ RunTime:0.0028s ]
SQL: SELECT * FROM `pan_file` WHERE ( user_id = 1 AND folder_id = 0 )  [ RunTime:0.0009s ]
SQL: SELECT * FROM `pan_file_folder` WHERE ( user_id = 1 AND id = 0 ) LIMIT 1   [ RunTime:0.0004s ]
INFO: [ view_parse ] --START--
INFO: [ template_filter ] --START--
INFO: Run Behavior\ContentReplaceBehavior [ RunTime:0.000043s ]
INFO: [ template_filter ] --END-- [ RunTime:0.000091s ]
INFO: Run Behavior\ParseTemplateBehavior [ RunTime:0.009828s ]
INFO: [ view_parse ] --END-- [ RunTime:0.009895s ]
INFO: [ view_filter ] --START--
INFO: Run Behavior\WriteHtmlCacheBehavior [ RunTime:0.000560s ]
INFO: [ view_filter ] --END-- [ RunTime:0.000598s ]
INFO: [ app_end ] --START--
INFO: Run Behavior\ShowPageTraceBehavior [ RunTime:0.000897s ]
INFO: [ app_end ] --END-- [ RunTime:0.000955s ]

[ 2016-09-02T12:10:50+08:00 ] ::1 /YunPan/index.php/Home/yun/video
INFO: [ app_begin ] --START--
INFO: Run Behavior\ReadHtmlCacheBehavior [ RunTime:0.000588s ]
INFO: [ app_begin ] --END-- [ RunTime:0.000933s ]
SQL: SHOW COLUMNS FROM `pan_file` [ RunTime:0.0026s ]
SQL: SELECT * FROM `pan_file` WHERE `mime` LIKE 'video/%' AND `user_id` = '1'  [ RunTime:0.0005s ]
INFO: [ view_parse ] --START--
INFO: [ template_filter ] --START--
INFO: Run Behavior\ContentReplaceBehavior [ RunTime:0.000034s ]
INFO: [ template_filter ] --END-- [ RunTime:0.000069s ]
NOTIC: [8] Undefined variable: folder D:\Workspace\YunPan\App\Runtime\Cache\Home\bb745150f6f85e387b1ecbe121036224.php 第 18 行.
INFO: Run Behavior\ParseTemplateBehavior [ RunTime:0.008696s ]
INFO: [ view_parse ] --END-- [ RunTime:0.008737s ]
INFO: [ view_filter ] --START--
INFO: Run Behavior\WriteHtmlCacheBehavior [ RunTime:0.000358s ]
INFO: [ view_filter ] --END-- [ RunTime:0.000382s ]
INFO: [ app_end ] --START--
INFO: Run Behavior\ShowPageTraceBehavior [ RunTime:0.000574s ]
INFO: [ app_end ] --END-- [ RunTime:0.000603s ]

[ 2016-09-02T12:10:51+08:00 ] ::1 /YunPan/index.php/Home/yun/music
INFO: [ app_begin ] --START--
INFO: Run Behavior\ReadHtmlCacheBehavior [ RunTime:0.000806s ]
INFO: [ app_begin ] --END-- [ RunTime:0.001297s ]
SQL: SHOW COLUMNS FROM `pan_file` [ RunTime:0.0008s ]
SQL: SELECT * FROM `pan_file` WHERE `mime` LIKE 'audio/%' AND `user_id` = '1'  [ RunTime:0.0004s ]
INFO: [ view_parse ] --START--
INFO: [ template_filter ] --START--
INFO: Run Behavior\ContentReplaceBehavior [ RunTime:0.000037s ]
INFO: [ template_filter ] --END-- [ RunTime:0.000076s ]
NOTIC: [8] Undefined variable: folder D:\Workspace\YunPan\App\Runtime\Cache\Home\bb745150f6f85e387b1ecbe121036224.php 第 18 行.
INFO: Run Behavior\ParseTemplateBehavior [ RunTime:0.008672s ]
INFO: [ view_parse ] --END-- [ RunTime:0.008714s ]
INFO: [ view_filter ] --START--
INFO: Run Behavior\WriteHtmlCacheBehavior [ RunTime:0.000399s ]
INFO: [ view_filter ] --END-- [ RunTime:0.000428s ]
INFO: [ app_end ] --START--
INFO: Run Behavior\ShowPageTraceBehavior [ RunTime:0.000661s ]
INFO: [ app_end ] --END-- [ RunTime:0.000704s ]

[ 2016-09-02T12:10:52+08:00 ] ::1 /YunPan/index.php/Home/yun/document
INFO: [ app_begin ] --START--
INFO: Run Behavior\ReadHtmlCacheBehavior [ RunTime:0.000726s ]
INFO: [ app_begin ] --END-- [ RunTime:0.001155s ]
SQL: SHOW COLUMNS FROM `pan_file` [ RunTime:0.0008s ]
SQL: SELECT * FROM `pan_file` WHERE `mime` LIKE 'text/%' AND `user_id` = '1'  [ RunTime:0.0004s ]
INFO: [ view_parse ] --START--
INFO: [ template_filter ] --START--
INFO: Run Behavior\ContentReplaceBehavior [ RunTime:0.000031s ]
INFO: [ template_filter ] --END-- [ RunTime:0.000064s ]
NOTIC: [8] Undefined variable: folder D:\Workspace\YunPan\App\Runtime\Cache\Home\bb745150f6f85e387b1ecbe121036224.php 第 18 行.
INFO: Run Behavior\ParseTemplateBehavior [ RunTime:0.008924s ]
INFO: [ view_parse ] --END-- [ RunTime:0.008964s ]
INFO: [ view_filter ] --START--
INFO: Run Behavior\WriteHtmlCacheBehavior [ RunTime:0.000326s ]
INFO: [ view_filter ] --END-- [ RunTime:0.000348s ]
INFO: [ app_end ] --START--
INFO: Run Behavior\ShowPageTraceBehavior [ RunTime:0.000571s ]
INFO: [ app_end ] --END-- [ RunTime:0.000608s ]

[ 2016-09-02T12:10:52+08:00 ] ::1 /YunPan/index.php/Home/yun
INFO: [ app_begin ] --START--
INFO: Run Behavior\ReadHtmlCacheBehavior [ RunTime:0.001044s ]
INFO: [ app_begin ] --END-- [ RunTime:0.001753s ]
SQL: SHOW COLUMNS FROM `pan_file_folder` [ RunTime:0.0009s ]
SQL: SELECT * FROM `pan_file_folder` WHERE ( user_id = 1 AND parent_id = 0 )  [ RunTime:0.0005s ]
SQL: SHOW COLUMNS FROM `pan_file` [ RunTime:0.0008s ]
SQL: SELECT * FROM `pan_file` WHERE ( user_id = 1 AND folder_id = 0 )  [ RunTime:0.0010s ]
SQL: SELECT * FROM `pan_file_folder` WHERE ( user_id = 1 AND id = 0 ) LIMIT 1   [ RunTime:0.0004s ]
INFO: [ view_parse ] --START--
INFO: [ template_filter ] --START--
INFO: Run Behavior\ContentReplaceBehavior [ RunTime:0.000050s ]
INFO: [ template_filter ] --END-- [ RunTime:0.000105s ]
INFO: Run Behavior\ParseTemplateBehavior [ RunTime:0.010436s ]
INFO: [ view_parse ] --END-- [ RunTime:0.010512s ]
INFO: [ view_filter ] --START--
INFO: Run Behavior\WriteHtmlCacheBehavior [ RunTime:0.000604s ]
INFO: [ view_filter ] --END-- [ RunTime:0.000645s ]
INFO: [ app_end ] --START--
INFO: Run Behavior\ShowPageTraceBehavior [ RunTime:0.001022s ]
INFO: [ app_end ] --END-- [ RunTime:0.001090s ]

[ 2016-09-02T12:10:56+08:00 ] ::1 /YunPan/index.php/Home/yun
INFO: [ app_begin ] --START--
INFO: Run Behavior\ReadHtmlCacheBehavior [ RunTime:0.000803s ]
INFO: [ app_begin ] --END-- [ RunTime:0.001209s ]
SQL: SHOW COLUMNS FROM `pan_file_folder` [ RunTime:0.0030s ]
SQL: SELECT * FROM `pan_file_folder` WHERE ( user_id = 1 AND parent_id = 0 )  [ RunTime:0.0004s ]
SQL: SHOW COLUMNS FROM `pan_file` [ RunTime:0.0006s ]
SQL: SELECT * FROM `pan_file` WHERE ( user_id = 1 AND folder_id = 0 )  [ RunTime:0.0007s ]
SQL: SELECT * FROM `pan_file_folder` WHERE ( user_id = 1 AND id = 0 ) LIMIT 1   [ RunTime:0.0003s ]
INFO: [ view_parse ] --START--
INFO: [ template_filter ] --START--
INFO: Run Behavior\ContentReplaceBehavior [ RunTime:0.000041s ]
INFO: [ template_filter ] --END-- [ RunTime:0.000077s ]
INFO: Run Behavior\ParseTemplateBehavior [ RunTime:0.009085s ]
INFO: [ view_parse ] --END-- [ RunTime:0.009140s ]
INFO: [ view_filter ] --START--
INFO: Run Behavior\WriteHtmlCacheBehavior [ RunTime:0.000402s ]
INFO: [ view_filter ] --END-- [ RunTime:0.000424s ]
INFO: [ app_end ] --START--
INFO: Run Behavior\ShowPageTraceBehavior [ RunTime:0.000735s ]
INFO: [ app_end ] --END-- [ RunTime:0.000773s ]

[ 2016-09-02T12:10:57+08:00 ] ::1 /YunPan/index.php/Home/yun
INFO: [ app_begin ] --START--
INFO: Run Behavior\ReadHtmlCacheBehavior [ RunTime:0.000680s ]
INFO: [ app_begin ] --END-- [ RunTime:0.001056s ]
SQL: SHOW COLUMNS FROM `pan_file_folder` [ RunTime:0.0008s ]
SQL: SELECT * FROM `pan_file_folder` WHERE ( user_id = 1 AND parent_id = 0 )  [ RunTime:0.0004s ]
SQL: SHOW COLUMNS FROM `pan_file` [ RunTime:0.0007s ]
SQL: SELECT * FROM `pan_file` WHERE ( user_id = 1 AND folder_id = 0 )  [ RunTime:0.0008s ]
SQL: SELECT * FROM `pan_file_folder` WHERE ( user_id = 1 AND id = 0 ) LIMIT 1   [ RunTime:0.0004s ]
INFO: [ view_parse ] --START--
INFO: [ template_filter ] --START--
INFO: Run Behavior\ContentReplaceBehavior [ RunTime:0.000035s ]
INFO: [ template_filter ] --END-- [ RunTime:0.000071s ]
INFO: Run Behavior\ParseTemplateBehavior [ RunTime:0.006912s ]
INFO: [ view_parse ] --END-- [ RunTime:0.006974s ]
INFO: [ view_filter ] --START--
INFO: Run Behavior\WriteHtmlCacheBehavior [ RunTime:0.000349s ]
INFO: [ view_filter ] --END-- [ RunTime:0.000371s ]
INFO: [ app_end ] --START--
INFO: Run Behavior\ShowPageTraceBehavior [ RunTime:0.000680s ]
INFO: [ app_end ] --END-- [ RunTime:0.000722s ]

[ 2016-09-02T12:10:58+08:00 ] ::1 /YunPan/index.php/Home/yun
INFO: [ app_begin ] --START--
INFO: Run Behavior\ReadHtmlCacheBehavior [ RunTime:0.001155s ]
INFO: [ app_begin ] --END-- [ RunTime:0.001937s ]
SQL: SHOW COLUMNS FROM `pan_file_folder` [ RunTime:0.0007s ]
SQL: SELECT * FROM `pan_file_folder` WHERE ( user_id = 1 AND parent_id = 0 )  [ RunTime:0.0003s ]
SQL: SHOW COLUMNS FROM `pan_file` [ RunTime:0.0007s ]
SQL: SELECT * FROM `pan_file` WHERE ( user_id = 1 AND folder_id = 0 )  [ RunTime:0.0007s ]
SQL: SELECT * FROM `pan_file_folder` WHERE ( user_id = 1 AND id = 0 ) LIMIT 1   [ RunTime:0.0004s ]
INFO: [ view_parse ] --START--
INFO: [ template_filter ] --START--
INFO: Run Behavior\ContentReplaceBehavior [ RunTime:0.000032s ]
INFO: [ template_filter ] --END-- [ RunTime:0.000064s ]
INFO: Run Behavior\ParseTemplateBehavior [ RunTime:0.006880s ]
INFO: [ view_parse ] --END-- [ RunTime:0.006939s ]
INFO: [ view_filter ] --START--
INFO: Run Behavior\WriteHtmlCacheBehavior [ RunTime:0.000377s ]
INFO: [ view_filter ] --END-- [ RunTime:0.000404s ]
INFO: [ app_end ] --START--
INFO: Run Behavior\ShowPageTraceBehavior [ RunTime:0.000833s ]
INFO: [ app_end ] --END-- [ RunTime:0.000891s ]

[ 2016-09-02T12:10:59+08:00 ] ::1 /YunPan/index.php/Home/yun
INFO: [ app_begin ] --START--
INFO: Run Behavior\ReadHtmlCacheBehavior [ RunTime:0.000707s ]
INFO: [ app_begin ] --END-- [ RunTime:0.001133s ]
SQL: SHOW COLUMNS FROM `pan_file_folder` [ RunTime:0.0008s ]
SQL: SELECT * FROM `pan_file_folder` WHERE ( user_id = 1 AND parent_id = 0 )  [ RunTime:0.0007s ]
SQL: SHOW COLUMNS FROM `pan_file` [ RunTime:0.0009s ]
SQL: SELECT * FROM `pan_file` WHERE ( user_id = 1 AND folder_id = 0 )  [ RunTime:0.0012s ]
SQL: SELECT * FROM `pan_file_folder` WHERE ( user_id = 1 AND id = 0 ) LIMIT 1   [ RunTime:0.0004s ]
INFO: [ view_parse ] --START--
INFO: [ template_filter ] --START--
INFO: Run Behavior\ContentReplaceBehavior [ RunTime:0.000032s ]
INFO: [ template_filter ] --END-- [ RunTime:0.000063s ]
INFO: Run Behavior\ParseTemplateBehavior [ RunTime:0.006545s ]
INFO: [ view_parse ] --END-- [ RunTime:0.006585s ]
INFO: [ view_filter ] --START--
INFO: Run Behavior\WriteHtmlCacheBehavior [ RunTime:0.000325s ]
INFO: [ view_filter ] --END-- [ RunTime:0.000348s ]
INFO: [ app_end ] --START--
INFO: Run Behavior\ShowPageTraceBehavior [ RunTime:0.000891s ]
INFO: [ app_end ] --END-- [ RunTime:0.000954s ]

[ 2016-09-02T12:11:01+08:00 ] ::1 /YunPan/index.php/Home/yun
INFO: [ app_begin ] --START--
INFO: Run Behavior\ReadHtmlCacheBehavior [ RunTime:0.001111s ]
INFO: [ app_begin ] --END-- [ RunTime:0.001880s ]
SQL: SHOW COLUMNS FROM `pan_file_folder` [ RunTime:0.0009s ]
SQL: SELECT * FROM `pan_file_folder` WHERE ( user_id = 1 AND parent_id = 0 )  [ RunTime:0.0007s ]
SQL: SHOW COLUMNS FROM `pan_file` [ RunTime:0.0006s ]
SQL: SELECT * FROM `pan_file` WHERE ( user_id = 1 AND folder_id = 0 )  [ RunTime:0.0006s ]
SQL: SELECT * FROM `pan_file_folder` WHERE ( user_id = 1 AND id = 0 ) LIMIT 1   [ RunTime:0.0003s ]
INFO: [ view_parse ] --START--
INFO: [ template_filter ] --START--
INFO: Run Behavior\ContentReplaceBehavior [ RunTime:0.000031s ]
INFO: [ template_filter ] --END-- [ RunTime:0.000063s ]
INFO: Run Behavior\ParseTemplateBehavior [ RunTime:0.006483s ]
INFO: [ view_parse ] --END-- [ RunTime:0.006520s ]
INFO: [ view_filter ] --START--
INFO: Run Behavior\WriteHtmlCacheBehavior [ RunTime:0.000382s ]
INFO: [ view_filter ] --END-- [ RunTime:0.000415s ]
INFO: [ app_end ] --START--
INFO: Run Behavior\ShowPageTraceBehavior [ RunTime:0.001238s ]
INFO: [ app_end ] --END-- [ RunTime:0.001308s ]

[ 2016-09-02T12:11:02+08:00 ] ::1 /YunPan/index.php/Home/yun
INFO: [ app_begin ] --START--
INFO: Run Behavior\ReadHtmlCacheBehavior [ RunTime:0.000548s ]
INFO: [ app_begin ] --END-- [ RunTime:0.000894s ]
SQL: SHOW COLUMNS FROM `pan_file_folder` [ RunTime:0.0013s ]
SQL: SELECT * FROM `pan_file_folder` WHERE ( user_id = 1 AND parent_id = 0 )  [ RunTime:0.0004s ]
SQL: SHOW COLUMNS FROM `pan_file` [ RunTime:0.0006s ]
SQL: SELECT * FROM `pan_file` WHERE ( user_id = 1 AND folder_id = 0 )  [ RunTime:0.0007s ]
SQL: SELECT * FROM `pan_file_folder` WHERE ( user_id = 1 AND id = 0 ) LIMIT 1   [ RunTime:0.0002s ]
INFO: [ view_parse ] --START--
INFO: [ template_filter ] --START--
INFO: Run Behavior\ContentReplaceBehavior [ RunTime:0.000031s ]
INFO: [ template_filter ] --END-- [ RunTime:0.000061s ]
INFO: Run Behavior\ParseTemplateBehavior [ RunTime:0.006164s ]
INFO: [ view_parse ] --END-- [ RunTime:0.006221s ]
INFO: [ view_filter ] --START--
INFO: Run Behavior\WriteHtmlCacheBehavior [ RunTime:0.000353s ]
INFO: [ view_filter ] --END-- [ RunTime:0.000377s ]
INFO: [ app_end ] --START--
INFO: Run Behavior\ShowPageTraceBehavior [ RunTime:0.001304s ]
INFO: [ app_end ] --END-- [ RunTime:0.001378s ]

[ 2016-09-02T12:11:03+08:00 ] ::1 /YunPan/index.php/Home/work
INFO: [ app_begin ] --START--
INFO: Run Behavior\ReadHtmlCacheBehavior [ RunTime:0.000674s ]
INFO: [ app_begin ] --END-- [ RunTime:0.001106s ]
INFO: [ view_parse ] --START--
INFO: Run Behavior\ParseTemplateBehavior [ RunTime:0.000676s ]
INFO: [ view_parse ] --END-- [ RunTime:0.000724s ]
INFO: [ view_filter ] --START--
INFO: Run Behavior\WriteHtmlCacheBehavior [ RunTime:0.000456s ]
INFO: [ view_filter ] --END-- [ RunTime:0.000491s ]
INFO: [ app_end ] --START--
INFO: Run Behavior\ShowPageTraceBehavior [ RunTime:0.000915s ]
INFO: [ app_end ] --END-- [ RunTime:0.000972s ]

[ 2016-09-02T12:11:04+08:00 ] ::1 /YunPan/index.php/Home/yun
INFO: [ app_begin ] --START--
INFO: Run Behavior\ReadHtmlCacheBehavior [ RunTime:0.000509s ]
INFO: [ app_begin ] --END-- [ RunTime:0.000834s ]
SQL: SHOW COLUMNS FROM `pan_file_folder` [ RunTime:0.0006s ]
SQL: SELECT * FROM `pan_file_folder` WHERE ( user_id = 1 AND parent_id = 0 )  [ RunTime:0.0003s ]
SQL: SHOW COLUMNS FROM `pan_file` [ RunTime:0.0006s ]
SQL: SELECT * FROM `pan_file` WHERE ( user_id = 1 AND folder_id = 0 )  [ RunTime:0.0007s ]
SQL: SELECT * FROM `pan_file_folder` WHERE ( user_id = 1 AND id = 0 ) LIMIT 1   [ RunTime:0.0003s ]
INFO: [ view_parse ] --START--
INFO: [ template_filter ] --START--
INFO: Run Behavior\ContentReplaceBehavior [ RunTime:0.000044s ]
INFO: [ template_filter ] --END-- [ RunTime:0.000093s ]
INFO: Run Behavior\ParseTemplateBehavior [ RunTime:0.010200s ]
INFO: [ view_parse ] --END-- [ RunTime:0.010253s ]
INFO: [ view_filter ] --START--
INFO: Run Behavior\WriteHtmlCacheBehavior [ RunTime:0.000345s ]
INFO: [ view_filter ] --END-- [ RunTime:0.000371s ]
INFO: [ app_end ] --START--
INFO: Run Behavior\ShowPageTraceBehavior [ RunTime:0.000899s ]
INFO: [ app_end ] --END-- [ RunTime:0.000955s ]

[ 2016-09-02T12:11:05+08:00 ] ::1 /YunPan/index.php/Home/work
INFO: [ app_begin ] --START--
INFO: Run Behavior\ReadHtmlCacheBehavior [ RunTime:0.000854s ]
INFO: [ app_begin ] --END-- [ RunTime:0.001241s ]
INFO: [ view_parse ] --START--
INFO: Run Behavior\ParseTemplateBehavior [ RunTime:0.000669s ]
INFO: [ view_parse ] --END-- [ RunTime:0.000719s ]
INFO: [ view_filter ] --START--
INFO: Run Behavior\WriteHtmlCacheBehavior [ RunTime:0.000423s ]
INFO: [ view_filter ] --END-- [ RunTime:0.000447s ]
INFO: [ app_end ] --START--
INFO: Run Behavior\ShowPageTraceBehavior [ RunTime:0.000505s ]
INFO: [ app_end ] --END-- [ RunTime:0.000529s ]

[ 2016-09-02T12:11:06+08:00 ] ::1 /YunPan/index.php/Home/yun
INFO: [ app_begin ] --START--
INFO: Run Behavior\ReadHtmlCacheBehavior [ RunTime:0.000610s ]
INFO: [ app_begin ] --END-- [ RunTime:0.001004s ]
SQL: SHOW COLUMNS FROM `pan_file_folder` [ RunTime:0.0006s ]
SQL: SELECT * FROM `pan_file_folder` WHERE ( user_id = 1 AND parent_id = 0 )  [ RunTime:0.0003s ]
SQL: SHOW COLUMNS FROM `pan_file` [ RunTime:0.0005s ]
SQL: SELECT * FROM `pan_file` WHERE ( user_id = 1 AND folder_id = 0 )  [ RunTime:0.0006s ]
SQL: SELECT * FROM `pan_file_folder` WHERE ( user_id = 1 AND id = 0 ) LIMIT 1   [ RunTime:0.0003s ]
INFO: [ view_parse ] --START--
INFO: [ template_filter ] --START--
INFO: Run Behavior\ContentReplaceBehavior [ RunTime:0.000034s ]
INFO: [ template_filter ] --END-- [ RunTime:0.000068s ]
INFO: Run Behavior\ParseTemplateBehavior [ RunTime:0.007433s ]
INFO: [ view_parse ] --END-- [ RunTime:0.007488s ]
INFO: [ view_filter ] --START--
INFO: Run Behavior\WriteHtmlCacheBehavior [ RunTime:0.000372s ]
INFO: [ view_filter ] --END-- [ RunTime:0.000406s ]
INFO: [ app_end ] --START--
INFO: Run Behavior\ShowPageTraceBehavior [ RunTime:0.001229s ]
INFO: [ app_end ] --END-- [ RunTime:0.001302s ]

[ 2016-09-02T12:11:18+08:00 ] ::1 /YunPan/index.php/Home/yun
INFO: [ app_begin ] --START--
INFO: Run Behavior\ReadHtmlCacheBehavior [ RunTime:0.000579s ]
INFO: [ app_begin ] --END-- [ RunTime:0.000972s ]
SQL: SHOW COLUMNS FROM `pan_file_folder` [ RunTime:0.0008s ]
SQL: SELECT * FROM `pan_file_folder` WHERE ( user_id = 1 AND parent_id = 0 )  [ RunTime:0.0005s ]
SQL: SHOW COLUMNS FROM `pan_file` [ RunTime:0.0009s ]
SQL: SELECT * FROM `pan_file` WHERE ( user_id = 1 AND folder_id = 0 )  [ RunTime:0.0009s ]
SQL: SELECT * FROM `pan_file_folder` WHERE ( user_id = 1 AND id = 0 ) LIMIT 1   [ RunTime:0.0004s ]
INFO: [ view_parse ] --START--
INFO: [ template_filter ] --START--
INFO: Run Behavior\ContentReplaceBehavior [ RunTime:0.000046s ]
INFO: [ template_filter ] --END-- [ RunTime:0.000081s ]
INFO: Run Behavior\ParseTemplateBehavior [ RunTime:0.006381s ]
INFO: [ view_parse ] --END-- [ RunTime:0.006424s ]
INFO: [ view_filter ] --START--
INFO: Run Behavior\WriteHtmlCacheBehavior [ RunTime:0.000355s ]
INFO: [ view_filter ] --END-- [ RunTime:0.000379s ]
INFO: [ app_end ] --START--
INFO: Run Behavior\ShowPageTraceBehavior [ RunTime:0.000808s ]
INFO: [ app_end ] --END-- [ RunTime:0.000861s ]

[ 2016-09-02T12:11:19+08:00 ] ::1 /YunPan/index.php/Home/yun
INFO: [ app_begin ] --START--
INFO: Run Behavior\ReadHtmlCacheBehavior [ RunTime:0.001057s ]
INFO: [ app_begin ] --END-- [ RunTime:0.001749s ]
SQL: SHOW COLUMNS FROM `pan_file_folder` [ RunTime:0.0006s ]
SQL: SELECT * FROM `pan_file_folder` WHERE ( user_id = 1 AND parent_id = 0 )  [ RunTime:0.0003s ]
SQL: SHOW COLUMNS FROM `pan_file` [ RunTime:0.0006s ]
SQL: SELECT * FROM `pan_file` WHERE ( user_id = 1 AND folder_id = 0 )  [ RunTime:0.0006s ]
SQL: SELECT * FROM `pan_file_folder` WHERE ( user_id = 1 AND id = 0 ) LIMIT 1   [ RunTime:0.0002s ]
INFO: [ view_parse ] --START--
INFO: [ template_filter ] --START--
INFO: Run Behavior\ContentReplaceBehavior [ RunTime:0.000035s ]
INFO: [ template_filter ] --END-- [ RunTime:0.000071s ]
INFO: Run Behavior\ParseTemplateBehavior [ RunTime:0.010136s ]
INFO: [ view_parse ] --END-- [ RunTime:0.010191s ]
INFO: [ view_filter ] --START--
INFO: Run Behavior\WriteHtmlCacheBehavior [ RunTime:0.000384s ]
INFO: [ view_filter ] --END-- [ RunTime:0.000411s ]
INFO: [ app_end ] --START--
INFO: Run Behavior\ShowPageTraceBehavior [ RunTime:0.000759s ]
INFO: [ app_end ] --END-- [ RunTime:0.000805s ]

[ 2016-09-02T12:11:20+08:00 ] ::1 /YunPan/index.php/Home/work
INFO: [ app_begin ] --START--
INFO: Run Behavior\ReadHtmlCacheBehavior [ RunTime:0.000924s ]
INFO: [ app_begin ] --END-- [ RunTime:0.001632s ]
INFO: [ view_parse ] --START--
INFO: Run Behavior\ParseTemplateBehavior [ RunTime:0.001064s ]
INFO: [ view_parse ] --END-- [ RunTime:0.001139s ]
INFO: [ view_filter ] --START--
INFO: Run Behavior\WriteHtmlCacheBehavior [ RunTime:0.001312s ]
INFO: [ view_filter ] --END-- [ RunTime:0.001357s ]
INFO: [ app_end ] --START--
INFO: Run Behavior\ShowPageTraceBehavior [ RunTime:0.000728s ]
INFO: [ app_end ] --END-- [ RunTime:0.000767s ]

[ 2016-09-02T12:11:22+08:00 ] ::1 /YunPan/index.php/Home/yun
INFO: [ app_begin ] --START--
INFO: Run Behavior\ReadHtmlCacheBehavior [ RunTime:0.001095s ]
INFO: [ app_begin ] --END-- [ RunTime:0.001667s ]
SQL: SHOW COLUMNS FROM `pan_file_folder` [ RunTime:0.0025s ]
SQL: SELECT * FROM `pan_file_folder` WHERE ( user_id = 1 AND parent_id = 0 )  [ RunTime:0.0005s ]
SQL: SHOW COLUMNS FROM `pan_file` [ RunTime:0.0012s ]
SQL: SELECT * FROM `pan_file` WHERE ( user_id = 1 AND folder_id = 0 )  [ RunTime:0.0010s ]
SQL: SELECT * FROM `pan_file_folder` WHERE ( user_id = 1 AND id = 0 ) LIMIT 1   [ RunTime:0.0004s ]
INFO: [ view_parse ] --START--
INFO: [ template_filter ] --START--
INFO: Run Behavior\ContentReplaceBehavior [ RunTime:0.000084s ]
INFO: [ template_filter ] --END-- [ RunTime:0.000141s ]
INFO: Run Behavior\ParseTemplateBehavior [ RunTime:0.009703s ]
INFO: [ view_parse ] --END-- [ RunTime:0.009776s ]
INFO: [ view_filter ] --START--
INFO: Run Behavior\WriteHtmlCacheBehavior [ RunTime:0.000557s ]
INFO: [ view_filter ] --END-- [ RunTime:0.000594s ]
INFO: [ app_end ] --START--
INFO: Run Behavior\ShowPageTraceBehavior [ RunTime:0.000970s ]
INFO: [ app_end ] --END-- [ RunTime:0.001038s ]

[ 2016-09-02T12:11:23+08:00 ] ::1 /YunPan/index.php/Home/work
INFO: [ app_begin ] --START--
INFO: Run Behavior\ReadHtmlCacheBehavior [ RunTime:0.001033s ]
INFO: [ app_begin ] --END-- [ RunTime:0.001698s ]
INFO: [ view_parse ] --START--
INFO: Run Behavior\ParseTemplateBehavior [ RunTime:0.001210s ]
INFO: [ view_parse ] --END-- [ RunTime:0.001272s ]
INFO: [ view_filter ] --START--
INFO: Run Behavior\WriteHtmlCacheBehavior [ RunTime:0.000366s ]
INFO: [ view_filter ] --END-- [ RunTime:0.000390s ]
INFO: [ app_end ] --START--
INFO: Run Behavior\ShowPageTraceBehavior [ RunTime:0.000515s ]
INFO: [ app_end ] --END-- [ RunTime:0.000538s ]

[ 2016-09-02T12:11:24+08:00 ] ::1 /YunPan/index.php/Home/yun
INFO: [ app_begin ] --START--
INFO: Run Behavior\ReadHtmlCacheBehavior [ RunTime:0.000624s ]
INFO: [ app_begin ] --END-- [ RunTime:0.001073s ]
SQL: SHOW COLUMNS FROM `pan_file_folder` [ RunTime:0.0006s ]
SQL: SELECT * FROM `pan_file_folder` WHERE ( user_id = 1 AND parent_id = 0 )  [ RunTime:0.0003s ]
SQL: SHOW COLUMNS FROM `pan_file` [ RunTime:0.0006s ]
SQL: SELECT * FROM `pan_file` WHERE ( user_id = 1 AND folder_id = 0 )  [ RunTime:0.0008s ]
SQL: SELECT * FROM `pan_file_folder` WHERE ( user_id = 1 AND id = 0 ) LIMIT 1   [ RunTime:0.0003s ]
INFO: [ view_parse ] --START--
INFO: [ template_filter ] --START--
INFO: Run Behavior\ContentReplaceBehavior [ RunTime:0.000066s ]
INFO: [ template_filter ] --END-- [ RunTime:0.000186s ]
INFO: Run Behavior\ParseTemplateBehavior [ RunTime:0.009959s ]
INFO: [ view_parse ] --END-- [ RunTime:0.010017s ]
INFO: [ view_filter ] --START--
INFO: Run Behavior\WriteHtmlCacheBehavior [ RunTime:0.000469s ]
INFO: [ view_filter ] --END-- [ RunTime:0.000505s ]
INFO: [ app_end ] --START--
INFO: Run Behavior\ShowPageTraceBehavior [ RunTime:0.001051s ]
INFO: [ app_end ] --END-- [ RunTime:0.001140s ]

[ 2016-09-02T12:11:25+08:00 ] ::1 /YunPan/index.php/Home/work
INFO: [ app_begin ] --START--
INFO: Run Behavior\ReadHtmlCacheBehavior [ RunTime:0.000893s ]
INFO: [ app_begin ] --END-- [ RunTime:0.001417s ]
INFO: [ view_parse ] --START--
INFO: Run Behavior\ParseTemplateBehavior [ RunTime:0.000471s ]
INFO: [ view_parse ] --END-- [ RunTime:0.000517s ]
INFO: [ view_filter ] --START--
INFO: Run Behavior\WriteHtmlCacheBehavior [ RunTime:0.000334s ]
INFO: [ view_filter ] --END-- [ RunTime:0.000354s ]
INFO: [ app_end ] --START--
INFO: Run Behavior\ShowPageTraceBehavior [ RunTime:0.000514s ]
INFO: [ app_end ] --END-- [ RunTime:0.000537s ]

[ 2016-09-02T12:11:26+08:00 ] ::1 /YunPan/index.php/Home/yun
INFO: [ app_begin ] --START--
INFO: Run Behavior\ReadHtmlCacheBehavior [ RunTime:0.000944s ]
INFO: [ app_begin ] --END-- [ RunTime:0.001601s ]
SQL: SHOW COLUMNS FROM `pan_file_folder` [ RunTime:0.0027s ]
SQL: SELECT * FROM `pan_file_folder` WHERE ( user_id = 1 AND parent_id = 0 )  [ RunTime:0.0004s ]
SQL: SHOW COLUMNS FROM `pan_file` [ RunTime:0.0008s ]
SQL: SELECT * FROM `pan_file` WHERE ( user_id = 1 AND folder_id = 0 )  [ RunTime:0.0007s ]
SQL: SELECT * FROM `pan_file_folder` WHERE ( user_id = 1 AND id = 0 ) LIMIT 1   [ RunTime:0.0003s ]
INFO: [ view_parse ] --START--
INFO: [ template_filter ] --START--
INFO: Run Behavior\ContentReplaceBehavior [ RunTime:0.000041s ]
INFO: [ template_filter ] --END-- [ RunTime:0.000088s ]
INFO: Run Behavior\ParseTemplateBehavior [ RunTime:0.006968s ]
INFO: [ view_parse ] --END-- [ RunTime:0.007011s ]
INFO: [ view_filter ] --START--
INFO: Run Behavior\WriteHtmlCacheBehavior [ RunTime:0.000360s ]
INFO: [ view_filter ] --END-- [ RunTime:0.000383s ]
INFO: [ app_end ] --START--
INFO: Run Behavior\ShowPageTraceBehavior [ RunTime:0.000770s ]
INFO: [ app_end ] --END-- [ RunTime:0.000830s ]

[ 2016-09-02T12:11:29+08:00 ] ::1 /YunPan/index.php/Home/work
INFO: [ app_begin ] --START--
INFO: Run Behavior\ReadHtmlCacheBehavior [ RunTime:0.000740s ]
INFO: [ app_begin ] --END-- [ RunTime:0.001195s ]
INFO: [ view_parse ] --START--
INFO: Run Behavior\ParseTemplateBehavior [ RunTime:0.000673s ]
INFO: [ view_parse ] --END-- [ RunTime:0.000723s ]
INFO: [ view_filter ] --START--
INFO: Run Behavior\WriteHtmlCacheBehavior [ RunTime:0.000510s ]
INFO: [ view_filter ] --END-- [ RunTime:0.000598s ]
INFO: [ app_end ] --START--
INFO: Run Behavior\ShowPageTraceBehavior [ RunTime:0.001065s ]
INFO: [ app_end ] --END-- [ RunTime:0.001118s ]

[ 2016-09-02T12:11:30+08:00 ] ::1 /YunPan/index.php/Home/work
INFO: [ app_begin ] --START--
INFO: Run Behavior\ReadHtmlCacheBehavior [ RunTime:0.000569s ]
INFO: [ app_begin ] --END-- [ RunTime:0.000923s ]
INFO: [ view_parse ] --START--
INFO: Run Behavior\ParseTemplateBehavior [ RunTime:0.000797s ]
INFO: [ view_parse ] --END-- [ RunTime:0.000856s ]
INFO: [ view_filter ] --START--
INFO: Run Behavior\WriteHtmlCacheBehavior [ RunTime:0.000489s ]
INFO: [ view_filter ] --END-- [ RunTime:0.000531s ]
INFO: [ app_end ] --START--
INFO: Run Behavior\ShowPageTraceBehavior [ RunTime:0.001090s ]
INFO: [ app_end ] --END-- [ RunTime:0.001173s ]

[ 2016-09-02T12:21:34+08:00 ] ::1 /YunPan/index.php/Home/yun
INFO: [ app_begin ] --START--
INFO: Run Behavior\ReadHtmlCacheBehavior [ RunTime:0.001155s ]
INFO: [ app_begin ] --END-- [ RunTime:0.001513s ]
SQL: SHOW COLUMNS FROM `pan_file_folder` [ RunTime:0.0018s ]
SQL: SELECT * FROM `pan_file_folder` WHERE ( user_id = 1 AND parent_id = 0 )  [ RunTime:0.0004s ]
SQL: SHOW COLUMNS FROM `pan_file` [ RunTime:0.0007s ]
SQL: SELECT * FROM `pan_file` WHERE ( user_id = 1 AND folder_id = 0 )  [ RunTime:0.0006s ]
SQL: SELECT * FROM `pan_file_folder` WHERE ( user_id = 1 AND id = 0 ) LIMIT 1   [ RunTime:0.0003s ]
INFO: [ view_parse ] --START--
INFO: [ template_filter ] --START--
INFO: Run Behavior\ContentReplaceBehavior [ RunTime:0.000060s ]
INFO: [ template_filter ] --END-- [ RunTime:0.000112s ]
INFO: Run Behavior\ParseTemplateBehavior [ RunTime:0.009605s ]
INFO: [ view_parse ] --END-- [ RunTime:0.009669s ]
INFO: [ view_filter ] --START--
INFO: Run Behavior\WriteHtmlCacheBehavior [ RunTime:0.000524s ]
INFO: [ view_filter ] --END-- [ RunTime:0.000561s ]
INFO: [ app_end ] --START--
INFO: Run Behavior\ShowPageTraceBehavior [ RunTime:0.000963s ]
INFO: [ app_end ] --END-- [ RunTime:0.001025s ]

[ 2016-09-02T12:21:35+08:00 ] ::1 /YunPan/index.php/Home/yun/picture
INFO: [ app_begin ] --START--
INFO: Run Behavior\ReadHtmlCacheBehavior [ RunTime:0.001398s ]
INFO: [ app_begin ] --END-- [ RunTime:0.002979s ]
SQL: SHOW COLUMNS FROM `pan_file` [ RunTime:0.0040s ]
SQL: SELECT * FROM `pan_file` WHERE `mime` LIKE 'image/%' AND `user_id` = '1'  [ RunTime:0.0005s ]
INFO: [ view_parse ] --START--
INFO: [ template_filter ] --START--
INFO: Run Behavior\ContentReplaceBehavior [ RunTime:0.000050s ]
INFO: [ template_filter ] --END-- [ RunTime:0.000108s ]
NOTIC: [8] Undefined variable: folder D:\Workspace\YunPan\App\Runtime\Cache\Home\bb745150f6f85e387b1ecbe121036224.php 第 18 行.
INFO: Run Behavior\ParseTemplateBehavior [ RunTime:0.010239s ]
INFO: [ view_parse ] --END-- [ RunTime:0.010294s ]
INFO: [ view_filter ] --START--
INFO: Run Behavior\WriteHtmlCacheBehavior [ RunTime:0.000631s ]
INFO: [ view_filter ] --END-- [ RunTime:0.000673s ]
INFO: [ app_end ] --START--
INFO: Run Behavior\ShowPageTraceBehavior [ RunTime:0.000950s ]
INFO: [ app_end ] --END-- [ RunTime:0.001002s ]

[ 2016-09-02T12:21:36+08:00 ] ::1 /YunPan/index.php/Home/yun/video
INFO: [ app_begin ] --START--
INFO: Run Behavior\ReadHtmlCacheBehavior [ RunTime:0.000580s ]
INFO: [ app_begin ] --END-- [ RunTime:0.000947s ]
SQL: SHOW COLUMNS FROM `pan_file` [ RunTime:0.0006s ]
SQL: SELECT * FROM `pan_file` WHERE `mime` LIKE 'video/%' AND `user_id` = '1'  [ RunTime:0.0005s ]
INFO: [ view_parse ] --START--
INFO: [ template_filter ] --START--
INFO: Run Behavior\ContentReplaceBehavior [ RunTime:0.000035s ]
INFO: [ template_filter ] --END-- [ RunTime:0.000071s ]
NOTIC: [8] Undefined variable: folder D:\Workspace\YunPan\App\Runtime\Cache\Home\bb745150f6f85e387b1ecbe121036224.php 第 18 行.
INFO: Run Behavior\ParseTemplateBehavior [ RunTime:0.007103s ]
INFO: [ view_parse ] --END-- [ RunTime:0.007149s ]
INFO: [ view_filter ] --START--
INFO: Run Behavior\WriteHtmlCacheBehavior [ RunTime:0.000535s ]
INFO: [ view_filter ] --END-- [ RunTime:0.000570s ]
INFO: [ app_end ] --START--
INFO: Run Behavior\ShowPageTraceBehavior [ RunTime:0.000885s ]
INFO: [ app_end ] --END-- [ RunTime:0.000932s ]

[ 2016-09-02T12:21:36+08:00 ] ::1 /YunPan/index.php/Home/yun/music
INFO: [ app_begin ] --START--
INFO: Run Behavior\ReadHtmlCacheBehavior [ RunTime:0.000647s ]
INFO: [ app_begin ] --END-- [ RunTime:0.001162s ]
SQL: SHOW COLUMNS FROM `pan_file` [ RunTime:0.0006s ]
SQL: SELECT * FROM `pan_file` WHERE `mime` LIKE 'audio/%' AND `user_id` = '1'  [ RunTime:0.0003s ]
INFO: [ view_parse ] --START--
INFO: [ template_filter ] --START--
INFO: Run Behavior\ContentReplaceBehavior [ RunTime:0.000031s ]
INFO: [ template_filter ] --END-- [ RunTime:0.000058s ]
NOTIC: [8] Undefined variable: folder D:\Workspace\YunPan\App\Runtime\Cache\Home\bb745150f6f85e387b1ecbe121036224.php 第 18 行.
INFO: Run Behavior\ParseTemplateBehavior [ RunTime:0.006009s ]
INFO: [ view_parse ] --END-- [ RunTime:0.006038s ]
INFO: [ view_filter ] --START--
INFO: Run Behavior\WriteHtmlCacheBehavior [ RunTime:0.000395s ]
INFO: [ view_filter ] --END-- [ RunTime:0.000427s ]
INFO: [ app_end ] --START--
INFO: Run Behavior\ShowPageTraceBehavior [ RunTime:0.000807s ]
INFO: [ app_end ] --END-- [ RunTime:0.000854s ]

[ 2016-09-02T12:21:37+08:00 ] ::1 /YunPan/index.php/Home/yun/document
INFO: [ app_begin ] --START--
INFO: Run Behavior\ReadHtmlCacheBehavior [ RunTime:0.000989s ]
INFO: [ app_begin ] --END-- [ RunTime:0.001755s ]
SQL: SHOW COLUMNS FROM `pan_file` [ RunTime:0.0009s ]
SQL: SELECT * FROM `pan_file` WHERE `mime` LIKE 'text/%' AND `user_id` = '1'  [ RunTime:0.0010s ]
INFO: [ view_parse ] --START--
INFO: [ template_filter ] --START--
INFO: Run Behavior\ContentReplaceBehavior [ RunTime:0.000036s ]
INFO: [ template_filter ] --END-- [ RunTime:0.000073s ]
NOTIC: [8] Undefined variable: folder D:\Workspace\YunPan\App\Runtime\Cache\Home\bb745150f6f85e387b1ecbe121036224.php 第 18 行.
INFO: Run Behavior\ParseTemplateBehavior [ RunTime:0.043507s ]
INFO: [ view_parse ] --END-- [ RunTime:0.043556s ]
INFO: [ view_filter ] --START--
INFO: Run Behavior\WriteHtmlCacheBehavior [ RunTime:0.000435s ]
INFO: [ view_filter ] --END-- [ RunTime:0.000474s ]
INFO: [ app_end ] --START--
INFO: Run Behavior\ShowPageTraceBehavior [ RunTime:0.000602s ]
INFO: [ app_end ] --END-- [ RunTime:0.000633s ]

[ 2016-09-02T12:21:37+08:00 ] ::1 /YunPan/index.php/Home/yun
INFO: [ app_begin ] --START--
INFO: Run Behavior\ReadHtmlCacheBehavior [ RunTime:0.001363s ]
INFO: [ app_begin ] --END-- [ RunTime:0.002154s ]
SQL: SHOW COLUMNS FROM `pan_file_folder` [ RunTime:0.0007s ]
SQL: SELECT * FROM `pan_file_folder` WHERE ( user_id = 1 AND parent_id = 0 )  [ RunTime:0.0003s ]
SQL: SHOW COLUMNS FROM `pan_file` [ RunTime:0.0006s ]
SQL: SELECT * FROM `pan_file` WHERE ( user_id = 1 AND folder_id = 0 )  [ RunTime:0.0007s ]
SQL: SELECT * FROM `pan_file_folder` WHERE ( user_id = 1 AND id = 0 ) LIMIT 1   [ RunTime:0.0003s ]
INFO: [ view_parse ] --START--
INFO: [ template_filter ] --START--
INFO: Run Behavior\ContentReplaceBehavior [ RunTime:0.000037s ]
INFO: [ template_filter ] --END-- [ RunTime:0.000078s ]
INFO: Run Behavior\ParseTemplateBehavior [ RunTime:0.008817s ]
INFO: [ view_parse ] --END-- [ RunTime:0.008871s ]
INFO: [ view_filter ] --START--
INFO: Run Behavior\WriteHtmlCacheBehavior [ RunTime:0.000384s ]
INFO: [ view_filter ] --END-- [ RunTime:0.000412s ]
INFO: [ app_end ] --START--
INFO: Run Behavior\ShowPageTraceBehavior [ RunTime:0.001423s ]
INFO: [ app_end ] --END-- [ RunTime:0.001503s ]

[ 2016-09-02T12:21:38+08:00 ] ::1 /YunPan/index.php/Home/work
INFO: [ app_begin ] --START--
INFO: Run Behavior\ReadHtmlCacheBehavior [ RunTime:0.000870s ]
INFO: [ app_begin ] --END-- [ RunTime:0.001433s ]
INFO: [ view_parse ] --START--
INFO: Run Behavior\ParseTemplateBehavior [ RunTime:0.000613s ]
INFO: [ view_parse ] --END-- [ RunTime:0.000662s ]
INFO: [ view_filter ] --START--
INFO: Run Behavior\WriteHtmlCacheBehavior [ RunTime:0.000323s ]
INFO: [ view_filter ] --END-- [ RunTime:0.000343s ]
INFO: [ app_end ] --START--
INFO: Run Behavior\ShowPageTraceBehavior [ RunTime:0.000503s ]
INFO: [ app_end ] --END-- [ RunTime:0.000527s ]

[ 2016-09-02T12:21:40+08:00 ] ::1 /YunPan/index.php/Home/yun
INFO: [ app_begin ] --START--
INFO: Run Behavior\ReadHtmlCacheBehavior [ RunTime:0.000585s ]
INFO: [ app_begin ] --END-- [ RunTime:0.000908s ]
SQL: SHOW COLUMNS FROM `pan_file_folder` [ RunTime:0.0005s ]
SQL: SELECT * FROM `pan_file_folder` WHERE ( user_id = 1 AND parent_id = 0 )  [ RunTime:0.0003s ]
SQL: SHOW COLUMNS FROM `pan_file` [ RunTime:0.0005s ]
SQL: SELECT * FROM `pan_file` WHERE ( user_id = 1 AND folder_id = 0 )  [ RunTime:0.0006s ]
SQL: SELECT * FROM `pan_file_folder` WHERE ( user_id = 1 AND id = 0 ) LIMIT 1   [ RunTime:0.0002s ]
INFO: [ view_parse ] --START--
INFO: [ template_filter ] --START--
INFO: Run Behavior\ContentReplaceBehavior [ RunTime:0.000052s ]
INFO: [ template_filter ] --END-- [ RunTime:0.000109s ]
INFO: Run Behavior\ParseTemplateBehavior [ RunTime:0.009154s ]
INFO: [ view_parse ] --END-- [ RunTime:0.009220s ]
INFO: [ view_filter ] --START--
INFO: Run Behavior\WriteHtmlCacheBehavior [ RunTime:0.000396s ]
INFO: [ view_filter ] --END-- [ RunTime:0.000418s ]
INFO: [ app_end ] --START--
INFO: Run Behavior\ShowPageTraceBehavior [ RunTime:0.001863s ]
INFO: [ app_end ] --END-- [ RunTime:0.001919s ]

[ 2016-09-02T12:21:41+08:00 ] ::1 /YunPan/index.php/Home/work
INFO: [ app_begin ] --START--
INFO: Run Behavior\ReadHtmlCacheBehavior [ RunTime:0.000939s ]
INFO: [ app_begin ] --END-- [ RunTime:0.001521s ]
INFO: [ view_parse ] --START--
INFO: Run Behavior\ParseTemplateBehavior [ RunTime:0.000879s ]
INFO: [ view_parse ] --END-- [ RunTime:0.001009s ]
INFO: [ view_filter ] --START--
INFO: Run Behavior\WriteHtmlCacheBehavior [ RunTime:0.000585s ]
INFO: [ view_filter ] --END-- [ RunTime:0.000624s ]
INFO: [ app_end ] --START--
INFO: Run Behavior\ShowPageTraceBehavior [ RunTime:0.000784s ]
INFO: [ app_end ] --END-- [ RunTime:0.000824s ]

[ 2016-09-02T12:21:42+08:00 ] ::1 /YunPan/index.php/Home/yun
INFO: [ app_begin ] --START--
INFO: Run Behavior\ReadHtmlCacheBehavior [ RunTime:0.000998s ]
INFO: [ app_begin ] --END-- [ RunTime:0.001564s ]
SQL: SHOW COLUMNS FROM `pan_file_folder` [ RunTime:0.0008s ]
SQL: SELECT * FROM `pan_file_folder` WHERE ( user_id = 1 AND parent_id = 0 )  [ RunTime:0.0004s ]
SQL: SHOW COLUMNS FROM `pan_file` [ RunTime:0.0008s ]
SQL: SELECT * FROM `pan_file` WHERE ( user_id = 1 AND folder_id = 0 )  [ RunTime:0.0013s ]
SQL: SELECT * FROM `pan_file_folder` WHERE ( user_id = 1 AND id = 0 ) LIMIT 1   [ RunTime:0.0004s ]
INFO: [ view_parse ] --START--
INFO: [ template_filter ] --START--
INFO: Run Behavior\ContentReplaceBehavior [ RunTime:0.000035s ]
INFO: [ template_filter ] --END-- [ RunTime:0.000071s ]
INFO: Run Behavior\ParseTemplateBehavior [ RunTime:0.009753s ]
INFO: [ view_parse ] --END-- [ RunTime:0.009831s ]
INFO: [ view_filter ] --START--
INFO: Run Behavior\WriteHtmlCacheBehavior [ RunTime:0.000437s ]
INFO: [ view_filter ] --END-- [ RunTime:0.000467s ]
INFO: [ app_end ] --START--
INFO: Run Behavior\ShowPageTraceBehavior [ RunTime:0.000871s ]
INFO: [ app_end ] --END-- [ RunTime:0.000929s ]

[ 2016-09-02T12:21:43+08:00 ] ::1 /YunPan/index.php/Home/work
INFO: [ app_begin ] --START--
INFO: Run Behavior\ReadHtmlCacheBehavior [ RunTime:0.000641s ]
INFO: [ app_begin ] --END-- [ RunTime:0.001011s ]
INFO: [ view_parse ] --START--
INFO: Run Behavior\ParseTemplateBehavior [ RunTime:0.000505s ]
INFO: [ view_parse ] --END-- [ RunTime:0.000542s ]
INFO: [ view_filter ] --START--
INFO: Run Behavior\WriteHtmlCacheBehavior [ RunTime:0.000308s ]
INFO: [ view_filter ] --END-- [ RunTime:0.000332s ]
INFO: [ app_end ] --START--
INFO: Run Behavior\ShowPageTraceBehavior [ RunTime:0.000542s ]
INFO: [ app_end ] --END-- [ RunTime:0.000567s ]

[ 2016-09-02T12:21:44+08:00 ] ::1 /YunPan/index.php/Home/yun
INFO: [ app_begin ] --START--
INFO: Run Behavior\ReadHtmlCacheBehavior [ RunTime:0.001207s ]
INFO: [ app_begin ] --END-- [ RunTime:0.001774s ]
SQL: SHOW COLUMNS FROM `pan_file_folder` [ RunTime:0.0007s ]
SQL: SELECT * FROM `pan_file_folder` WHERE ( user_id = 1 AND parent_id = 0 )  [ RunTime:0.0005s ]
SQL: SHOW COLUMNS FROM `pan_file` [ RunTime:0.0014s ]
SQL: SELECT * FROM `pan_file` WHERE ( user_id = 1 AND folder_id = 0 )  [ RunTime:0.0006s ]
SQL: SELECT * FROM `pan_file_folder` WHERE ( user_id = 1 AND id = 0 ) LIMIT 1   [ RunTime:0.0003s ]
INFO: [ view_parse ] --START--
INFO: [ template_filter ] --START--
INFO: Run Behavior\ContentReplaceBehavior [ RunTime:0.000031s ]
INFO: [ template_filter ] --END-- [ RunTime:0.000058s ]
INFO: Run Behavior\ParseTemplateBehavior [ RunTime:0.006408s ]
INFO: [ view_parse ] --END-- [ RunTime:0.006462s ]
INFO: [ view_filter ] --START--
INFO: Run Behavior\WriteHtmlCacheBehavior [ RunTime:0.000450s ]
INFO: [ view_filter ] --END-- [ RunTime:0.000477s ]
INFO: [ app_end ] --START--
INFO: Run Behavior\ShowPageTraceBehavior [ RunTime:0.000904s ]
INFO: [ app_end ] --END-- [ RunTime:0.000962s ]

[ 2016-09-02T12:21:46+08:00 ] ::1 /YunPan/index.php/Home/work
INFO: [ app_begin ] --START--
INFO: Run Behavior\ReadHtmlCacheBehavior [ RunTime:0.000508s ]
INFO: [ app_begin ] --END-- [ RunTime:0.000823s ]
INFO: [ view_parse ] --START--
INFO: Run Behavior\ParseTemplateBehavior [ RunTime:0.000440s ]
INFO: [ view_parse ] --END-- [ RunTime:0.000471s ]
INFO: [ view_filter ] --START--
INFO: Run Behavior\WriteHtmlCacheBehavior [ RunTime:0.000322s ]
INFO: [ view_filter ] --END-- [ RunTime:0.000346s ]
INFO: [ app_end ] --START--
INFO: Run Behavior\ShowPageTraceBehavior [ RunTime:0.000477s ]
INFO: [ app_end ] --END-- [ RunTime:0.000501s ]

[ 2016-09-02T12:21:47+08:00 ] ::1 /YunPan/index.php/Home/yun
INFO: [ app_begin ] --START--
INFO: Run Behavior\ReadHtmlCacheBehavior [ RunTime:0.000524s ]
INFO: [ app_begin ] --END-- [ RunTime:0.000823s ]
SQL: SHOW COLUMNS FROM `pan_file_folder` [ RunTime:0.0006s ]
SQL: SELECT * FROM `pan_file_folder` WHERE ( user_id = 1 AND parent_id = 0 )  [ RunTime:0.0003s ]
SQL: SHOW COLUMNS FROM `pan_file` [ RunTime:0.0006s ]
SQL: SELECT * FROM `pan_file` WHERE ( user_id = 1 AND folder_id = 0 )  [ RunTime:0.0007s ]
SQL: SELECT * FROM `pan_file_folder` WHERE ( user_id = 1 AND id = 0 ) LIMIT 1   [ RunTime:0.0003s ]
INFO: [ view_parse ] --START--
INFO: [ template_filter ] --START--
INFO: Run Behavior\ContentReplaceBehavior [ RunTime:0.000084s ]
INFO: [ template_filter ] --END-- [ RunTime:0.000192s ]
INFO: Run Behavior\ParseTemplateBehavior [ RunTime:0.008803s ]
INFO: [ view_parse ] --END-- [ RunTime:0.008851s ]
INFO: [ view_filter ] --START--
INFO: Run Behavior\WriteHtmlCacheBehavior [ RunTime:0.000368s ]
INFO: [ view_filter ] --END-- [ RunTime:0.000404s ]
INFO: [ app_end ] --START--
INFO: Run Behavior\ShowPageTraceBehavior [ RunTime:0.000910s ]
INFO: [ app_end ] --END-- [ RunTime:0.000965s ]

[ 2016-09-02T12:21:49+08:00 ] ::1 /YunPan/index.php/Home/Yun/index/parent_id/1
INFO: [ app_begin ] --START--
INFO: Run Behavior\ReadHtmlCacheBehavior [ RunTime:0.000892s ]
INFO: [ app_begin ] --END-- [ RunTime:0.001488s ]
SQL: SHOW COLUMNS FROM `pan_file_folder` [ RunTime:0.0014s ]
SQL: SELECT * FROM `pan_file_folder` WHERE ( user_id = 1 AND parent_id = 1 )  [ RunTime:0.0006s ]
SQL: SHOW COLUMNS FROM `pan_file` [ RunTime:0.0010s ]
SQL: SELECT * FROM `pan_file` WHERE ( user_id = 1 AND folder_id = 1 )  [ RunTime:0.0007s ]
SQL: SELECT * FROM `pan_file_folder` WHERE ( user_id = 1 AND id = 1 ) LIMIT 1   [ RunTime:0.0004s ]
INFO: [ view_parse ] --START--
INFO: [ template_filter ] --START--
INFO: Run Behavior\ContentReplaceBehavior [ RunTime:0.000044s ]
INFO: [ template_filter ] --END-- [ RunTime:0.000107s ]
INFO: Run Behavior\ParseTemplateBehavior [ RunTime:0.011662s ]
INFO: [ view_parse ] --END-- [ RunTime:0.011723s ]
INFO: [ view_filter ] --START--
INFO: Run Behavior\WriteHtmlCacheBehavior [ RunTime:0.000624s ]
INFO: [ view_filter ] --END-- [ RunTime:0.000673s ]
INFO: [ app_end ] --START--
INFO: Run Behavior\ShowPageTraceBehavior [ RunTime:0.001074s ]
INFO: [ app_end ] --END-- [ RunTime:0.001134s ]

[ 2016-09-02T12:21:50+08:00 ] ::1 /YunPan/index.php/Home/Yun/index/parent_id/2
INFO: [ app_begin ] --START--
INFO: Run Behavior\ReadHtmlCacheBehavior [ RunTime:0.001503s ]
INFO: [ app_begin ] --END-- [ RunTime:0.002318s ]
SQL: SHOW COLUMNS FROM `pan_file_folder` [ RunTime:0.0006s ]
SQL: SELECT * FROM `pan_file_folder` WHERE ( user_id = 1 AND parent_id = 2 )  [ RunTime:0.0003s ]
SQL: SHOW COLUMNS FROM `pan_file` [ RunTime:0.0007s ]
SQL: SELECT * FROM `pan_file` WHERE ( user_id = 1 AND folder_id = 2 )  [ RunTime:0.0004s ]
SQL: SELECT * FROM `pan_file_folder` WHERE ( user_id = 1 AND id = 2 ) LIMIT 1   [ RunTime:0.0003s ]
INFO: [ view_parse ] --START--
INFO: [ template_filter ] --START--
INFO: Run Behavior\ContentReplaceBehavior [ RunTime:0.000031s ]
INFO: [ template_filter ] --END-- [ RunTime:0.000062s ]
INFO: Run Behavior\ParseTemplateBehavior [ RunTime:0.007451s ]
INFO: [ view_parse ] --END-- [ RunTime:0.007487s ]
INFO: [ view_filter ] --START--
INFO: Run Behavior\WriteHtmlCacheBehavior [ RunTime:0.000437s ]
INFO: [ view_filter ] --END-- [ RunTime:0.000466s ]
INFO: [ app_end ] --START--
INFO: Run Behavior\ShowPageTraceBehavior [ RunTime:0.000599s ]
INFO: [ app_end ] --END-- [ RunTime:0.000637s ]

[ 2016-09-02T12:21:50+08:00 ] ::1 /YunPan/index.php/Home/Yun/index/parent_id/3
INFO: [ app_begin ] --START--
INFO: Run Behavior\ReadHtmlCacheBehavior [ RunTime:0.000785s ]
INFO: [ app_begin ] --END-- [ RunTime:0.001247s ]
SQL: SHOW COLUMNS FROM `pan_file_folder` [ RunTime:0.0008s ]
SQL: SELECT * FROM `pan_file_folder` WHERE ( user_id = 1 AND parent_id = 3 )  [ RunTime:0.0003s ]
SQL: SHOW COLUMNS FROM `pan_file` [ RunTime:0.0006s ]
SQL: SELECT * FROM `pan_file` WHERE ( user_id = 1 AND folder_id = 3 )  [ RunTime:0.0004s ]
SQL: SELECT * FROM `pan_file_folder` WHERE ( user_id = 1 AND id = 3 ) LIMIT 1   [ RunTime:0.0003s ]
INFO: [ view_parse ] --START--
INFO: [ template_filter ] --START--
INFO: Run Behavior\ContentReplaceBehavior [ RunTime:0.000034s ]
INFO: [ template_filter ] --END-- [ RunTime:0.000069s ]
INFO: Run Behavior\ParseTemplateBehavior [ RunTime:0.023782s ]
INFO: [ view_parse ] --END-- [ RunTime:0.023850s ]
INFO: [ view_filter ] --START--
INFO: Run Behavior\WriteHtmlCacheBehavior [ RunTime:0.000548s ]
INFO: [ view_filter ] --END-- [ RunTime:0.000591s ]
INFO: [ app_end ] --START--
INFO: Run Behavior\ShowPageTraceBehavior [ RunTime:0.000846s ]
INFO: [ app_end ] --END-- [ RunTime:0.000889s ]

[ 2016-09-02T12:22:06+08:00 ] ::1 /YunPan/index.php/Home/yun
INFO: [ app_begin ] --START--
INFO: Run Behavior\ReadHtmlCacheBehavior [ RunTime:0.000559s ]
INFO: [ app_begin ] --END-- [ RunTime:0.000909s ]
SQL: SHOW COLUMNS FROM `pan_file_folder` [ RunTime:0.0006s ]
SQL: SELECT * FROM `pan_file_folder` WHERE ( user_id = 1 AND parent_id = 0 )  [ RunTime:0.0003s ]
SQL: SHOW COLUMNS FROM `pan_file` [ RunTime:0.0007s ]
SQL: SELECT * FROM `pan_file` WHERE ( user_id = 1 AND folder_id = 0 )  [ RunTime:0.0009s ]
SQL: SELECT * FROM `pan_file_folder` WHERE ( user_id = 1 AND id = 0 ) LIMIT 1   [ RunTime:0.0004s ]
INFO: [ view_parse ] --START--
INFO: [ template_filter ] --START--
INFO: Run Behavior\ContentReplaceBehavior [ RunTime:0.000030s ]
INFO: [ template_filter ] --END-- [ RunTime:0.000060s ]
INFO: Run Behavior\ParseTemplateBehavior [ RunTime:0.006815s ]
INFO: [ view_parse ] --END-- [ RunTime:0.006867s ]
INFO: [ view_filter ] --START--
INFO: Run Behavior\WriteHtmlCacheBehavior [ RunTime:0.000391s ]
INFO: [ view_filter ] --END-- [ RunTime:0.000416s ]
INFO: [ app_end ] --START--
INFO: Run Behavior\ShowPageTraceBehavior [ RunTime:0.000759s ]
INFO: [ app_end ] --END-- [ RunTime:0.000817s ]

[ 2016-09-02T20:43:58+08:00 ] ::1 /YunPan/index.php/Home/Login/check
INFO: [ app_begin ] --START--
INFO: Run Behavior\ReadHtmlCacheBehavior [ RunTime:0.000997s ]
INFO: [ app_begin ] --END-- [ RunTime:0.001520s ]
SQL: SHOW COLUMNS FROM `pan_user` [ RunTime:0.1687s ]
SQL: SELECT * FROM `pan_user` WHERE ( username = 'admin' AND password = 'e10adc3949ba59abbe56e057f20f883e' ) LIMIT 1   [ RunTime:0.0013s ]
INFO: [ app_end ] --START--
INFO: Run Behavior\ShowPageTraceBehavior [ RunTime:0.001073s ]
INFO: [ app_end ] --END-- [ RunTime:0.001141s ]

[ 2016-09-02T20:44:03+08:00 ] ::1 /YunPan/index.php/Home/yun
INFO: [ app_begin ] --START--
INFO: Run Behavior\ReadHtmlCacheBehavior [ RunTime:0.001053s ]
INFO: [ app_begin ] --END-- [ RunTime:0.001572s ]
SQL: SHOW COLUMNS FROM `pan_file_folder` [ RunTime:0.0009s ]
SQL: SELECT * FROM `pan_file_folder` WHERE ( user_id = 1 AND parent_id = 0 )  [ RunTime:0.0004s ]
SQL: SHOW COLUMNS FROM `pan_file` [ RunTime:0.0007s ]
SQL: SELECT * FROM `pan_file` WHERE ( user_id = 1 AND folder_id = 0 )  [ RunTime:0.0008s ]
SQL: SELECT * FROM `pan_file_folder` WHERE ( user_id = 1 AND id = 0 ) LIMIT 1   [ RunTime:0.0003s ]
INFO: [ view_parse ] --START--
INFO: [ template_filter ] --START--
INFO: Run Behavior\ContentReplaceBehavior [ RunTime:0.000032s ]
INFO: [ template_filter ] --END-- [ RunTime:0.000062s ]
INFO: Run Behavior\ParseTemplateBehavior [ RunTime:0.027212s ]
INFO: [ view_parse ] --END-- [ RunTime:0.027265s ]
INFO: [ view_filter ] --START--
INFO: Run Behavior\WriteHtmlCacheBehavior [ RunTime:0.000321s ]
INFO: [ view_filter ] --END-- [ RunTime:0.000343s ]
INFO: [ app_end ] --START--
INFO: Run Behavior\ShowPageTraceBehavior [ RunTime:0.001026s ]
INFO: [ app_end ] --END-- [ RunTime:0.001097s ]

[ 2016-09-02T20:44:05+08:00 ] ::1 /YunPan/index.php/Home/yun
INFO: [ app_begin ] --START--
INFO: Run Behavior\ReadHtmlCacheBehavior [ RunTime:0.000620s ]
INFO: [ app_begin ] --END-- [ RunTime:0.001710s ]
SQL: SHOW COLUMNS FROM `pan_file_folder` [ RunTime:0.0009s ]
SQL: SELECT * FROM `pan_file_folder` WHERE ( user_id = 1 AND parent_id = 0 )  [ RunTime:0.0005s ]
SQL: SHOW COLUMNS FROM `pan_file` [ RunTime:0.0007s ]
SQL: SELECT * FROM `pan_file` WHERE ( user_id = 1 AND folder_id = 0 )  [ RunTime:0.0007s ]
SQL: SELECT * FROM `pan_file_folder` WHERE ( user_id = 1 AND id = 0 ) LIMIT 1   [ RunTime:0.0003s ]
INFO: [ view_parse ] --START--
INFO: [ template_filter ] --START--
INFO: Run Behavior\ContentReplaceBehavior [ RunTime:0.000045s ]
INFO: [ template_filter ] --END-- [ RunTime:0.000097s ]
INFO: Run Behavior\ParseTemplateBehavior [ RunTime:0.006321s ]
INFO: [ view_parse ] --END-- [ RunTime:0.006376s ]
INFO: [ view_filter ] --START--
INFO: Run Behavior\WriteHtmlCacheBehavior [ RunTime:0.000313s ]
INFO: [ view_filter ] --END-- [ RunTime:0.000343s ]
INFO: [ app_end ] --START--
INFO: Run Behavior\ShowPageTraceBehavior [ RunTime:0.000748s ]
INFO: [ app_end ] --END-- [ RunTime:0.000800s ]

[ 2016-09-02T20:44:10+08:00 ] ::1 /YunPan/index.php/Home/yun/picture
INFO: [ app_begin ] --START--
INFO: Run Behavior\ReadHtmlCacheBehavior [ RunTime:0.000766s ]
INFO: [ app_begin ] --END-- [ RunTime:0.001330s ]
SQL: SHOW COLUMNS FROM `pan_file` [ RunTime:0.0009s ]
SQL: SELECT * FROM `pan_file` WHERE `mime` LIKE 'image/%' AND `user_id` = '1'  [ RunTime:0.0007s ]
INFO: [ view_parse ] --START--
INFO: [ template_filter ] --START--
INFO: Run Behavior\ContentReplaceBehavior [ RunTime:0.000048s ]
INFO: [ template_filter ] --END-- [ RunTime:0.000101s ]
NOTIC: [8] Undefined variable: folder D:\Workspace\YunPan\App\Runtime\Cache\Home\bb745150f6f85e387b1ecbe121036224.php 第 18 行.
INFO: Run Behavior\ParseTemplateBehavior [ RunTime:0.042672s ]
INFO: [ view_parse ] --END-- [ RunTime:0.042732s ]
INFO: [ view_filter ] --START--
INFO: Run Behavior\WriteHtmlCacheBehavior [ RunTime:0.000406s ]
INFO: [ view_filter ] --END-- [ RunTime:0.000449s ]
INFO: [ app_end ] --START--
INFO: Run Behavior\ShowPageTraceBehavior [ RunTime:0.000666s ]
INFO: [ app_end ] --END-- [ RunTime:0.000710s ]

[ 2016-09-02T20:44:10+08:00 ] ::1 /YunPan/index.php/Home/yun/video
INFO: [ app_begin ] --START--
INFO: Run Behavior\ReadHtmlCacheBehavior [ RunTime:0.000626s ]
INFO: [ app_begin ] --END-- [ RunTime:0.001137s ]
SQL: SHOW COLUMNS FROM `pan_file` [ RunTime:0.0012s ]
SQL: SELECT * FROM `pan_file` WHERE `mime` LIKE 'video/%' AND `user_id` = '1'  [ RunTime:0.0007s ]
INFO: [ view_parse ] --START--
INFO: [ template_filter ] --START--
INFO: Run Behavior\ContentReplaceBehavior [ RunTime:0.000048s ]
INFO: [ template_filter ] --END-- [ RunTime:0.000111s ]
NOTIC: [8] Undefined variable: folder D:\Workspace\YunPan\App\Runtime\Cache\Home\bb745150f6f85e387b1ecbe121036224.php 第 18 行.
INFO: Run Behavior\ParseTemplateBehavior [ RunTime:0.008592s ]
INFO: [ view_parse ] --END-- [ RunTime:0.008640s ]
INFO: [ view_filter ] --START--
INFO: Run Behavior\WriteHtmlCacheBehavior [ RunTime:0.000322s ]
INFO: [ view_filter ] --END-- [ RunTime:0.000359s ]
INFO: [ app_end ] --START--
INFO: Run Behavior\ShowPageTraceBehavior [ RunTime:0.000641s ]
INFO: [ app_end ] --END-- [ RunTime:0.000684s ]

[ 2016-09-02T20:44:11+08:00 ] ::1 /YunPan/index.php/Home/yun
INFO: [ app_begin ] --START--
INFO: Run Behavior\ReadHtmlCacheBehavior [ RunTime:0.000415s ]
INFO: [ app_begin ] --END-- [ RunTime:0.001011s ]
SQL: SHOW COLUMNS FROM `pan_file_folder` [ RunTime:0.0014s ]
SQL: SELECT * FROM `pan_file_folder` WHERE ( user_id = 1 AND parent_id = 0 )  [ RunTime:0.0003s ]
SQL: SHOW COLUMNS FROM `pan_file` [ RunTime:0.0006s ]
SQL: SELECT * FROM `pan_file` WHERE ( user_id = 1 AND folder_id = 0 )  [ RunTime:0.0007s ]
SQL: SELECT * FROM `pan_file_folder` WHERE ( user_id = 1 AND id = 0 ) LIMIT 1   [ RunTime:0.0003s ]
INFO: [ view_parse ] --START--
INFO: [ template_filter ] --START--
INFO: Run Behavior\ContentReplaceBehavior [ RunTime:0.000030s ]
INFO: [ template_filter ] --END-- [ RunTime:0.000061s ]
INFO: Run Behavior\ParseTemplateBehavior [ RunTime:0.005891s ]
INFO: [ view_parse ] --END-- [ RunTime:0.005936s ]
INFO: [ view_filter ] --START--
INFO: Run Behavior\WriteHtmlCacheBehavior [ RunTime:0.000254s ]
INFO: [ view_filter ] --END-- [ RunTime:0.000282s ]
INFO: [ app_end ] --START--
INFO: Run Behavior\ShowPageTraceBehavior [ RunTime:0.000695s ]
INFO: [ app_end ] --END-- [ RunTime:0.000744s ]

[ 2016-09-02T22:27:41+08:00 ] ::1 /YunPan/index.php/Home/Login/check
INFO: [ app_begin ] --START--
INFO: Run Behavior\ReadHtmlCacheBehavior [ RunTime:0.000583s ]
INFO: [ app_begin ] --END-- [ RunTime:0.001101s ]
SQL: SHOW COLUMNS FROM `pan_user` [ RunTime:0.6959s ]
SQL: SELECT * FROM `pan_user` WHERE ( username = 'admin' AND password = 'e10adc3949ba59abbe56e057f20f883e' ) LIMIT 1   [ RunTime:0.1474s ]
INFO: [ app_end ] --START--
INFO: Run Behavior\ShowPageTraceBehavior [ RunTime:0.001217s ]
INFO: [ app_end ] --END-- [ RunTime:0.001335s ]

[ 2016-09-02T22:27:44+08:00 ] ::1 /YunPan/index.php/Home/yun
INFO: [ app_begin ] --START--
INFO: Run Behavior\ReadHtmlCacheBehavior [ RunTime:0.000567s ]
INFO: [ app_begin ] --END-- [ RunTime:0.000916s ]
SQL: SHOW COLUMNS FROM `pan_file_folder` [ RunTime:0.0467s ]
SQL: SELECT * FROM `pan_file_folder` WHERE ( user_id = 1 AND parent_id = 0 )  [ RunTime:0.0007s ]
SQL: SHOW COLUMNS FROM `pan_file` [ RunTime:0.0010s ]
SQL: SELECT * FROM `pan_file` WHERE ( user_id = 1 AND folder_id = 0 )  [ RunTime:0.0012s ]
SQL: SELECT * FROM `pan_file_folder` WHERE ( user_id = 1 AND id = 0 ) LIMIT 1   [ RunTime:0.0008s ]
INFO: [ view_parse ] --START--
INFO: [ template_filter ] --START--
INFO: Run Behavior\ContentReplaceBehavior [ RunTime:0.000050s ]
INFO: [ template_filter ] --END-- [ RunTime:0.000109s ]
INFO: Run Behavior\ParseTemplateBehavior [ RunTime:0.026387s ]
INFO: [ view_parse ] --END-- [ RunTime:0.026453s ]
INFO: [ view_filter ] --START--
INFO: Run Behavior\WriteHtmlCacheBehavior [ RunTime:0.000487s ]
INFO: [ view_filter ] --END-- [ RunTime:0.000529s ]
INFO: [ app_end ] --START--
INFO: Run Behavior\ShowPageTraceBehavior [ RunTime:0.000715s ]
INFO: [ app_end ] --END-- [ RunTime:0.000776s ]

[ 2016-09-02T22:27:50+08:00 ] ::1 /YunPan/index.php/Home/Yun/index/parent_id/1
INFO: [ app_begin ] --START--
INFO: Run Behavior\ReadHtmlCacheBehavior [ RunTime:0.000661s ]
INFO: [ app_begin ] --END-- [ RunTime:0.001123s ]
SQL: SHOW COLUMNS FROM `pan_file_folder` [ RunTime:0.0010s ]
SQL: SELECT * FROM `pan_file_folder` WHERE ( user_id = 1 AND parent_id = 1 )  [ RunTime:0.0004s ]
SQL: SHOW COLUMNS FROM `pan_file` [ RunTime:0.0011s ]
SQL: SELECT * FROM `pan_file` WHERE ( user_id = 1 AND folder_id = 1 )  [ RunTime:0.0010s ]
SQL: SELECT * FROM `pan_file_folder` WHERE ( user_id = 1 AND id = 1 ) LIMIT 1   [ RunTime:0.0021s ]
INFO: [ view_parse ] --START--
INFO: [ template_filter ] --START--
INFO: Run Behavior\ContentReplaceBehavior [ RunTime:0.000048s ]
INFO: [ template_filter ] --END-- [ RunTime:0.000105s ]
INFO: Run Behavior\ParseTemplateBehavior [ RunTime:0.010080s ]
INFO: [ view_parse ] --END-- [ RunTime:0.010153s ]
INFO: [ view_filter ] --START--
INFO: Run Behavior\WriteHtmlCacheBehavior [ RunTime:0.000341s ]
INFO: [ view_filter ] --END-- [ RunTime:0.000421s ]
INFO: [ app_end ] --START--
INFO: Run Behavior\ShowPageTraceBehavior [ RunTime:0.000693s ]
INFO: [ app_end ] --END-- [ RunTime:0.000753s ]

[ 2016-09-02T22:27:50+08:00 ] ::1 /YunPan/index.php/Home/Yun/index/parent_id/2
INFO: [ app_begin ] --START--
INFO: Run Behavior\ReadHtmlCacheBehavior [ RunTime:0.001755s ]
INFO: [ app_begin ] --END-- [ RunTime:0.003035s ]
SQL: SHOW COLUMNS FROM `pan_file_folder` [ RunTime:0.0012s ]
SQL: SELECT * FROM `pan_file_folder` WHERE ( user_id = 1 AND parent_id = 2 )  [ RunTime:0.0004s ]
SQL: SHOW COLUMNS FROM `pan_file` [ RunTime:0.0008s ]
SQL: SELECT * FROM `pan_file` WHERE ( user_id = 1 AND folder_id = 2 )  [ RunTime:0.0005s ]
SQL: SELECT * FROM `pan_file_folder` WHERE ( user_id = 1 AND id = 2 ) LIMIT 1   [ RunTime:0.0006s ]
INFO: [ view_parse ] --START--
INFO: [ template_filter ] --START--
INFO: Run Behavior\ContentReplaceBehavior [ RunTime:0.000250s ]
INFO: [ template_filter ] --END-- [ RunTime:0.000507s ]
INFO: Run Behavior\ParseTemplateBehavior [ RunTime:0.010401s ]
INFO: [ view_parse ] --END-- [ RunTime:0.010491s ]
INFO: [ view_filter ] --START--
INFO: Run Behavior\WriteHtmlCacheBehavior [ RunTime:0.000388s ]
INFO: [ view_filter ] --END-- [ RunTime:0.000431s ]
INFO: [ app_end ] --START--
INFO: Run Behavior\ShowPageTraceBehavior [ RunTime:0.000673s ]
INFO: [ app_end ] --END-- [ RunTime:0.000718s ]

[ 2016-09-02T22:27:51+08:00 ] ::1 /YunPan/index.php/Home/Yun/index/parent_id/3
INFO: [ app_begin ] --START--
INFO: Run Behavior\ReadHtmlCacheBehavior [ RunTime:0.000753s ]
INFO: [ app_begin ] --END-- [ RunTime:0.001260s ]
SQL: SHOW COLUMNS FROM `pan_file_folder` [ RunTime:0.0009s ]
SQL: SELECT * FROM `pan_file_folder` WHERE ( user_id = 1 AND parent_id = 3 )  [ RunTime:0.0007s ]
SQL: SHOW COLUMNS FROM `pan_file` [ RunTime:0.0013s ]
SQL: SELECT * FROM `pan_file` WHERE ( user_id = 1 AND folder_id = 3 )  [ RunTime:0.0006s ]
SQL: SELECT * FROM `pan_file_folder` WHERE ( user_id = 1 AND id = 3 ) LIMIT 1   [ RunTime:0.0003s ]
INFO: [ view_parse ] --START--
INFO: [ template_filter ] --START--
INFO: Run Behavior\ContentReplaceBehavior [ RunTime:0.000049s ]
INFO: [ template_filter ] --END-- [ RunTime:0.000106s ]
INFO: Run Behavior\ParseTemplateBehavior [ RunTime:0.010037s ]
INFO: [ view_parse ] --END-- [ RunTime:0.010168s ]
INFO: [ view_filter ] --START--
INFO: Run Behavior\WriteHtmlCacheBehavior [ RunTime:0.000557s ]
INFO: [ view_filter ] --END-- [ RunTime:0.000604s ]
INFO: [ app_end ] --START--
INFO: Run Behavior\ShowPageTraceBehavior [ RunTime:0.000753s ]
INFO: [ app_end ] --END-- [ RunTime:0.000805s ]

[ 2016-09-02T22:27:57+08:00 ] ::1 /YunPan/index.php/Home/yun
INFO: [ app_begin ] --START--
INFO: Run Behavior\ReadHtmlCacheBehavior [ RunTime:0.000755s ]
INFO: [ app_begin ] --END-- [ RunTime:0.001351s ]
SQL: SHOW COLUMNS FROM `pan_file_folder` [ RunTime:0.0009s ]
SQL: SELECT * FROM `pan_file_folder` WHERE ( user_id = 1 AND parent_id = 0 )  [ RunTime:0.0005s ]
SQL: SHOW COLUMNS FROM `pan_file` [ RunTime:0.0009s ]
SQL: SELECT * FROM `pan_file` WHERE ( user_id = 1 AND folder_id = 0 )  [ RunTime:0.0011s ]
SQL: SELECT * FROM `pan_file_folder` WHERE ( user_id = 1 AND id = 0 ) LIMIT 1   [ RunTime:0.0004s ]
INFO: [ view_parse ] --START--
INFO: [ template_filter ] --START--
INFO: Run Behavior\ContentReplaceBehavior [ RunTime:0.000048s ]
INFO: [ template_filter ] --END-- [ RunTime:0.000097s ]
INFO: Run Behavior\ParseTemplateBehavior [ RunTime:0.007807s ]
INFO: [ view_parse ] --END-- [ RunTime:0.007862s ]
INFO: [ view_filter ] --START--
INFO: Run Behavior\WriteHtmlCacheBehavior [ RunTime:0.000283s ]
INFO: [ view_filter ] --END-- [ RunTime:0.000311s ]
INFO: [ app_end ] --START--
INFO: Run Behavior\ShowPageTraceBehavior [ RunTime:0.000723s ]
INFO: [ app_end ] --END-- [ RunTime:0.000785s ]

