[ 2016-08-28T01:18:56+08:00 ] ::1 /YunPan/index.php/Homeyun
ERR: 无法加载模块:Homeyun

[ 2016-08-28T01:18:57+08:00 ] ::1 /YunPan/index.php/Homeyun
ERR: 无法加载模块:Homeyun

[ 2016-08-28T01:18:58+08:00 ] ::1 /YunPan/index.php/Homeyun/picture
ERR: 无法加载模块:Homeyun

[ 2016-08-28T01:18:59+08:00 ] ::1 /YunPan/index.php/Homeyun/video
ERR: 无法加载模块:Homeyun

[ 2016-08-28T01:19:13+08:00 ] ::1 /YunPan/index.php/Homeyun
ERR: 无法加载模块:Homeyun

[ 2016-08-28T01:19:14+08:00 ] ::1 /YunPan/index.php/Homeyun
ERR: 无法加载模块:Homeyun

[ 2016-08-28T01:19:15+08:00 ] ::1 /YunPan/index.php/Homeyun/picture
ERR: 无法加载模块:Homeyun

[ 2016-08-28T01:19:15+08:00 ] ::1 /YunPan/index.php/Homeyun/video
ERR: 无法加载模块:Homeyun

[ 2016-08-28T01:19:15+08:00 ] ::1 /YunPan/index.php/Homeyun/music
ERR: 无法加载模块:Homeyun

[ 2016-08-28T08:33:50+08:00 ] ::1 /YunPan/index.php/Yun
ERR: 无法加载模块:Yun

[ 2016-08-28T16:16:06+08:00 ] ::1 /YunPan/index.php/Download?id=1
ERR: 无法加载模块:Download

