[ 2016-08-26T19:56:43+08:00 ] ::1 /YunPan/index.php/Login/
INFO: [ app_init ] --START--
INFO: Run Behavior\BuildLiteBehavior [ RunTime:0.000014s ]
INFO: [ app_init ] --END-- [ RunTime:0.000476s ]
ERR: 无法加载模块:Login

[ 2016-08-26T19:57:06+08:00 ] ::1 /YunPan/index.php/Index
INFO: [ app_init ] --START--
INFO: Run Behavior\BuildLiteBehavior [ RunTime:0.000010s ]
INFO: [ app_init ] --END-- [ RunTime:0.000371s ]
ERR: 无法加载模块:Index

[ 2016-08-26T19:57:42+08:00 ] ::1 /YunPan/index.php/m=Index&a=index
INFO: [ app_init ] --START--
INFO: Run Behavior\BuildLiteBehavior [ RunTime:0.000013s ]
INFO: [ app_init ] --END-- [ RunTime:0.000388s ]
ERR: 无法加载模块:M=Index&a=index

[ 2016-08-26T19:57:57+08:00 ] ::1 /YunPan/index.php/Login/
INFO: [ app_init ] --START--
INFO: Run Behavior\BuildLiteBehavior [ RunTime:0.000011s ]
INFO: [ app_init ] --END-- [ RunTime:0.000328s ]
ERR: 无法加载模块:Login

[ 2016-08-26T20:01:04+08:00 ] ::1 /YunPan/index.php/Login/checklogin?username=admin&password=123456
INFO: [ app_init ] --START--
INFO: Run Behavior\BuildLiteBehavior [ RunTime:0.000009s ]
INFO: [ app_init ] --END-- [ RunTime:0.000364s ]
ERR: 无法加载模块:Login

[ 2016-08-26T20:02:14+08:00 ] ::1 /YunPan/index.php/Login/checklogin?username=admin&password=123456
INFO: [ app_init ] --START--
INFO: Run Behavior\BuildLiteBehavior [ RunTime:0.000008s ]
INFO: [ app_init ] --END-- [ RunTime:0.000332s ]
ERR: 无法加载模块:Login

[ 2016-08-26T20:02:18+08:00 ] ::1 /YunPan/index.php/Login/
INFO: [ app_init ] --START--
INFO: Run Behavior\BuildLiteBehavior [ RunTime:0.000009s ]
INFO: [ app_init ] --END-- [ RunTime:0.000298s ]
ERR: 无法加载模块:Login

[ 2016-08-26T20:23:14+08:00 ] ::1 /YunPan/index.php/Login/check?username=admin&password=123456
INFO: [ app_init ] --START--
INFO: Run Behavior\BuildLiteBehavior [ RunTime:0.000015s ]
INFO: [ app_init ] --END-- [ RunTime:0.000599s ]
ERR: 无法加载模块:Login

[ 2016-08-26T20:23:26+08:00 ] ::1 /YunPan/index.php/Login/check?username=admin&password=123456
INFO: [ app_init ] --START--
INFO: Run Behavior\BuildLiteBehavior [ RunTime:0.000013s ]
INFO: [ app_init ] --END-- [ RunTime:0.000437s ]
ERR: 无法加载模块:Login

[ 2016-08-26T20:23:27+08:00 ] ::1 /YunPan/index.php/Login/check?username=admin&password=123456
INFO: [ app_init ] --START--
INFO: Run Behavior\BuildLiteBehavior [ RunTime:0.000015s ]
INFO: [ app_init ] --END-- [ RunTime:0.000681s ]
ERR: 无法加载模块:Login

[ 2016-08-26T20:23:29+08:00 ] ::1 /YunPan/index.php/Login/check?username=admin&password=123456
INFO: [ app_init ] --START--
INFO: Run Behavior\BuildLiteBehavior [ RunTime:0.000014s ]
INFO: [ app_init ] --END-- [ RunTime:0.000319s ]
ERR: 无法加载模块:Login

[ 2016-08-26T20:23:46+08:00 ] ::1 /YunPan/index.php/Login/
INFO: [ app_init ] --START--
INFO: Run Behavior\BuildLiteBehavior [ RunTime:0.000018s ]
INFO: [ app_init ] --END-- [ RunTime:0.000325s ]
ERR: 无法加载模块:Login

[ 2016-08-26T20:35:04+08:00 ] ::1 /YunPan/index.php/Login/
ERR: 无法加载模块:Login

[ 2016-08-26T21:38:06+08:00 ] ::1 /YunPan/index.php/Login/
ERR: 无法加载模块:Login

[ 2016-08-26T21:41:49+08:00 ] ::1 /YunPan/index.php/Login/
ERR: 无法加载模块:Login

[ 2016-08-26T22:06:59+08:00 ] ::1 /yunpan/index.php/Login/login.html
ERR: 无法加载模块:Login

